{"numFailedTestSuites":0,"numFailedTests":0,"numPassedTestSuites":19,"numPassedTests":119,"numPendingTestSuites":0,"numPendingTests":0,"numRuntimeErrorTestSuites":0,"numTodoTests":0,"numTotalTestSuites":19,"numTotalTests":119,"openHandles":[],"snapshot":{"added":0,"didUpdate":false,"failure":false,"filesAdded":0,"filesRemoved":0,"filesRemovedList":[],"filesUnmatched":0,"filesUpdated":0,"matched":0,"total":0,"unchecked":0,"uncheckedKeysByFile":[],"unmatched":0,"updated":0},"startTime":1784731644501,"success":true,"testResults":[{"assertionResults":[{"ancestorTitles":["LessonsService"],"duration":16,"failing":false,"failureDetails":[],"failureMessages":[],"fullName":"LessonsService should be defined","invocations":1,"location":null,"numPassingAsserts":1,"retryReasons":[],"startAt":1784731650258,"status":"passed","title":"should be defined"},{"ancestorTitles":["LessonsService","bookLesson"],"duration":7,"failing":false,"failureDetails":[],"failureMessages":[],"fullName":"LessonsService bookLesson creates lesson with PENDING status and inactive classroom","invocations":1,"location":null,"numPassingAsserts":3,"retryReasons":[],"startAt":1784731650275,"status":"passed","title":"creates lesson with PENDING status and inactive classroom"},{"ancestorTitles":["LessonsService","bookLesson"],"duration":31,"failing":false,"failureDetails":[],"failureMessages":[],"fullName":"LessonsService bookLesson throws if tutor not found","invocations":1,"location":null,"numPassingAsserts":1,"retryReasons":[],"startAt":1784731650282,"status":"passed","title":"throws if tutor not found"},{"ancestorTitles":["LessonsService","bookLesson"],"duration":4,"failing":false,"failureDetails":[],"failureMessages":[],"fullName":"LessonsService bookLesson throws if tutor not approved","invocations":1,"location":null,"numPassingAsserts":1,"retryReasons":[],"startAt":1784731650313,"status":"passed","title":"throws if tutor not approved"},{"ancestorTitles":["LessonsService","bookLesson"],"duration":3,"failing":false,"failureDetails":[],"failureMessages":[],"fullName":"LessonsService bookLesson throws if scheduled time is in the past","invocations":1,"location":null,"numPassingAsserts":1,"retryReasons":[],"startAt":1784731650317,"status":"passed","title":"throws if scheduled time is in the past"},{"ancestorTitles":["LessonsService","bookLesson"],"duration":2,"failing":false,"failureDetails":[],"failureMessages":[],"fullName":"LessonsService bookLesson throws if tutor has no availability on the selected day","invocations":1,"location":null,"numPassingAsserts":1,"retryReasons":[],"startAt":1784731650320,"status":"passed","title":"throws if tutor has no availability on the selected day"},{"ancestorTitles":["LessonsService","bookLesson"],"duration":2,"failing":false,"failureDetails":[],"failureMessages":[],"fullName":"LessonsService bookLesson does not deduct balance at booking time","invocations":1,"location":null,"numPassingAsserts":2,"retryReasons":[],"startAt":1784731650323,"status":"passed","title":"does not deduct balance at booking time"},{"ancestorTitles":["LessonsService","bookLesson"],"duration":2,"failing":false,"failureDetails":[],"failureMessages":[],"fullName":"LessonsService bookLesson sends email to tutor and student","invocations":1,"location":null,"numPassingAsserts":1,"retryReasons":[],"startAt":1784731650325,"status":"passed","title":"sends email to tutor and student"},{"ancestorTitles":["LessonsService","approveLesson"],"duration":4,"failing":false,"failureDetails":[],"failureMessages":[],"fullName":"LessonsService approveLesson approves lesson, deducts student balance, and creates meet link","invocations":1,"location":null,"numPassingAsserts":6,"retryReasons":[],"startAt":1784731650327,"status":"passed","title":"approves lesson, deducts student balance, and creates meet link"},{"ancestorTitles":["LessonsService","approveLesson"],"duration":3,"failing":false,"failureDetails":[],"failureMessages":[],"fullName":"LessonsService approveLesson throws if lesson not found","invocations":1,"location":null,"numPassingAsserts":1,"retryReasons":[],"startAt":1784731650331,"status":"passed","title":"throws if lesson not found"},{"ancestorTitles":["LessonsService","approveLesson"],"duration":2,"failing":false,"failureDetails":[],"failureMessages":[],"fullName":"LessonsService approveLesson throws if tutor not owner","invocations":1,"location":null,"numPassingAsserts":1,"retryReasons":[],"startAt":1784731650334,"status":"passed","title":"throws if tutor not owner"},{"ancestorTitles":["LessonsService","approveLesson"],"duration":2,"failing":false,"failureDetails":[],"failureMessages":[],"fullName":"LessonsService approveLesson throws if lesson not pending","invocations":1,"location":null,"numPassingAsserts":1,"retryReasons":[],"startAt":1784731650336,"status":"passed","title":"throws if lesson not pending"},{"ancestorTitles":["LessonsService","approveLesson"],"duration":2,"failing":false,"failureDetails":[],"failureMessages":[],"fullName":"LessonsService approveLesson throws if student has insufficient balance at approval","invocations":1,"location":null,"numPassingAsserts":1,"retryReasons":[],"startAt":1784731650338,"status":"passed","title":"throws if student has insufficient balance at approval"},{"ancestorTitles":["LessonsService","rejectLesson"],"duration":2,"failing":false,"failureDetails":[],"failureMessages":[],"fullName":"LessonsService rejectLesson rejects lesson and sets status to CANCELLED","invocations":1,"location":null,"numPassingAsserts":3,"retryReasons":[],"startAt":1784731650340,"status":"passed","title":"rejects lesson and sets status to CANCELLED"},{"ancestorTitles":["LessonsService","rejectLesson"],"duration":2,"failing":false,"failureDetails":[],"failureMessages":[],"fullName":"LessonsService rejectLesson throws if lesson not found","invocations":1,"location":null,"numPassingAsserts":1,"retryReasons":[],"startAt":1784731650342,"status":"passed","title":"throws if lesson not found"},{"ancestorTitles":["LessonsService","rejectLesson"],"duration":2,"failing":false,"failureDetails":[],"failureMessages":[],"fullName":"LessonsService rejectLesson throws if tutor not owner","invocations":1,"location":null,"numPassingAsserts":1,"retryReasons":[],"startAt":1784731650344,"status":"passed","title":"throws if tutor not owner"},{"ancestorTitles":["LessonsService","rejectLesson"],"duration":3,"failing":false,"failureDetails":[],"failureMessages":[],"fullName":"LessonsService rejectLesson throws if lesson not pending","invocations":1,"location":null,"numPassingAsserts":1,"retryReasons":[],"startAt":1784731650346,"status":"passed","title":"throws if lesson not pending"},{"ancestorTitles":["LessonsService","completeLesson"],"duration":4,"failing":false,"failureDetails":[],"failureMessages":[],"fullName":"LessonsService completeLesson completes lesson and pays tutor","invocations":1,"location":null,"numPassingAsserts":4,"retryReasons":[],"startAt":1784731650349,"status":"passed","title":"completes lesson and pays tutor"},{"ancestorTitles":["LessonsService","completeLesson"],"duration":2,"failing":false,"failureDetails":[],"failureMessages":[],"fullName":"LessonsService completeLesson throws if lesson not found","invocations":1,"location":null,"numPassingAsserts":1,"retryReasons":[],"startAt":1784731650353,"status":"passed","title":"throws if lesson not found"},{"ancestorTitles":["LessonsService","completeLesson"],"duration":2,"failing":false,"failureDetails":[],"failureMessages":[],"fullName":"LessonsService completeLesson throws if lesson not confirmed","invocations":1,"location":null,"numPassingAsserts":1,"retryReasons":[],"startAt":1784731650355,"status":"passed","title":"throws if lesson not confirmed"},{"ancestorTitles":["LessonsService","completeLesson"],"duration":2,"failing":false,"failureDetails":[],"failureMessages":[],"fullName":"LessonsService completeLesson throws if lesson has not started yet","invocations":1,"location":null,"numPassingAsserts":1,"retryReasons":[],"startAt":1784731650357,"status":"passed","title":"throws if lesson has not started yet"},{"ancestorTitles":["LessonsService","cancelLesson"],"duration":2,"failing":false,"failureDetails":[],"failureMessages":[],"fullName":"LessonsService cancelLesson cancels lesson and refunds student if tutor cancels","invocations":1,"location":null,"numPassingAsserts":4,"retryReasons":[],"startAt":1784731650359,"status":"passed","title":"cancels lesson and refunds student if tutor cancels"},{"ancestorTitles":["LessonsService","cancelLesson"],"duration":2,"failing":false,"failureDetails":[],"failureMessages":[],"fullName":"LessonsService cancelLesson refunds student if cancelled more than 24h before","invocations":1,"location":null,"numPassingAsserts":1,"retryReasons":[],"startAt":1784731650361,"status":"passed","title":"refunds student if cancelled more than 24h before"},{"ancestorTitles":["LessonsService","cancelLesson"],"duration":3,"failing":false,"failureDetails":[],"failureMessages":[],"fullName":"LessonsService cancelLesson refunds the exact charged amount for a confirmed lesson even within 24h","invocations":1,"location":null,"numPassingAsserts":3,"retryReasons":[],"startAt":1784731650363,"status":"passed","title":"refunds the exact charged amount for a confirmed lesson even within 24h"},{"ancestorTitles":["LessonsService","cancelLesson"],"duration":3,"failing":false,"failureDetails":[],"failureMessages":[],"fullName":"LessonsService cancelLesson does not create money when a pending lesson is cancelled","invocations":1,"location":null,"numPassingAsserts":3,"retryReasons":[],"startAt":1784731650366,"status":"passed","title":"does not create money when a pending lesson is cancelled"},{"ancestorTitles":["LessonsService","cancelLesson"],"duration":2,"failing":false,"failureDetails":[],"failureMessages":[],"fullName":"LessonsService cancelLesson throws if not participant","invocations":1,"location":null,"numPassingAsserts":1,"retryReasons":[],"startAt":1784731650369,"status":"passed","title":"throws if not participant"},{"ancestorTitles":["LessonsService","cancelLesson"],"duration":2,"failing":false,"failureDetails":[],"failureMessages":[],"fullName":"LessonsService cancelLesson throws if lesson already completed","invocations":1,"location":null,"numPassingAsserts":1,"retryReasons":[],"startAt":1784731650371,"status":"passed","title":"throws if lesson already completed"},{"ancestorTitles":["LessonsService","findLessonForParticipant"],"duration":2,"failing":false,"failureDetails":[],"failureMessages":[],"fullName":"LessonsService findLessonForParticipant returns lesson for a participant when classroom is active","invocations":1,"location":null,"numPassingAsserts":1,"retryReasons":[],"startAt":1784731650373,"status":"passed","title":"returns lesson for a participant when classroom is active"},{"ancestorTitles":["LessonsService","findLessonForParticipant"],"duration":1,"failing":false,"failureDetails":[],"failureMessages":[],"fullName":"LessonsService findLessonForParticipant throws if lesson is no longer available","invocations":1,"location":null,"numPassingAsserts":1,"retryReasons":[],"startAt":1784731650375,"status":"passed","title":"throws if lesson is no longer available"},{"ancestorTitles":["LessonsService","findUserLessons"],"duration":2,"failing":false,"failureDetails":[],"failureMessages":[],"fullName":"LessonsService findUserLessons returns paginated lessons for a student","invocations":1,"location":null,"numPassingAsserts":2,"retryReasons":[],"startAt":1784731650376,"status":"passed","title":"returns paginated lessons for a student"}],"endTime":1784731650380,"message":"","name":"C:\\Users\\user\\Downloads\\Free_job\\موقع تعليم\\apps\\api\\src\\lessons\\lessons.service.spec.ts","startTime":1784731645020,"status":"passed","summary":""},{"assertionResults":[{"ancestorTitles":["PaymentsController"],"duration":7,"failing":false,"failureDetails":[],"failureMessages":[],"fullName":"PaymentsController should be defined","invocations":1,"location":null,"numPassingAsserts":1,"retryReasons":[],"startAt":1784731653032,"status":"passed","title":"should be defined"}],"endTime":1784731653040,"message":"","name":"C:\\Users\\user\\Downloads\\Free_job\\موقع تعليم\\apps\\api\\src\\payments\\payments.controller.spec.ts","startTime":1784731650395,"status":"passed","summary":""},{"assertionResults":[{"ancestorTitles":["B1 Preservation — Non-Datetime Booking Logic"],"duration":30,"failing":false,"failureDetails":[],"failureMessages":[],"fullName":"B1 Preservation — Non-Datetime Booking Logic should throw NotFoundException when tutor is not found","invocations":1,"location":null,"numPassingAsserts":1,"retryReasons":[],"startAt":1784731655097,"status":"passed","title":"should throw NotFoundException when tutor is not found"},{"ancestorTitles":["B1 Preservation — Non-Datetime Booking Logic"],"duration":5,"failing":false,"failureDetails":[],"failureMessages":[],"fullName":"B1 Preservation — Non-Datetime Booking Logic should throw BadRequestException when tutor is not APPROVED","invocations":1,"location":null,"numPassingAsserts":1,"retryReasons":[],"startAt":1784731655127,"status":"passed","title":"should throw BadRequestException when tutor is not APPROVED"},{"ancestorTitles":["B1 Preservation — Non-Datetime Booking Logic"],"duration":3,"failing":false,"failureDetails":[],"failureMessages":[],"fullName":"B1 Preservation — Non-Datetime Booking Logic should compute price as hourlyRate * durationMinutes / 60","invocations":1,"location":null,"numPassingAsserts":2,"retryReasons":[],"startAt":1784731655132,"status":"passed","title":"should compute price as hourlyRate * durationMinutes / 60"},{"ancestorTitles":["B1 Preservation — Non-Datetime Booking Logic"],"duration":3,"failing":false,"failureDetails":[],"failureMessages":[],"fullName":"B1 Preservation — Non-Datetime Booking Logic should create a Classroom entity during booking","invocations":1,"location":null,"numPassingAsserts":1,"retryReasons":[],"startAt":1784731655135,"status":"passed","title":"should create a Classroom entity during booking"},{"ancestorTitles":["B1 Preservation — Non-Datetime Booking Logic"],"duration":2,"failing":false,"failureDetails":[],"failureMessages":[],"fullName":"B1 Preservation — Non-Datetime Booking Logic should call Redis invalidation after booking","invocations":1,"location":null,"numPassingAsserts":2,"retryReasons":[],"startAt":1784731655138,"status":"passed","title":"should call Redis invalidation after booking"}],"endTime":1784731655141,"message":"","name":"C:\\Users\\user\\Downloads\\Free_job\\موقع تعليم\\apps\\api\\src\\lessons\\__tests__\\book-lesson-b1-preserve.spec.ts","startTime":1784731653048,"status":"passed","summary":""},{"assertionResults":[{"ancestorTitles":["AuthService"],"duration":5,"failing":false,"failureDetails":[],"failureMessages":[],"fullName":"AuthService should be defined","invocations":1,"location":null,"numPassingAsserts":1,"retryReasons":[],"startAt":1784731656393,"status":"passed","title":"should be defined"},{"ancestorTitles":["AuthService","register"],"duration":21,"failing":false,"failureDetails":[],"failureMessages":[],"fullName":"AuthService register throws ConflictException if email already exists","invocations":1,"location":null,"numPassingAsserts":1,"retryReasons":[],"startAt":1784731656399,"status":"passed","title":"throws ConflictException if email already exists"},{"ancestorTitles":["AuthService","register"],"duration":2,"failing":false,"failureDetails":[],"failureMessages":[],"fullName":"AuthService register registers a student role and creates student profile","invocations":1,"location":null,"numPassingAsserts":2,"retryReasons":[],"startAt":1784731656421,"status":"passed","title":"registers a student role and creates student profile"},{"ancestorTitles":["AuthService","register"],"duration":1,"failing":false,"failureDetails":[],"failureMessages":[],"fullName":"AuthService register registers a tutor role and creates tutor profile","invocations":1,"location":null,"numPassingAsserts":1,"retryReasons":[],"startAt":1784731656424,"status":"passed","title":"registers a tutor role and creates tutor profile"},{"ancestorTitles":["AuthService","login"],"duration":2,"failing":false,"failureDetails":[],"failureMessages":[],"fullName":"AuthService login returns auth response on valid credentials","invocations":1,"location":null,"numPassingAsserts":2,"retryReasons":[],"startAt":1784731656425,"status":"passed","title":"returns auth response on valid credentials"},{"ancestorTitles":["AuthService","login"],"duration":1,"failing":false,"failureDetails":[],"failureMessages":[],"fullName":"AuthService login throws UnauthorizedException if user not found","invocations":1,"location":null,"numPassingAsserts":1,"retryReasons":[],"startAt":1784731656428,"status":"passed","title":"throws UnauthorizedException if user not found"},{"ancestorTitles":["AuthService","login"],"duration":3,"failing":false,"failureDetails":[],"failureMessages":[],"fullName":"AuthService login throws UnauthorizedException if password is wrong","invocations":1,"location":null,"numPassingAsserts":1,"retryReasons":[],"startAt":1784731656429,"status":"passed","title":"throws UnauthorizedException if password is wrong"},{"ancestorTitles":["AuthService","getMe"],"duration":3,"failing":false,"failureDetails":[],"failureMessages":[],"fullName":"AuthService getMe returns user without passwordHash","invocations":1,"location":null,"numPassingAsserts":2,"retryReasons":[],"startAt":1784731656432,"status":"passed","title":"returns user without passwordHash"},{"ancestorTitles":["AuthService","getMe"],"duration":2,"failing":false,"failureDetails":[],"failureMessages":[],"fullName":"AuthService getMe throws if user not found","invocations":1,"location":null,"numPassingAsserts":1,"retryReasons":[],"startAt":1784731656435,"status":"passed","title":"throws if user not found"},{"ancestorTitles":["AuthService","forgotPassword"],"duration":1,"failing":false,"failureDetails":[],"failureMessages":[],"fullName":"AuthService forgotPassword sends reset email if user exists","invocations":1,"location":null,"numPassingAsserts":3,"retryReasons":[],"startAt":1784731656437,"status":"passed","title":"sends reset email if user exists"},{"ancestorTitles":["AuthService","forgotPassword"],"duration":2,"failing":false,"failureDetails":[],"failureMessages":[],"fullName":"AuthService forgotPassword returns same message even if user not found","invocations":1,"location":null,"numPassingAsserts":2,"retryReasons":[],"startAt":1784731656438,"status":"passed","title":"returns same message even if user not found"},{"ancestorTitles":["AuthService","resetPassword"],"duration":1,"failing":false,"failureDetails":[],"failureMessages":[],"fullName":"AuthService resetPassword resets password with valid token","invocations":1,"location":null,"numPassingAsserts":1,"retryReasons":[],"startAt":1784731656440,"status":"passed","title":"resets password with valid token"},{"ancestorTitles":["AuthService","resetPassword"],"duration":1,"failing":false,"failureDetails":[],"failureMessages":[],"fullName":"AuthService resetPassword throws if token is invalid","invocations":1,"location":null,"numPassingAsserts":1,"retryReasons":[],"startAt":1784731656441,"status":"passed","title":"throws if token is invalid"},{"ancestorTitles":["AuthService","logout"],"duration":1,"failing":false,"failureDetails":[],"failureMessages":[],"fullName":"AuthService logout clears session and rotates the refresh version","invocations":1,"location":null,"numPassingAsserts":2,"retryReasons":[],"startAt":1784731656443,"status":"passed","title":"clears session and rotates the refresh version"},{"ancestorTitles":["AuthService","deleteAccount"],"duration":1,"failing":false,"failureDetails":[],"failureMessages":[],"fullName":"AuthService deleteAccount soft deletes user and logs out","invocations":1,"location":null,"numPassingAsserts":2,"retryReasons":[],"startAt":1784731656444,"status":"passed","title":"soft deletes user and logs out"},{"ancestorTitles":["AuthService","refreshTokens"],"duration":2,"failing":false,"failureDetails":[],"failureMessages":[],"fullName":"AuthService refreshTokens returns new tokens with valid refresh token","invocations":1,"location":null,"numPassingAsserts":2,"retryReasons":[],"startAt":1784731656445,"status":"passed","title":"returns new tokens with valid refresh token"},{"ancestorTitles":["AuthService","refreshTokens"],"duration":3,"failing":false,"failureDetails":[],"failureMessages":[],"fullName":"AuthService refreshTokens throws if user not found","invocations":1,"location":null,"numPassingAsserts":1,"retryReasons":[],"startAt":1784731656447,"status":"passed","title":"throws if user not found"},{"ancestorTitles":["AuthService","refreshTokens"],"duration":2,"failing":false,"failureDetails":[],"failureMessages":[],"fullName":"AuthService refreshTokens throws if refresh token is revoked","invocations":1,"location":null,"numPassingAsserts":1,"retryReasons":[],"startAt":1784731656450,"status":"passed","title":"throws if refresh token is revoked"},{"ancestorTitles":["AuthService","refreshTokens"],"duration":5,"failing":false,"failureDetails":[],"failureMessages":[],"fullName":"AuthService refreshTokens throws if token is expired","invocations":1,"location":null,"numPassingAsserts":1,"retryReasons":[],"startAt":1784731656452,"status":"passed","title":"throws if token is expired"},{"ancestorTitles":["AuthService","handleGoogleLogin"],"duration":1,"failing":false,"failureDetails":[],"failureMessages":[],"fullName":"AuthService handleGoogleLogin returns auth response for existing google user","invocations":1,"location":null,"numPassingAsserts":1,"retryReasons":[],"startAt":1784731656458,"status":"passed","title":"returns auth response for existing google user"},{"ancestorTitles":["AuthService","handleGoogleLogin"],"duration":2,"failing":false,"failureDetails":[],"failureMessages":[],"fullName":"AuthService handleGoogleLogin creates new user if googleId not found","invocations":1,"location":null,"numPassingAsserts":1,"retryReasons":[],"startAt":1784731656459,"status":"passed","title":"creates new user if googleId not found"}],"endTime":1784731656462,"message":"","name":"C:\\Users\\user\\Downloads\\Free_job\\موقع تعليم\\apps\\api\\src\\auth\\auth.service.spec.ts","startTime":1784731655149,"status":"passed","summary":""},{"assertionResults":[{"ancestorTitles":["B1 Bug Condition — Midnight Timestamp Truncation"],"duration":7,"failing":false,"failureDetails":[],"failureMessages":[],"fullName":"B1 Bug Condition — Midnight Timestamp Truncation should preserve the full ISO datetime (hours/minutes/seconds) when booking a lesson","invocations":1,"location":null,"numPassingAsserts":4,"retryReasons":[],"startAt":1784731658465,"status":"passed","title":"should preserve the full ISO datetime (hours/minutes/seconds) when booking a lesson"}],"endTime":1784731658472,"message":"","name":"C:\\Users\\user\\Downloads\\Free_job\\موقع تعليم\\apps\\api\\src\\lessons\\__tests__\\book-lesson-b1-bug.spec.ts","startTime":1784731656468,"status":"passed","summary":""},{"assertionResults":[{"ancestorTitles":["GoogleStrategy"],"duration":2,"failing":false,"failureDetails":[],"failureMessages":[],"fullName":"GoogleStrategy can initialize safely when optional OAuth variables are empty","invocations":1,"location":null,"numPassingAsserts":1,"retryReasons":[],"startAt":1784731659880,"status":"passed","title":"can initialize safely when optional OAuth variables are empty"}],"endTime":1784731659883,"message":"","name":"C:\\Users\\user\\Downloads\\Free_job\\موقع تعليم\\apps\\api\\src\\auth\\strategies\\google.strategy.spec.ts","startTime":1784731658480,"status":"passed","summary":""},{"assertionResults":[{"ancestorTitles":["PaymentsService"],"duration":4,"failing":false,"failureDetails":[],"failureMessages":[],"fullName":"PaymentsService should be defined","invocations":1,"location":null,"numPassingAsserts":1,"retryReasons":[],"startAt":1784731661055,"status":"passed","title":"should be defined"},{"ancestorTitles":["PaymentsService"],"duration":4,"failing":false,"failureDetails":[],"failureMessages":[],"fullName":"PaymentsService keeps card payments pending until Stripe confirms them","invocations":1,"location":null,"numPassingAsserts":4,"retryReasons":[],"startAt":1784731661059,"status":"passed","title":"keeps card payments pending until Stripe confirms them"},{"ancestorTitles":["PaymentsService"],"duration":3,"failing":false,"failureDetails":[],"failureMessages":[],"fullName":"PaymentsService creates a direct Stripe course checkout for a guest email","invocations":1,"location":null,"numPassingAsserts":3,"retryReasons":[],"startAt":1784731661063,"status":"passed","title":"creates a direct Stripe course checkout for a guest email"},{"ancestorTitles":["PaymentsService"],"duration":2,"failing":false,"failureDetails":[],"failureMessages":[],"fullName":"PaymentsService keeps PayPal pending and redirects to a real PayPal approval URL","invocations":1,"location":null,"numPassingAsserts":6,"retryReasons":[],"startAt":1784731661066,"status":"passed","title":"keeps PayPal pending and redirects to a real PayPal approval URL"},{"ancestorTitles":["PaymentsService"],"duration":2,"failing":false,"failureDetails":[],"failureMessages":[],"fullName":"PaymentsService credits PayPal only after server-side capture verification","invocations":1,"location":null,"numPassingAsserts":3,"retryReasons":[],"startAt":1784731661069,"status":"passed","title":"credits PayPal only after server-side capture verification"},{"ancestorTitles":["PaymentsService"],"duration":2,"failing":false,"failureDetails":[],"failureMessages":[],"fullName":"PaymentsService credits an approved USD payment to the student wallet one-for-one","invocations":1,"location":null,"numPassingAsserts":1,"retryReasons":[],"startAt":1784731661071,"status":"passed","title":"credits an approved USD payment to the student wallet one-for-one"},{"ancestorTitles":["PaymentsService"],"duration":1,"failing":false,"failureDetails":[],"failureMessages":[],"fullName":"PaymentsService converts an approved EGP payment to USD before crediting the wallet","invocations":1,"location":null,"numPassingAsserts":1,"retryReasons":[],"startAt":1784731661073,"status":"passed","title":"converts an approved EGP payment to USD before crediting the wallet"},{"ancestorTitles":["PaymentsService"],"duration":2,"failing":false,"failureDetails":[],"failureMessages":[],"fullName":"PaymentsService revokes funded course access and reverses commissions on Stripe refund","invocations":1,"location":null,"numPassingAsserts":6,"retryReasons":[],"startAt":1784731661075,"status":"passed","title":"revokes funded course access and reverses commissions on Stripe refund"}],"endTime":1784731661078,"message":"","name":"C:\\Users\\user\\Downloads\\Free_job\\موقع تعليم\\apps\\api\\src\\payments\\payments.service.spec.ts","startTime":1784731659890,"status":"passed","summary":""},{"assertionResults":[{"ancestorTitles":["AdminPaymentsController phase 2 regression"],"duration":1,"failing":false,"failureDetails":[],"failureMessages":[],"fullName":"AdminPaymentsController phase 2 regression marks payout failed with a safe error message when Stripe throws a non-Error","invocations":1,"location":null,"numPassingAsserts":4,"retryReasons":[],"startAt":1784731662305,"status":"passed","title":"marks payout failed with a safe error message when Stripe throws a non-Error"},{"ancestorTitles":["AdminPaymentsController phase 2 regression"],"duration":0,"failing":false,"failureDetails":[],"failureMessages":[],"fullName":"AdminPaymentsController phase 2 regression marks payout SUCCESS and returns { message, amount } when Stripe succeeds (P2-I preservation)","invocations":1,"location":null,"numPassingAsserts":2,"retryReasons":[],"startAt":1784731662307,"status":"passed","title":"marks payout SUCCESS and returns { message, amount } when Stripe succeeds (P2-I preservation)"},{"ancestorTitles":["AdminPaymentsController phase 2 regression"],"duration":1,"failing":false,"failureDetails":[],"failureMessages":[],"fullName":"AdminPaymentsController phase 2 regression groups course commissions into a separate wallet for each tutor course","invocations":1,"location":null,"numPassingAsserts":1,"retryReasons":[],"startAt":1784731662307,"status":"passed","title":"groups course commissions into a separate wallet for each tutor course"}],"endTime":1784731662309,"message":"","name":"C:\\Users\\user\\Downloads\\Free_job\\موقع تعليم\\apps\\api\\src\\admin\\__tests__\\admin-payments.phase2.spec.ts","startTime":1784731661084,"status":"passed","summary":""},{"assertionResults":[{"ancestorTitles":["CoursesService course creation approval"],"duration":1,"failing":false,"failureDetails":[],"failureMessages":[],"fullName":"CoursesService course creation approval rejects course creation for a pending tutor","invocations":1,"location":null,"numPassingAsserts":2,"retryReasons":[],"startAt":1784731663311,"status":"passed","title":"rejects course creation for a pending tutor"},{"ancestorTitles":["CoursesService course creation approval"],"duration":0,"failing":false,"failureDetails":[],"failureMessages":[],"fullName":"CoursesService course creation approval allows course creation for an approved tutor","invocations":1,"location":null,"numPassingAsserts":2,"retryReasons":[],"startAt":1784731663313,"status":"passed","title":"allows course creation for an approved tutor"}],"endTime":1784731663314,"message":"","name":"C:\\Users\\user\\Downloads\\Free_job\\موقع تعليم\\apps\\api\\src\\courses\\courses.service.spec.ts","startTime":1784731662315,"status":"passed","summary":""},{"assertionResults":[{"ancestorTitles":["TutorDashboardController phase 2 regression"],"duration":2,"failing":false,"failureDetails":[],"failureMessages":[],"fullName":"TutorDashboardController phase 2 regression returns student avatarUrl without reading a non-existent avatar field","invocations":1,"location":null,"numPassingAsserts":1,"retryReasons":[],"startAt":1784731664253,"status":"passed","title":"returns student avatarUrl without reading a non-existent avatar field"},{"ancestorTitles":["TutorDashboardController phase 2 regression"],"duration":0,"failing":false,"failureDetails":[],"failureMessages":[],"fullName":"TutorDashboardController phase 2 regression returns avatarUrl: null when student has no avatar set (P2-B preservation)","invocations":1,"location":null,"numPassingAsserts":1,"retryReasons":[],"startAt":1784731664255,"status":"passed","title":"returns avatarUrl: null when student has no avatar set (P2-B preservation)"}],"endTime":1784731664256,"message":"","name":"C:\\Users\\user\\Downloads\\Free_job\\موقع تعليم\\apps\\api\\src\\tutors\\__tests__\\tutor-dashboard.phase2.spec.ts","startTime":1784731663321,"status":"passed","summary":""},{"assertionResults":[{"ancestorTitles":["CommissionService"],"duration":4,"failing":false,"failureDetails":[],"failureMessages":[],"fullName":"CommissionService should be defined","invocations":1,"location":null,"numPassingAsserts":1,"retryReasons":[],"startAt":1784731665174,"status":"passed","title":"should be defined"},{"ancestorTitles":["CommissionService","getCreditPrice"],"duration":2,"failing":false,"failureDetails":[],"failureMessages":[],"fullName":"CommissionService getCreditPrice returns cached value when cache is valid","invocations":1,"location":null,"numPassingAsserts":1,"retryReasons":[],"startAt":1784731665179,"status":"passed","title":"returns cached value when cache is valid"},{"ancestorTitles":["CommissionService","getCreditPrice"],"duration":2,"failing":false,"failureDetails":[],"failureMessages":[],"fullName":"CommissionService getCreditPrice returns default price 15 when setting not found","invocations":1,"location":null,"numPassingAsserts":1,"retryReasons":[],"startAt":1784731665181,"status":"passed","title":"returns default price 15 when setting not found"},{"ancestorTitles":["CommissionService","getCreditPrice"],"duration":1,"failing":false,"failureDetails":[],"failureMessages":[],"fullName":"CommissionService getCreditPrice parses and returns setting value when found","invocations":1,"location":null,"numPassingAsserts":1,"retryReasons":[],"startAt":1784731665184,"status":"passed","title":"parses and returns setting value when found"},{"ancestorTitles":["CommissionService","getCreditPrice"],"duration":2,"failing":false,"failureDetails":[],"failureMessages":[],"fullName":"CommissionService getCreditPrice handles invalid setting value gracefully","invocations":1,"location":null,"numPassingAsserts":1,"retryReasons":[],"startAt":1784731665185,"status":"passed","title":"handles invalid setting value gracefully"},{"ancestorTitles":["CommissionService","getCreditPrice"],"duration":1,"failing":false,"failureDetails":[],"failureMessages":[],"fullName":"CommissionService getCreditPrice handles zero or negative setting value","invocations":1,"location":null,"numPassingAsserts":1,"retryReasons":[],"startAt":1784731665187,"status":"passed","title":"handles zero or negative setting value"},{"ancestorTitles":["CommissionService","amountToCredits"],"duration":1,"failing":false,"failureDetails":[],"failureMessages":[],"fullName":"CommissionService amountToCredits converts amount to credits using credit price","invocations":1,"location":null,"numPassingAsserts":1,"retryReasons":[],"startAt":1784731665188,"status":"passed","title":"converts amount to credits using credit price"},{"ancestorTitles":["CommissionService","amountToCredits"],"duration":1,"failing":false,"failureDetails":[],"failureMessages":[],"fullName":"CommissionService amountToCredits rounds to 2 decimal places","invocations":1,"location":null,"numPassingAsserts":1,"retryReasons":[],"startAt":1784731665189,"status":"passed","title":"rounds to 2 decimal places"},{"ancestorTitles":["CommissionService","calculateLessonFee"],"duration":1,"failing":false,"failureDetails":[],"failureMessages":[],"fullName":"CommissionService calculateLessonFee returns 0.3 for 10 hours","invocations":1,"location":null,"numPassingAsserts":1,"retryReasons":[],"startAt":1784731665191,"status":"passed","title":"returns 0.3 for 10 hours"},{"ancestorTitles":["CommissionService","calculateLessonFee"],"duration":1,"failing":false,"failureDetails":[],"failureMessages":[],"fullName":"CommissionService calculateLessonFee returns 0.3 for 20 hours","invocations":1,"location":null,"numPassingAsserts":1,"retryReasons":[],"startAt":1784731665192,"status":"passed","title":"returns 0.3 for 20 hours"},{"ancestorTitles":["CommissionService","calculateLessonFee"],"duration":1,"failing":false,"failureDetails":[],"failureMessages":[],"fullName":"CommissionService calculateLessonFee returns 0.24 for 21 hours","invocations":1,"location":null,"numPassingAsserts":1,"retryReasons":[],"startAt":1784731665193,"status":"passed","title":"returns 0.24 for 21 hours"},{"ancestorTitles":["CommissionService","calculateLessonFee"],"duration":1,"failing":false,"failureDetails":[],"failureMessages":[],"fullName":"CommissionService calculateLessonFee returns 0.24 for 50 hours","invocations":1,"location":null,"numPassingAsserts":1,"retryReasons":[],"startAt":1784731665194,"status":"passed","title":"returns 0.24 for 50 hours"},{"ancestorTitles":["CommissionService","calculateLessonFee"],"duration":1,"failing":false,"failureDetails":[],"failureMessages":[],"fullName":"CommissionService calculateLessonFee returns 0.2 for 51 hours","invocations":1,"location":null,"numPassingAsserts":1,"retryReasons":[],"startAt":1784731665195,"status":"passed","title":"returns 0.2 for 51 hours"},{"ancestorTitles":["CommissionService","calculateLessonFee"],"duration":2,"failing":false,"failureDetails":[],"failureMessages":[],"fullName":"CommissionService calculateLessonFee returns 0.2 for 200 hours","invocations":1,"location":null,"numPassingAsserts":1,"retryReasons":[],"startAt":1784731665196,"status":"passed","title":"returns 0.2 for 200 hours"},{"ancestorTitles":["CommissionService","calculateLessonFee"],"duration":1,"failing":false,"failureDetails":[],"failureMessages":[],"fullName":"CommissionService calculateLessonFee returns 0.18 for 201 hours","invocations":1,"location":null,"numPassingAsserts":1,"retryReasons":[],"startAt":1784731665198,"status":"passed","title":"returns 0.18 for 201 hours"},{"ancestorTitles":["CommissionService","calculateLessonFee"],"duration":2,"failing":false,"failureDetails":[],"failureMessages":[],"fullName":"CommissionService calculateLessonFee returns 0.18 for 400 hours","invocations":1,"location":null,"numPassingAsserts":1,"retryReasons":[],"startAt":1784731665199,"status":"passed","title":"returns 0.18 for 400 hours"},{"ancestorTitles":["CommissionService","calculateLessonFee"],"duration":1,"failing":false,"failureDetails":[],"failureMessages":[],"fullName":"CommissionService calculateLessonFee returns 0.12 for 401 hours","invocations":1,"location":null,"numPassingAsserts":1,"retryReasons":[],"startAt":1784731665201,"status":"passed","title":"returns 0.12 for 401 hours"},{"ancestorTitles":["CommissionService","calculateLessonEarnings"],"duration":2,"failing":false,"failureDetails":[],"failureMessages":[],"fullName":"CommissionService calculateLessonEarnings calculates platform fee and tutor share correctly","invocations":1,"location":null,"numPassingAsserts":2,"retryReasons":[],"startAt":1784731665202,"status":"passed","title":"calculates platform fee and tutor share correctly"},{"ancestorTitles":["CommissionService","calculateLessonEarnings"],"duration":1,"failing":false,"failureDetails":[],"failureMessages":[],"fullName":"CommissionService calculateLessonEarnings handles decimal amounts","invocations":1,"location":null,"numPassingAsserts":2,"retryReasons":[],"startAt":1784731665204,"status":"passed","title":"handles decimal amounts"},{"ancestorTitles":["CommissionService","calculateCourseFee"],"duration":1,"failing":false,"failureDetails":[],"failureMessages":[],"fullName":"CommissionService calculateCourseFee returns tutor promo rate when sold by tutor","invocations":1,"location":null,"numPassingAsserts":1,"retryReasons":[],"startAt":1784731665205,"status":"passed","title":"returns tutor promo rate when sold by tutor"},{"ancestorTitles":["CommissionService","calculateCourseFee"],"duration":1,"failing":false,"failureDetails":[],"failureMessages":[],"fullName":"CommissionService calculateCourseFee returns academy base rate when sold by academy","invocations":1,"location":null,"numPassingAsserts":1,"retryReasons":[],"startAt":1784731665206,"status":"passed","title":"returns academy base rate when sold by academy"},{"ancestorTitles":["CommissionService","invalidateCache"],"duration":1,"failing":false,"failureDetails":[],"failureMessages":[],"fullName":"CommissionService invalidateCache clears all cached values","invocations":1,"location":null,"numPassingAsserts":1,"retryReasons":[],"startAt":1784731665207,"status":"passed","title":"clears all cached values"}],"endTime":1784731665209,"message":"","name":"C:\\Users\\user\\Downloads\\Free_job\\موقع تعليم\\apps\\api\\src\\payments\\commission.service.spec.ts","startTime":1784731664272,"status":"passed","summary":""},{"assertionResults":[{"ancestorTitles":["ReviewsService"],"duration":1,"failing":false,"failureDetails":[],"failureMessages":[],"fullName":"ReviewsService creates a pending review for the completed lesson owner","invocations":1,"location":null,"numPassingAsserts":2,"retryReasons":[],"startAt":1784731666133,"status":"passed","title":"creates a pending review for the completed lesson owner"},{"ancestorTitles":["ReviewsService"],"duration":0,"failing":false,"failureDetails":[],"failureMessages":[],"fullName":"ReviewsService rejects reviews for lessons that are not completed","invocations":1,"location":null,"numPassingAsserts":1,"retryReasons":[],"startAt":1784731666135,"status":"passed","title":"rejects reviews for lessons that are not completed"},{"ancestorTitles":["ReviewsService"],"duration":0,"failing":false,"failureDetails":[],"failureMessages":[],"fullName":"ReviewsService rejects reviews for another student lesson","invocations":1,"location":null,"numPassingAsserts":1,"retryReasons":[],"startAt":1784731666135,"status":"passed","title":"rejects reviews for another student lesson"},{"ancestorTitles":["ReviewsService"],"duration":0,"failing":false,"failureDetails":[],"failureMessages":[],"fullName":"ReviewsService turns duplicate lesson review database errors into conflicts","invocations":1,"location":null,"numPassingAsserts":1,"retryReasons":[],"startAt":1784731666136,"status":"passed","title":"turns duplicate lesson review database errors into conflicts"}],"endTime":1784731666137,"message":"","name":"C:\\Users\\user\\Downloads\\Free_job\\موقع تعليم\\apps\\api\\src\\reviews\\reviews.service.spec.ts","startTime":1784731665214,"status":"passed","summary":""},{"assertionResults":[{"ancestorTitles":["PaymentMethodsController"],"duration":4,"failing":false,"failureDetails":[],"failureMessages":[],"fullName":"PaymentMethodsController does not advertise payment methods that are absent from configuration","invocations":1,"location":null,"numPassingAsserts":1,"retryReasons":[],"startAt":1784731666990,"status":"passed","title":"does not advertise payment methods that are absent from configuration"},{"ancestorTitles":["PaymentMethodsController"],"duration":2,"failing":false,"failureDetails":[],"failureMessages":[],"fullName":"PaymentMethodsController returns enabled payment methods from configuration","invocations":1,"location":null,"numPassingAsserts":1,"retryReasons":[],"startAt":1784731666994,"status":"passed","title":"returns enabled payment methods from configuration"}],"endTime":1784731666997,"message":"","name":"C:\\Users\\user\\Downloads\\Free_job\\موقع تعليم\\apps\\api\\src\\payments\\payment-methods.controller.spec.ts","startTime":1784731666142,"status":"passed","summary":""},{"assertionResults":[{"ancestorTitles":["StripeService preservation (P2-J)"],"duration":1,"failing":false,"failureDetails":[],"failureMessages":[],"fullName":"StripeService preservation (P2-J) uses STRIPE_API_VERSION constant without as any cast","invocations":1,"location":null,"numPassingAsserts":2,"retryReasons":[],"startAt":1784731667429,"status":"passed","title":"uses STRIPE_API_VERSION constant without as any cast"},{"ancestorTitles":["StripeService preservation (P2-J)"],"duration":321,"failing":false,"failureDetails":[],"failureMessages":[],"fullName":"StripeService preservation (P2-J) constructs and reports not configured when secret is missing","invocations":1,"location":null,"numPassingAsserts":1,"retryReasons":[],"startAt":1784731667430,"status":"passed","title":"constructs and reports not configured when secret is missing"}],"endTime":1784731667751,"message":"","name":"C:\\Users\\user\\Downloads\\Free_job\\موقع تعليم\\apps\\api\\src\\payments\\stripe\\__tests__\\stripe-service-preserve.spec.ts","startTime":1784731667012,"status":"passed","summary":""},{"assertionResults":[{"ancestorTitles":["PermissionsGuard"],"duration":1,"failing":false,"failureDetails":[],"failureMessages":[],"fullName":"PermissionsGuard allows routes with no required permissions","invocations":1,"location":null,"numPassingAsserts":1,"retryReasons":[],"startAt":1784731668419,"status":"passed","title":"allows routes with no required permissions"},{"ancestorTitles":["PermissionsGuard"],"duration":1,"failing":false,"failureDetails":[],"failureMessages":[],"fullName":"PermissionsGuard allows admins regardless of assigned permissions","invocations":1,"location":null,"numPassingAsserts":1,"retryReasons":[],"startAt":1784731668420,"status":"passed","title":"allows admins regardless of assigned permissions"},{"ancestorTitles":["PermissionsGuard"],"duration":0,"failing":false,"failureDetails":[],"failureMessages":[],"fullName":"PermissionsGuard allows subadmins with all required permissions","invocations":1,"location":null,"numPassingAsserts":1,"retryReasons":[],"startAt":1784731668421,"status":"passed","title":"allows subadmins with all required permissions"},{"ancestorTitles":["PermissionsGuard"],"duration":8,"failing":false,"failureDetails":[],"failureMessages":[],"fullName":"PermissionsGuard rejects subadmins missing required permissions","invocations":1,"location":null,"numPassingAsserts":1,"retryReasons":[],"startAt":1784731668421,"status":"passed","title":"rejects subadmins missing required permissions"}],"endTime":1784731668430,"message":"","name":"C:\\Users\\user\\Downloads\\Free_job\\موقع تعليم\\apps\\api\\src\\auth\\guards\\permissions.guard.spec.ts","startTime":1784731667757,"status":"passed","summary":""},{"assertionResults":[{"ancestorTitles":["EmailService delivery failures"],"duration":11,"failing":false,"failureDetails":[],"failureMessages":[],"fullName":"EmailService delivery failures contains HTML delivery errors inside the queue","invocations":1,"location":null,"numPassingAsserts":3,"retryReasons":[],"startAt":1784731669086,"status":"passed","title":"contains HTML delivery errors inside the queue"},{"ancestorTitles":["EmailService delivery failures"],"duration":5,"failing":false,"failureDetails":[],"failureMessages":[],"fullName":"EmailService delivery failures contains plain-text delivery errors inside the queue","invocations":1,"location":null,"numPassingAsserts":3,"retryReasons":[],"startAt":1784731669097,"status":"passed","title":"contains plain-text delivery errors inside the queue"},{"ancestorTitles":["EmailService delivery failures"],"duration":4,"failing":false,"failureDetails":[],"failureMessages":[],"fullName":"EmailService delivery failures starts without SMTP credentials and skips delivery","invocations":1,"location":null,"numPassingAsserts":4,"retryReasons":[],"startAt":1784731669102,"status":"passed","title":"starts without SMTP credentials and skips delivery"}],"endTime":1784731669106,"message":"","name":"C:\\Users\\user\\Downloads\\Free_job\\موقع تعليم\\apps\\api\\src\\integrations\\email\\__tests__\\email-service.spec.ts","startTime":1784731668445,"status":"passed","summary":""},{"assertionResults":[{"ancestorTitles":["AllExceptionsFilter preservation (P2-H)"],"duration":8,"failing":false,"failureDetails":[],"failureMessages":[],"fullName":"AllExceptionsFilter preservation (P2-H) returns HTTP 500 with \"Internal server error\" for non-HTTP exceptions","invocations":1,"location":null,"numPassingAsserts":2,"retryReasons":[],"startAt":1784731669636,"status":"passed","title":"returns HTTP 500 with \"Internal server error\" for non-HTTP exceptions"},{"ancestorTitles":["AllExceptionsFilter preservation (P2-H)"],"duration":1,"failing":false,"failureDetails":[],"failureMessages":[],"fullName":"AllExceptionsFilter preservation (P2-H) still includes statusCode, error, timestamp, and path in error response","invocations":1,"location":null,"numPassingAsserts":1,"retryReasons":[],"startAt":1784731669645,"status":"passed","title":"still includes statusCode, error, timestamp, and path in error response"},{"ancestorTitles":["AllExceptionsFilter preservation (P2-H)"],"duration":2,"failing":false,"failureDetails":[],"failureMessages":[],"fullName":"AllExceptionsFilter preservation (P2-H) returns the HTTP exception status and message for HttpException","invocations":1,"location":null,"numPassingAsserts":2,"retryReasons":[],"startAt":1784731669646,"status":"passed","title":"returns the HTTP exception status and message for HttpException"}],"endTime":1784731669649,"message":"","name":"C:\\Users\\user\\Downloads\\Free_job\\موقع تعليم\\apps\\api\\src\\common\\filters\\__tests__\\all-exceptions-preserve.spec.ts","startTime":1784731669113,"status":"passed","summary":""},{"assertionResults":[{"ancestorTitles":["CreateReportDto phase 2 regression"],"duration":5,"failing":false,"failureDetails":[],"failureMessages":[],"fullName":"CreateReportDto phase 2 regression accepts issueType as the report category field","invocations":1,"location":null,"numPassingAsserts":1,"retryReasons":[],"startAt":1784731670150,"status":"passed","title":"accepts issueType as the report category field"},{"ancestorTitles":["CreateReportDto phase 2 regression"],"duration":1,"failing":false,"failureDetails":[],"failureMessages":[],"fullName":"CreateReportDto phase 2 regression rejects subject because the API contract requires issueType","invocations":1,"location":null,"numPassingAsserts":1,"retryReasons":[],"startAt":1784731670155,"status":"passed","title":"rejects subject because the API contract requires issueType"}],"endTime":1784731670157,"message":"","name":"C:\\Users\\user\\Downloads\\Free_job\\موقع تعليم\\apps\\api\\src\\reports\\__tests__\\create-report-dto-phase2.spec.ts","startTime":1784731669655,"status":"passed","summary":""},{"assertionResults":[{"ancestorTitles":["JWT config preservation (P2-G)"],"duration":2,"failing":false,"failureDetails":[],"failureMessages":[],"fullName":"JWT config preservation (P2-G) uses env JWT_EXPIRES_IN value when set (preservation)","invocations":1,"location":null,"numPassingAsserts":3,"retryReasons":[],"startAt":1784731670277,"status":"passed","title":"uses env JWT_EXPIRES_IN value when set (preservation)"},{"ancestorTitles":["JWT config preservation (P2-G)"],"duration":0,"failing":false,"failureDetails":[],"failureMessages":[],"fullName":"JWT config preservation (P2-G) falls back to \"7d\" when JWT_EXPIRES_IN is undefined (preservation)","invocations":1,"location":null,"numPassingAsserts":1,"retryReasons":[],"startAt":1784731670279,"status":"passed","title":"falls back to \"7d\" when JWT_EXPIRES_IN is undefined (preservation)"},{"ancestorTitles":["JWT config preservation (P2-G)"],"duration":0,"failing":false,"failureDetails":[],"failureMessages":[],"fullName":"JWT config preservation (P2-G) falls back to \"7d\" when JWT_EXPIRES_IN is empty string (preservation)","invocations":1,"location":null,"numPassingAsserts":1,"retryReasons":[],"startAt":1784731670280,"status":"passed","title":"falls back to \"7d\" when JWT_EXPIRES_IN is empty string (preservation)"}],"endTime":1784731670280,"message":"","name":"C:\\Users\\user\\Downloads\\Free_job\\موقع تعليم\\apps\\api\\src\\auth\\__tests__\\jwt-config-preserve.spec.ts","startTime":1784731670176,"status":"passed","summary":""}],"wasInterrupted":false}
