{"C:\\Users\\user\\Downloads\\Free_job\\موقع تعليم\\apps\\api\\src\\app.controller.ts": {"path":"C:\\Users\\user\\Downloads\\Free_job\\موقع تعليم\\apps\\api\\src\\app.controller.ts","statementMap":{"0":{"start":{"line":1,"column":0},"end":{"line":1,"column":49}},"1":{"start":{"line":2,"column":0},"end":{"line":2,"column":46}},"2":{"start":{"line":3,"column":0},"end":{"line":3,"column":63}},"3":{"start":{"line":6,"column":7},"end":{"line":35,"column":null}},"4":{"start":{"line":7,"column":31},"end":{"line":7,"column":43}},"5":{"start":{"line":12,"column":4},"end":{"line":12,"column":38}},"6":{"start":{"line":18,"column":4},"end":{"line":22,"column":6}},"7":{"start":{"line":28,"column":25},"end":{"line":28,"column":69}},"8":{"start":{"line":29,"column":4},"end":{"line":33,"column":6}},"9":{"start":{"line":6,"column":13},"end":{"line":6,"column":26}},"10":{"start":{"line":11,"column":2},"end":{"line":13,"column":null}},"11":{"start":{"line":17,"column":2},"end":{"line":23,"column":null}},"12":{"start":{"line":27,"column":8},"end":{"line":34,"column":null}},"13":{"start":{"line":6,"column":13},"end":{"line":35,"column":null}}},"fnMap":{"0":{"name":"(anonymous_2)","decl":{"start":{"line":7,"column":2},"end":{"line":7,"column":31}},"loc":{"start":{"line":7,"column":53},"end":{"line":7,"column":57}}},"1":{"name":"(anonymous_3)","decl":{"start":{"line":11,"column":2},"end":{"line":11,"column":10}},"loc":{"start":{"line":11,"column":10},"end":{"line":13,"column":3}}},"2":{"name":"(anonymous_4)","decl":{"start":{"line":17,"column":2},"end":{"line":17,"column":8}},"loc":{"start":{"line":17,"column":8},"end":{"line":23,"column":3}}},"3":{"name":"(anonymous_5)","decl":{"start":{"line":27,"column":8},"end":{"line":27,"column":25}},"loc":{"start":{"line":27,"column":25},"end":{"line":34,"column":3}}}},"branchMap":{"0":{"loc":{"start":{"line":7,"column":43},"end":{"line":7,"column":56}},"type":"cond-expr","locations":[{"start":{"line":7,"column":53},"end":{"line":7,"column":56}},{"start":{"line":7,"column":53},"end":{"line":7,"column":56}}]},"1":{"loc":{"start":{"line":7,"column":43},"end":{"line":7,"column":53}},"type":"binary-expr","locations":[{"start":{"line":7,"column":43},"end":{"line":7,"column":56}},{"start":{"line":7,"column":43},"end":{"line":7,"column":53}}]}},"s":{"0":1,"1":1,"2":1,"3":1,"4":1,"5":1,"6":0,"7":0,"8":0,"9":1,"10":1,"11":1,"12":1,"13":1},"f":{"0":1,"1":1,"2":0,"3":0},"b":{"0":[1,0],"1":[1,1]}}
,"C:\\Users\\user\\Downloads\\Free_job\\موقع تعليم\\apps\\api\\src\\app.service.ts": {"path":"C:\\Users\\user\\Downloads\\Free_job\\موقع تعليم\\apps\\api\\src\\app.service.ts","statementMap":{"0":{"start":{"line":1,"column":0},"end":{"line":1,"column":44}},"1":{"start":{"line":2,"column":0},"end":{"line":2,"column":47}},"2":{"start":{"line":3,"column":0},"end":{"line":3,"column":56}},"3":{"start":{"line":16,"column":7},"end":{"line":65,"column":null}},"4":{"start":{"line":18,"column":21},"end":{"line":18,"column":36}},"5":{"start":{"line":19,"column":21},"end":{"line":19,"column":35}},"6":{"start":{"line":23,"column":4},"end":{"line":23,"column":26}},"7":{"start":{"line":27,"column":44},"end":{"line":27,"column":54}},"8":{"start":{"line":28,"column":4},"end":{"line":35,"column":5}},"9":{"start":{"line":29,"column":6},"end":{"line":34,"column":7}},"10":{"start":{"line":30,"column":21},"end":{"line":30,"column":57}},"11":{"start":{"line":31,"column":8},"end":{"line":31,"column":52}},"12":{"start":{"line":33,"column":8},"end":{"line":33,"column":27}},"13":{"start":{"line":37,"column":16},"end":{"line":37,"column":77}},"14":{"start":{"line":37,"column":33},"end":{"line":37,"column":77}},"15":{"start":{"line":39,"column":4},"end":{"line":63,"column":6}},"16":{"start":{"line":16,"column":13},"end":{"line":16,"column":23}},"17":{"start":{"line":16,"column":13},"end":{"line":65,"column":null}}},"fnMap":{"0":{"name":"(anonymous_2)","decl":{"start":{"line":17,"column":2},"end":{"line":17,"column":null}},"loc":{"start":{"line":19,"column":47},"end":{"line":20,"column":6}}},"1":{"name":"(anonymous_3)","decl":{"start":{"line":22,"column":2},"end":{"line":22,"column":10}},"loc":{"start":{"line":22,"column":10},"end":{"line":24,"column":3}}},"2":{"name":"(anonymous_4)","decl":{"start":{"line":26,"column":2},"end":{"line":26,"column":7}},"loc":{"start":{"line":26,"column":28},"end":{"line":64,"column":3}}},"3":{"name":"(anonymous_5)","decl":{"start":{"line":37,"column":16},"end":{"line":37,"column":17}},"loc":{"start":{"line":37,"column":33},"end":{"line":37,"column":77}}}},"branchMap":{"0":{"loc":{"start":{"line":28,"column":4},"end":{"line":35,"column":5}},"type":"if","locations":[{"start":{"line":28,"column":4},"end":{"line":35,"column":5}},{"start":{},"end":{}}]},"1":{"loc":{"start":{"line":31,"column":16},"end":{"line":31,"column":51}},"type":"cond-expr","locations":[{"start":{"line":31,"column":34},"end":{"line":31,"column":38}},{"start":{"line":31,"column":41},"end":{"line":31,"column":51}}]},"2":{"loc":{"start":{"line":41,"column":14},"end":{"line":41,"column":70}},"type":"cond-expr","locations":[{"start":{"line":41,"column":41},"end":{"line":41,"column":53}},{"start":{"line":41,"column":56},"end":{"line":41,"column":70}}]},"3":{"loc":{"start":{"line":43,"column":8},"end":{"line":45,"column":26}},"type":"cond-expr","locations":[{"start":{"line":44,"column":12},"end":{"line":44,"column":24}},{"start":{"line":45,"column":12},"end":{"line":45,"column":26}}]},"4":{"loc":{"start":{"line":43,"column":8},"end":{"line":43,"column":57}},"type":"binary-expr","locations":[{"start":{"line":43,"column":8},"end":{"line":43,"column":28}},{"start":{"line":43,"column":32},"end":{"line":43,"column":57}}]},"5":{"loc":{"start":{"line":46,"column":14},"end":{"line":46,"column":67}},"type":"cond-expr","locations":[{"start":{"line":46,"column":38},"end":{"line":46,"column":50}},{"start":{"line":46,"column":53},"end":{"line":46,"column":67}}]},"6":{"loc":{"start":{"line":48,"column":8},"end":{"line":50,"column":26}},"type":"cond-expr","locations":[{"start":{"line":49,"column":12},"end":{"line":49,"column":24}},{"start":{"line":50,"column":12},"end":{"line":50,"column":26}}]},"7":{"loc":{"start":{"line":48,"column":8},"end":{"line":48,"column":62}},"type":"binary-expr","locations":[{"start":{"line":48,"column":8},"end":{"line":48,"column":31}},{"start":{"line":48,"column":35},"end":{"line":48,"column":62}}]},"8":{"loc":{"start":{"line":52,"column":8},"end":{"line":56,"column":26}},"type":"cond-expr","locations":[{"start":{"line":55,"column":12},"end":{"line":55,"column":24}},{"start":{"line":56,"column":12},"end":{"line":56,"column":26}}]},"9":{"loc":{"start":{"line":52,"column":8},"end":{"line":54,"column":48}},"type":"binary-expr","locations":[{"start":{"line":52,"column":8},"end":{"line":52,"column":43}},{"start":{"line":53,"column":8},"end":{"line":53,"column":49}},{"start":{"line":54,"column":8},"end":{"line":54,"column":48}}]},"10":{"loc":{"start":{"line":58,"column":8},"end":{"line":62,"column":26}},"type":"cond-expr","locations":[{"start":{"line":61,"column":12},"end":{"line":61,"column":24}},{"start":{"line":62,"column":12},"end":{"line":62,"column":26}}]},"11":{"loc":{"start":{"line":58,"column":8},"end":{"line":60,"column":36}},"type":"binary-expr","locations":[{"start":{"line":58,"column":8},"end":{"line":58,"column":36}},{"start":{"line":59,"column":8},"end":{"line":59,"column":33}},{"start":{"line":60,"column":8},"end":{"line":60,"column":36}}]},"12":{"loc":{"start":{"line":18,"column":36},"end":{"line":18,"column":null}},"type":"cond-expr","locations":[{"start":{"line":18,"column":49},"end":{"line":18,"column":null}},{"start":{"line":18,"column":49},"end":{"line":18,"column":null}}]},"13":{"loc":{"start":{"line":18,"column":36},"end":{"line":18,"column":49}},"type":"binary-expr","locations":[{"start":{"line":18,"column":36},"end":{"line":18,"column":null}},{"start":{"line":18,"column":36},"end":{"line":18,"column":49}}]},"14":{"loc":{"start":{"line":18,"column":49},"end":{"line":19,"column":null}},"type":"cond-expr","locations":[{"start":{"line":19,"column":47},"end":{"line":19,"column":null}},{"start":{"line":19,"column":47},"end":{"line":19,"column":null}}]},"15":{"loc":{"start":{"line":18,"column":49},"end":{"line":19,"column":47}},"type":"binary-expr","locations":[{"start":{"line":18,"column":49},"end":{"line":19,"column":null}},{"start":{"line":19,"column":35},"end":{"line":19,"column":47}}]}},"s":{"0":1,"1":1,"2":1,"3":1,"4":1,"5":1,"6":1,"7":0,"8":0,"9":0,"10":0,"11":0,"12":0,"13":0,"14":0,"15":0,"16":1,"17":1},"f":{"0":1,"1":1,"2":0,"3":0},"b":{"0":[0,0],"1":[0,0],"2":[0,0],"3":[0,0],"4":[0,0],"5":[0,0],"6":[0,0],"7":[0,0],"8":[0,0],"9":[0,0,0],"10":[0,0],"11":[0,0,0],"12":[1,0],"13":[1,1],"14":[1,0],"15":[1,1]}}
,"C:\\Users\\user\\Downloads\\Free_job\\موقع تعليم\\apps\\api\\src\\auth\\auth.controller.ts": {"path":"C:\\Users\\user\\Downloads\\Free_job\\موقع تعليم\\apps\\api\\src\\auth\\auth.controller.ts","statementMap":{"0":{"start":{"line":1,"column":0},"end":{"line":1,"column":null}},"1":{"start":{"line":13,"column":0},"end":{"line":13,"column":47}},"2":{"start":{"line":14,"column":0},"end":{"line":14,"column":45}},"3":{"start":{"line":15,"column":0},"end":{"line":15,"column":45}},"4":{"start":{"line":16,"column":0},"end":{"line":16,"column":58}},"5":{"start":{"line":17,"column":0},"end":{"line":17,"column":68}},"6":{"start":{"line":19,"column":0},"end":{"line":19,"column":48}},"7":{"start":{"line":20,"column":0},"end":{"line":20,"column":52}},"8":{"start":{"line":21,"column":0},"end":{"line":21,"column":46}},"9":{"start":{"line":22,"column":0},"end":{"line":22,"column":65}},"10":{"start":{"line":23,"column":0},"end":{"line":23,"column":63}},"11":{"start":{"line":24,"column":0},"end":{"line":24,"column":58}},"12":{"start":{"line":25,"column":0},"end":{"line":25,"column":69}},"13":{"start":{"line":28,"column":7},"end":{"line":119,"column":null}},"14":{"start":{"line":30,"column":21},"end":{"line":30,"column":34}},"15":{"start":{"line":31,"column":21},"end":{"line":31,"column":36}},"16":{"start":{"line":39,"column":4},"end":{"line":39,"column":42}},"17":{"start":{"line":47,"column":4},"end":{"line":47,"column":39}},"18":{"start":{"line":55,"column":4},"end":{"line":57,"column":5}},"19":{"start":{"line":56,"column":6},"end":{"line":56,"column":65}},"20":{"start":{"line":58,"column":4},"end":{"line":58,"column":56}},"21":{"start":{"line":64,"column":4},"end":{"line":64,"column":43}},"22":{"start":{"line":65,"column":4},"end":{"line":65,"column":50}},"23":{"start":{"line":72,"column":4},"end":{"line":72,"column":50}},"24":{"start":{"line":73,"column":4},"end":{"line":73,"column":55}},"25":{"start":{"line":81,"column":4},"end":{"line":81,"column":48}},"26":{"start":{"line":89,"column":4},"end":{"line":89,"column":47}},"27":{"start":{"line":103,"column":19},"end":{"line":103,"column":68}},"28":{"start":{"line":104,"column":24},"end":{"line":104,"column":75}},"29":{"start":{"line":105,"column":4},"end":{"line":109,"column":7}},"30":{"start":{"line":110,"column":4},"end":{"line":116,"column":5}},"31":{"start":{"line":111,"column":6},"end":{"line":115,"column":9}},"32":{"start":{"line":117,"column":4},"end":{"line":117,"column":49}},"33":{"start":{"line":28,"column":13},"end":{"line":28,"column":27}},"34":{"start":{"line":38,"column":8},"end":{"line":40,"column":null}},"35":{"start":{"line":46,"column":8},"end":{"line":48,"column":null}},"36":{"start":{"line":54,"column":8},"end":{"line":59,"column":null}},"37":{"start":{"line":63,"column":8},"end":{"line":66,"column":null}},"38":{"start":{"line":71,"column":8},"end":{"line":74,"column":null}},"39":{"start":{"line":80,"column":8},"end":{"line":82,"column":null}},"40":{"start":{"line":88,"column":8},"end":{"line":90,"column":null}},"41":{"start":{"line":95,"column":8},"end":{"line":97,"column":null}},"42":{"start":{"line":102,"column":8},"end":{"line":118,"column":null}},"43":{"start":{"line":28,"column":13},"end":{"line":119,"column":null}}},"fnMap":{"0":{"name":"(anonymous_4)","decl":{"start":{"line":29,"column":2},"end":{"line":29,"column":null}},"loc":{"start":{"line":31,"column":49},"end":{"line":32,"column":6}}},"1":{"name":"(anonymous_5)","decl":{"start":{"line":38,"column":8},"end":{"line":38,"column":16}},"loc":{"start":{"line":38,"column":41},"end":{"line":40,"column":3}}},"2":{"name":"(anonymous_6)","decl":{"start":{"line":46,"column":8},"end":{"line":46,"column":13}},"loc":{"start":{"line":46,"column":35},"end":{"line":48,"column":3}}},"3":{"name":"(anonymous_7)","decl":{"start":{"line":54,"column":8},"end":{"line":54,"column":15}},"loc":{"start":{"line":54,"column":58},"end":{"line":59,"column":3}}},"4":{"name":"(anonymous_8)","decl":{"start":{"line":63,"column":8},"end":{"line":63,"column":14}},"loc":{"start":{"line":63,"column":50},"end":{"line":66,"column":3}}},"5":{"name":"(anonymous_9)","decl":{"start":{"line":71,"column":8},"end":{"line":71,"column":21}},"loc":{"start":{"line":71,"column":57},"end":{"line":74,"column":3}}},"6":{"name":"(anonymous_10)","decl":{"start":{"line":80,"column":8},"end":{"line":80,"column":22}},"loc":{"start":{"line":80,"column":53},"end":{"line":82,"column":3}}},"7":{"name":"(anonymous_11)","decl":{"start":{"line":88,"column":8},"end":{"line":88,"column":21}},"loc":{"start":{"line":88,"column":51},"end":{"line":90,"column":3}}},"8":{"name":"(anonymous_12)","decl":{"start":{"line":95,"column":8},"end":{"line":95,"column":18}},"loc":{"start":{"line":95,"column":18},"end":{"line":97,"column":3}}},"9":{"name":"(anonymous_13)","decl":{"start":{"line":102,"column":8},"end":{"line":102,"column":22}},"loc":{"start":{"line":102,"column":72},"end":{"line":118,"column":3}}}},"branchMap":{"0":{"loc":{"start":{"line":55,"column":4},"end":{"line":57,"column":5}},"type":"if","locations":[{"start":{"line":55,"column":4},"end":{"line":57,"column":5}},{"start":{},"end":{}}]},"1":{"loc":{"start":{"line":104,"column":24},"end":{"line":104,"column":75}},"type":"binary-expr","locations":[{"start":{"line":104,"column":24},"end":{"line":104,"column":48}},{"start":{"line":104,"column":52},"end":{"line":104,"column":75}}]},"2":{"loc":{"start":{"line":110,"column":4},"end":{"line":116,"column":5}},"type":"if","locations":[{"start":{"line":110,"column":4},"end":{"line":116,"column":5}},{"start":{},"end":{}}]},"3":{"loc":{"start":{"line":38,"column":30},"end":{"line":38,"column":null}},"type":"cond-expr","locations":[{"start":{"line":38,"column":41},"end":{"line":38,"column":null}},{"start":{"line":38,"column":41},"end":{"line":38,"column":null}}]},"4":{"loc":{"start":{"line":38,"column":30},"end":{"line":38,"column":41}},"type":"binary-expr","locations":[{"start":{"line":38,"column":30},"end":{"line":38,"column":null}},{"start":{"line":38,"column":30},"end":{"line":38,"column":41}}]},"5":{"loc":{"start":{"line":46,"column":27},"end":{"line":46,"column":null}},"type":"cond-expr","locations":[{"start":{"line":46,"column":35},"end":{"line":46,"column":null}},{"start":{"line":46,"column":35},"end":{"line":46,"column":null}}]},"6":{"loc":{"start":{"line":46,"column":27},"end":{"line":46,"column":35}},"type":"binary-expr","locations":[{"start":{"line":46,"column":27},"end":{"line":46,"column":null}},{"start":{"line":46,"column":27},"end":{"line":46,"column":35}}]},"7":{"loc":{"start":{"line":80,"column":36},"end":{"line":80,"column":null}},"type":"cond-expr","locations":[{"start":{"line":80,"column":53},"end":{"line":80,"column":null}},{"start":{"line":80,"column":53},"end":{"line":80,"column":null}}]},"8":{"loc":{"start":{"line":80,"column":36},"end":{"line":80,"column":53}},"type":"binary-expr","locations":[{"start":{"line":80,"column":36},"end":{"line":80,"column":null}},{"start":{"line":80,"column":36},"end":{"line":80,"column":53}}]},"9":{"loc":{"start":{"line":88,"column":35},"end":{"line":88,"column":null}},"type":"cond-expr","locations":[{"start":{"line":88,"column":51},"end":{"line":88,"column":null}},{"start":{"line":88,"column":51},"end":{"line":88,"column":null}}]},"10":{"loc":{"start":{"line":88,"column":35},"end":{"line":88,"column":51}},"type":"binary-expr","locations":[{"start":{"line":88,"column":35},"end":{"line":88,"column":null}},{"start":{"line":88,"column":35},"end":{"line":88,"column":51}}]},"11":{"loc":{"start":{"line":30,"column":34},"end":{"line":30,"column":null}},"type":"cond-expr","locations":[{"start":{"line":30,"column":45},"end":{"line":30,"column":null}},{"start":{"line":30,"column":45},"end":{"line":30,"column":null}}]},"12":{"loc":{"start":{"line":30,"column":34},"end":{"line":30,"column":45}},"type":"binary-expr","locations":[{"start":{"line":30,"column":34},"end":{"line":30,"column":null}},{"start":{"line":30,"column":34},"end":{"line":30,"column":45}}]},"13":{"loc":{"start":{"line":30,"column":45},"end":{"line":31,"column":null}},"type":"cond-expr","locations":[{"start":{"line":31,"column":49},"end":{"line":31,"column":null}},{"start":{"line":31,"column":49},"end":{"line":31,"column":null}}]},"14":{"loc":{"start":{"line":30,"column":45},"end":{"line":31,"column":49}},"type":"binary-expr","locations":[{"start":{"line":30,"column":45},"end":{"line":31,"column":null}},{"start":{"line":31,"column":36},"end":{"line":31,"column":49}}]}},"s":{"0":0,"1":0,"2":0,"3":0,"4":0,"5":0,"6":0,"7":0,"8":0,"9":0,"10":0,"11":0,"12":0,"13":0,"14":0,"15":0,"16":0,"17":0,"18":0,"19":0,"20":0,"21":0,"22":0,"23":0,"24":0,"25":0,"26":0,"27":0,"28":0,"29":0,"30":0,"31":0,"32":0,"33":0,"34":0,"35":0,"36":0,"37":0,"38":0,"39":0,"40":0,"41":0,"42":0,"43":0},"f":{"0":0,"1":0,"2":0,"3":0,"4":0,"5":0,"6":0,"7":0,"8":0,"9":0},"b":{"0":[0,0],"1":[0,0],"2":[0,0],"3":[0,0],"4":[0,0],"5":[0,0],"6":[0,0],"7":[0,0],"8":[0,0],"9":[0,0],"10":[0,0],"11":[0,0],"12":[0,0],"13":[0,0],"14":[0,0]}}
,"C:\\Users\\user\\Downloads\\Free_job\\موقع تعليم\\apps\\api\\src\\auth\\auth.service.ts": {"path":"C:\\Users\\user\\Downloads\\Free_job\\موقع تعليم\\apps\\api\\src\\auth\\auth.service.ts","statementMap":{"0":{"start":{"line":1,"column":0},"end":{"line":1,"column":null}},"1":{"start":{"line":7,"column":0},"end":{"line":7,"column":51}},"2":{"start":{"line":8,"column":0},"end":{"line":8,"column":51}},"3":{"start":{"line":9,"column":0},"end":{"line":9,"column":67}},"4":{"start":{"line":10,"column":0},"end":{"line":10,"column":41}},"5":{"start":{"line":11,"column":0},"end":{"line":11,"column":33}},"6":{"start":{"line":12,"column":0},"end":{"line":12,"column":41}},"7":{"start":{"line":13,"column":0},"end":{"line":13,"column":52}},"8":{"start":{"line":14,"column":0},"end":{"line":14,"column":50}},"9":{"start":{"line":15,"column":0},"end":{"line":15,"column":71}},"10":{"start":{"line":16,"column":0},"end":{"line":16,"column":67}},"11":{"start":{"line":21,"column":0},"end":{"line":21,"column":57}},"12":{"start":{"line":22,"column":0},"end":{"line":22,"column":60}},"13":{"start":{"line":25,"column":14},"end":{"line":25,"column":38}},"14":{"start":{"line":26,"column":2},"end":{"line":31,"column":3}},"15":{"start":{"line":27,"column":4},"end":{"line":29,"column":5}},"16":{"start":{"line":28,"column":6},"end":{"line":28,"column":63}},"17":{"start":{"line":30,"column":4},"end":{"line":30,"column":14}},"18":{"start":{"line":32,"column":2},"end":{"line":35,"column":21}},"19":{"start":{"line":34,"column":16},"end":{"line":34,"column":38}},"20":{"start":{"line":48,"column":7},"end":{"line":399,"column":null}},"21":{"start":{"line":51,"column":21},"end":{"line":51,"column":37}},"22":{"start":{"line":53,"column":21},"end":{"line":53,"column":33}},"23":{"start":{"line":54,"column":21},"end":{"line":54,"column":33}},"24":{"start":{"line":55,"column":21},"end":{"line":55,"column":35}},"25":{"start":{"line":56,"column":21},"end":{"line":56,"column":35}},"26":{"start":{"line":60,"column":4},"end":{"line":60,"column":63}},"27":{"start":{"line":67,"column":22},"end":{"line":67,"column":55}},"28":{"start":{"line":68,"column":4},"end":{"line":73,"column":6}},"29":{"start":{"line":74,"column":4},"end":{"line":74,"column":21}},"30":{"start":{"line":78,"column":4},"end":{"line":81,"column":6}},"31":{"start":{"line":85,"column":4},"end":{"line":88,"column":6}},"32":{"start":{"line":92,"column":4},"end":{"line":92,"column":40}},"33":{"start":{"line":94,"column":48},"end":{"line":98,"column":6}},"34":{"start":{"line":100,"column":4},"end":{"line":105,"column":5}},"35":{"start":{"line":101,"column":6},"end":{"line":104,"column":8}},"36":{"start":{"line":107,"column":20},"end":{"line":107,"column":46}},"37":{"start":{"line":108,"column":25},"end":{"line":108,"column":52}},"38":{"start":{"line":109,"column":57},"end":{"line":109,"column":61}},"39":{"start":{"line":110,"column":4},"end":{"line":110,"column":57}},"40":{"start":{"line":114,"column":21},"end":{"line":116,"column":6}},"41":{"start":{"line":117,"column":4},"end":{"line":119,"column":5}},"42":{"start":{"line":118,"column":6},"end":{"line":118,"column":65}},"43":{"start":{"line":121,"column":27},"end":{"line":121,"column":62}},"44":{"start":{"line":122,"column":24},"end":{"line":122,"column":40}},"45":{"start":{"line":123,"column":20},"end":{"line":123,"column":65}},"46":{"start":{"line":126,"column":4},"end":{"line":132,"column":5}},"47":{"start":{"line":127,"column":6},"end":{"line":127,"column":28}},"48":{"start":{"line":128,"column":11},"end":{"line":132,"column":5}},"49":{"start":{"line":129,"column":6},"end":{"line":129,"column":28}},"50":{"start":{"line":131,"column":6},"end":{"line":131,"column":30}},"51":{"start":{"line":134,"column":4},"end":{"line":176,"column":5}},"52":{"start":{"line":135,"column":21},"end":{"line":165,"column":8}},"53":{"start":{"line":136,"column":21},"end":{"line":142,"column":10}},"54":{"start":{"line":143,"column":26},"end":{"line":143,"column":50}},"55":{"start":{"line":145,"column":8},"end":{"line":162,"column":9}},"56":{"start":{"line":146,"column":31},"end":{"line":155,"column":12}},"57":{"start":{"line":156,"column":10},"end":{"line":156,"column":43}},"58":{"start":{"line":157,"column":15},"end":{"line":162,"column":9}},"59":{"start":{"line":158,"column":26},"end":{"line":160,"column":12}},"60":{"start":{"line":161,"column":10},"end":{"line":161,"column":38}},"61":{"start":{"line":164,"column":8},"end":{"line":164,"column":25}},"62":{"start":{"line":167,"column":6},"end":{"line":167,"column":44}},"63":{"start":{"line":169,"column":6},"end":{"line":174,"column":7}},"64":{"start":{"line":173,"column":8},"end":{"line":173,"column":67}},"65":{"start":{"line":175,"column":6},"end":{"line":175,"column":18}},"66":{"start":{"line":180,"column":17},"end":{"line":184,"column":15}},"67":{"start":{"line":186,"column":4},"end":{"line":188,"column":5}},"68":{"start":{"line":187,"column":6},"end":{"line":187,"column":67}},"69":{"start":{"line":190,"column":28},"end":{"line":192,"column":null}},"70":{"start":{"line":194,"column":4},"end":{"line":196,"column":5}},"71":{"start":{"line":195,"column":6},"end":{"line":195,"column":67}},"72":{"start":{"line":198,"column":4},"end":{"line":198,"column":40}},"73":{"start":{"line":202,"column":17},"end":{"line":208,"column":6}},"74":{"start":{"line":210,"column":4},"end":{"line":212,"column":5}},"75":{"start":{"line":211,"column":6},"end":{"line":211,"column":56}},"76":{"start":{"line":214,"column":57},"end":{"line":214,"column":61}},"77":{"start":{"line":215,"column":4},"end":{"line":215,"column":20}},"78":{"start":{"line":225,"column":15},"end":{"line":227,"column":6}},"79":{"start":{"line":229,"column":4},"end":{"line":277,"column":5}},"80":{"start":{"line":230,"column":30},"end":{"line":232,"column":8}},"81":{"start":{"line":234,"column":6},"end":{"line":276,"column":7}},"82":{"start":{"line":235,"column":8},"end":{"line":242,"column":9}},"83":{"start":{"line":239,"column":10},"end":{"line":241,"column":12}},"84":{"start":{"line":243,"column":8},"end":{"line":247,"column":9}},"85":{"start":{"line":244,"column":10},"end":{"line":246,"column":12}},"86":{"start":{"line":248,"column":8},"end":{"line":248,"column":58}},"87":{"start":{"line":249,"column":8},"end":{"line":249,"column":42}},"88":{"start":{"line":250,"column":8},"end":{"line":252,"column":9}},"89":{"start":{"line":251,"column":10},"end":{"line":251,"column":62}},"90":{"start":{"line":253,"column":8},"end":{"line":253,"column":63}},"91":{"start":{"line":255,"column":24},"end":{"line":264,"column":10}},"92":{"start":{"line":266,"column":26},"end":{"line":273,"column":10}},"93":{"start":{"line":267,"column":20},"end":{"line":267,"column":47}},"94":{"start":{"line":268,"column":26},"end":{"line":270,"column":12}},"95":{"start":{"line":271,"column":10},"end":{"line":271,"column":38}},"96":{"start":{"line":272,"column":10},"end":{"line":272,"column":19}},"97":{"start":{"line":275,"column":8},"end":{"line":275,"column":25}},"98":{"start":{"line":279,"column":4},"end":{"line":279,"column":40}},"99":{"start":{"line":283,"column":17},"end":{"line":285,"column":6}},"100":{"start":{"line":287,"column":4},"end":{"line":291,"column":5}},"101":{"start":{"line":288,"column":6},"end":{"line":290,"column":8}},"102":{"start":{"line":293,"column":18},"end":{"line":293,"column":30}},"103":{"start":{"line":294,"column":4},"end":{"line":294,"column":79}},"104":{"start":{"line":296,"column":24},"end":{"line":296,"column":75}},"105":{"start":{"line":297,"column":21},"end":{"line":297,"column":67}},"106":{"start":{"line":299,"column":4},"end":{"line":306,"column":6}},"107":{"start":{"line":308,"column":4},"end":{"line":310,"column":6}},"108":{"start":{"line":314,"column":18},"end":{"line":314,"column":73}},"109":{"start":{"line":315,"column":4},"end":{"line":317,"column":5}},"110":{"start":{"line":316,"column":6},"end":{"line":316,"column":70}},"111":{"start":{"line":319,"column":17},"end":{"line":323,"column":15}},"112":{"start":{"line":325,"column":4},"end":{"line":327,"column":5}},"113":{"start":{"line":326,"column":6},"end":{"line":326,"column":54}},"114":{"start":{"line":329,"column":27},"end":{"line":329,"column":65}},"115":{"start":{"line":330,"column":4},"end":{"line":330,"column":39}},"116":{"start":{"line":331,"column":4},"end":{"line":331,"column":41}},"117":{"start":{"line":333,"column":4},"end":{"line":333,"column":60}},"118":{"start":{"line":334,"column":4},"end":{"line":334,"column":40}},"119":{"start":{"line":336,"column":4},"end":{"line":336,"column":54}},"120":{"start":{"line":340,"column":4},"end":{"line":340,"column":58}},"121":{"start":{"line":341,"column":4},"end":{"line":346,"column":6}},"122":{"start":{"line":350,"column":4},"end":{"line":350,"column":57}},"123":{"start":{"line":351,"column":4},"end":{"line":351,"column":30}},"124":{"start":{"line":355,"column":4},"end":{"line":397,"column":5}},"125":{"start":{"line":356,"column":22},"end":{"line":356,"column":58}},"126":{"start":{"line":358,"column":6},"end":{"line":360,"column":7}},"127":{"start":{"line":359,"column":8},"end":{"line":359,"column":65}},"128":{"start":{"line":362,"column":19},"end":{"line":364,"column":8}},"129":{"start":{"line":366,"column":6},"end":{"line":368,"column":7}},"130":{"start":{"line":367,"column":8},"end":{"line":367,"column":65}},"131":{"start":{"line":370,"column":26},"end":{"line":371,"column":null}},"132":{"start":{"line":373,"column":6},"end":{"line":375,"column":7}},"133":{"start":{"line":374,"column":8},"end":{"line":374,"column":74}},"134":{"start":{"line":377,"column":6},"end":{"line":389,"column":7}},"135":{"start":{"line":378,"column":8},"end":{"line":380,"column":9}},"136":{"start":{"line":379,"column":10},"end":{"line":379,"column":67}},"137":{"start":{"line":381,"column":30},"end":{"line":382,"column":null}},"138":{"start":{"line":384,"column":8},"end":{"line":388,"column":9}},"139":{"start":{"line":385,"column":10},"end":{"line":387,"column":12}},"140":{"start":{"line":391,"column":6},"end":{"line":391,"column":61}},"141":{"start":{"line":393,"column":6},"end":{"line":395,"column":7}},"142":{"start":{"line":394,"column":8},"end":{"line":394,"column":20}},"143":{"start":{"line":396,"column":6},"end":{"line":396,"column":74}},"144":{"start":{"line":48,"column":13},"end":{"line":48,"column":24}},"145":{"start":{"line":48,"column":13},"end":{"line":399,"column":null}}},"fnMap":{"0":{"name":"getAdminEmails","decl":{"start":{"line":24,"column":9},"end":{"line":24,"column":23}},"loc":{"start":{"line":24,"column":23},"end":{"line":36,"column":1}}},"1":{"name":"(anonymous_14)","decl":{"start":{"line":34,"column":9},"end":{"line":34,"column":10}},"loc":{"start":{"line":34,"column":16},"end":{"line":34,"column":38}}},"2":{"name":"(anonymous_15)","decl":{"start":{"line":49,"column":2},"end":{"line":49,"column":null}},"loc":{"start":{"line":56,"column":47},"end":{"line":57,"column":6}}},"3":{"name":"(anonymous_16)","decl":{"start":{"line":59,"column":10},"end":{"line":59,"column":15}},"loc":{"start":{"line":59,"column":46},"end":{"line":61,"column":3}}},"4":{"name":"(anonymous_17)","decl":{"start":{"line":63,"column":10},"end":{"line":63,"column":15}},"loc":{"start":{"line":65,"column":30},"end":{"line":75,"column":3}}},"5":{"name":"(anonymous_18)","decl":{"start":{"line":77,"column":10},"end":{"line":77,"column":25}},"loc":{"start":{"line":77,"column":61},"end":{"line":82,"column":3}}},"6":{"name":"(anonymous_19)","decl":{"start":{"line":84,"column":10},"end":{"line":84,"column":26}},"loc":{"start":{"line":84,"column":62},"end":{"line":89,"column":3}}},"7":{"name":"(anonymous_20)","decl":{"start":{"line":91,"column":10},"end":{"line":91,"column":15}},"loc":{"start":{"line":91,"column":72},"end":{"line":111,"column":3}}},"8":{"name":"(anonymous_21)","decl":{"start":{"line":113,"column":2},"end":{"line":113,"column":7}},"loc":{"start":{"line":113,"column":33},"end":{"line":177,"column":3}}},"9":{"name":"(anonymous_22)","decl":{"start":{"line":135,"column":55},"end":{"line":135,"column":60}},"loc":{"start":{"line":135,"column":73},"end":{"line":165,"column":7}}},"10":{"name":"(anonymous_23)","decl":{"start":{"line":179,"column":2},"end":{"line":179,"column":7}},"loc":{"start":{"line":179,"column":27},"end":{"line":199,"column":3}}},"11":{"name":"(anonymous_24)","decl":{"start":{"line":201,"column":2},"end":{"line":201,"column":7}},"loc":{"start":{"line":201,"column":28},"end":{"line":216,"column":3}}},"12":{"name":"(anonymous_25)","decl":{"start":{"line":218,"column":2},"end":{"line":218,"column":7}},"loc":{"start":{"line":224,"column":3},"end":{"line":280,"column":3}}},"13":{"name":"(anonymous_26)","decl":{"start":{"line":266,"column":60},"end":{"line":266,"column":65}},"loc":{"start":{"line":266,"column":78},"end":{"line":273,"column":9}}},"14":{"name":"(anonymous_27)","decl":{"start":{"line":282,"column":2},"end":{"line":282,"column":7}},"loc":{"start":{"line":282,"column":45},"end":{"line":311,"column":3}}},"15":{"name":"(anonymous_28)","decl":{"start":{"line":313,"column":2},"end":{"line":313,"column":7}},"loc":{"start":{"line":313,"column":43},"end":{"line":337,"column":3}}},"16":{"name":"(anonymous_29)","decl":{"start":{"line":339,"column":2},"end":{"line":339,"column":7}},"loc":{"start":{"line":339,"column":29},"end":{"line":347,"column":3}}},"17":{"name":"(anonymous_30)","decl":{"start":{"line":349,"column":2},"end":{"line":349,"column":7}},"loc":{"start":{"line":349,"column":36},"end":{"line":352,"column":3}}},"18":{"name":"(anonymous_31)","decl":{"start":{"line":354,"column":2},"end":{"line":354,"column":7}},"loc":{"start":{"line":354,"column":42},"end":{"line":398,"column":3}}}},"branchMap":{"0":{"loc":{"start":{"line":26,"column":2},"end":{"line":31,"column":3}},"type":"if","locations":[{"start":{"line":26,"column":2},"end":{"line":31,"column":3}},{"start":{},"end":{}}]},"1":{"loc":{"start":{"line":27,"column":4},"end":{"line":29,"column":5}},"type":"if","locations":[{"start":{"line":27,"column":4},"end":{"line":29,"column":5}},{"start":{},"end":{}}]},"2":{"loc":{"start":{"line":67,"column":22},"end":{"line":67,"column":55}},"type":"binary-expr","locations":[{"start":{"line":67,"column":22},"end":{"line":67,"column":39}},{"start":{"line":67,"column":43},"end":{"line":67,"column":55}}]},"3":{"loc":{"start":{"line":100,"column":4},"end":{"line":105,"column":5}},"type":"if","locations":[{"start":{"line":100,"column":4},"end":{"line":105,"column":5}},{"start":{},"end":{}}]},"4":{"loc":{"start":{"line":117,"column":4},"end":{"line":119,"column":5}},"type":"if","locations":[{"start":{"line":117,"column":4},"end":{"line":119,"column":5}},{"start":{},"end":{}}]},"5":{"loc":{"start":{"line":126,"column":4},"end":{"line":132,"column":5}},"type":"if","locations":[{"start":{"line":126,"column":4},"end":{"line":132,"column":5}},{"start":{"line":128,"column":11},"end":{"line":132,"column":5}}]},"6":{"loc":{"start":{"line":128,"column":11},"end":{"line":132,"column":5}},"type":"if","locations":[{"start":{"line":128,"column":11},"end":{"line":132,"column":5}},{"start":{"line":130,"column":11},"end":{"line":132,"column":5}}]},"7":{"loc":{"start":{"line":145,"column":8},"end":{"line":162,"column":9}},"type":"if","locations":[{"start":{"line":145,"column":8},"end":{"line":162,"column":9}},{"start":{"line":157,"column":15},"end":{"line":162,"column":9}}]},"8":{"loc":{"start":{"line":157,"column":15},"end":{"line":162,"column":9}},"type":"if","locations":[{"start":{"line":157,"column":15},"end":{"line":162,"column":9}},{"start":{},"end":{}}]},"9":{"loc":{"start":{"line":169,"column":6},"end":{"line":174,"column":7}},"type":"if","locations":[{"start":{"line":169,"column":6},"end":{"line":174,"column":7}},{"start":{},"end":{}}]},"10":{"loc":{"start":{"line":170,"column":8},"end":{"line":171,"column":66}},"type":"binary-expr","locations":[{"start":{"line":170,"column":8},"end":{"line":170,"column":41}},{"start":{"line":171,"column":9},"end":{"line":171,"column":66}}]},"11":{"loc":{"start":{"line":186,"column":4},"end":{"line":188,"column":5}},"type":"if","locations":[{"start":{"line":186,"column":4},"end":{"line":188,"column":5}},{"start":{},"end":{}}]},"12":{"loc":{"start":{"line":194,"column":4},"end":{"line":196,"column":5}},"type":"if","locations":[{"start":{"line":194,"column":4},"end":{"line":196,"column":5}},{"start":{},"end":{}}]},"13":{"loc":{"start":{"line":210,"column":4},"end":{"line":212,"column":5}},"type":"if","locations":[{"start":{"line":210,"column":4},"end":{"line":212,"column":5}},{"start":{},"end":{}}]},"14":{"loc":{"start":{"line":229,"column":4},"end":{"line":277,"column":5}},"type":"if","locations":[{"start":{"line":229,"column":4},"end":{"line":277,"column":5}},{"start":{},"end":{}}]},"15":{"loc":{"start":{"line":234,"column":6},"end":{"line":276,"column":7}},"type":"if","locations":[{"start":{"line":234,"column":6},"end":{"line":276,"column":7}},{"start":{"line":254,"column":13},"end":{"line":276,"column":7}}]},"16":{"loc":{"start":{"line":235,"column":8},"end":{"line":242,"column":9}},"type":"if","locations":[{"start":{"line":235,"column":8},"end":{"line":242,"column":9}},{"start":{},"end":{}}]},"17":{"loc":{"start":{"line":236,"column":10},"end":{"line":237,"column":61}},"type":"binary-expr","locations":[{"start":{"line":236,"column":10},"end":{"line":236,"column":34}},{"start":{"line":237,"column":10},"end":{"line":237,"column":61}}]},"18":{"loc":{"start":{"line":243,"column":8},"end":{"line":247,"column":9}},"type":"if","locations":[{"start":{"line":243,"column":8},"end":{"line":247,"column":9}},{"start":{},"end":{}}]},"19":{"loc":{"start":{"line":243,"column":12},"end":{"line":243,"column":71}},"type":"binary-expr","locations":[{"start":{"line":243,"column":12},"end":{"line":243,"column":39}},{"start":{"line":243,"column":43},"end":{"line":243,"column":71}}]},"20":{"loc":{"start":{"line":250,"column":8},"end":{"line":252,"column":9}},"type":"if","locations":[{"start":{"line":250,"column":8},"end":{"line":252,"column":9}},{"start":{},"end":{}}]},"21":{"loc":{"start":{"line":250,"column":12},"end":{"line":250,"column":65}},"type":"binary-expr","locations":[{"start":{"line":250,"column":12},"end":{"line":250,"column":35}},{"start":{"line":250,"column":39},"end":{"line":250,"column":65}}]},"22":{"loc":{"start":{"line":287,"column":4},"end":{"line":291,"column":5}},"type":"if","locations":[{"start":{"line":287,"column":4},"end":{"line":291,"column":5}},{"start":{},"end":{}}]},"23":{"loc":{"start":{"line":296,"column":24},"end":{"line":296,"column":75}},"type":"binary-expr","locations":[{"start":{"line":296,"column":24},"end":{"line":296,"column":48}},{"start":{"line":296,"column":52},"end":{"line":296,"column":75}}]},"24":{"loc":{"start":{"line":315,"column":4},"end":{"line":317,"column":5}},"type":"if","locations":[{"start":{"line":315,"column":4},"end":{"line":317,"column":5}},{"start":{},"end":{}}]},"25":{"loc":{"start":{"line":325,"column":4},"end":{"line":327,"column":5}},"type":"if","locations":[{"start":{"line":325,"column":4},"end":{"line":327,"column":5}},{"start":{},"end":{}}]},"26":{"loc":{"start":{"line":358,"column":6},"end":{"line":360,"column":7}},"type":"if","locations":[{"start":{"line":358,"column":6},"end":{"line":360,"column":7}},{"start":{},"end":{}}]},"27":{"loc":{"start":{"line":358,"column":10},"end":{"line":358,"column":52}},"type":"binary-expr","locations":[{"start":{"line":358,"column":10},"end":{"line":358,"column":22}},{"start":{"line":358,"column":26},"end":{"line":358,"column":52}}]},"28":{"loc":{"start":{"line":366,"column":6},"end":{"line":368,"column":7}},"type":"if","locations":[{"start":{"line":366,"column":6},"end":{"line":368,"column":7}},{"start":{},"end":{}}]},"29":{"loc":{"start":{"line":373,"column":6},"end":{"line":375,"column":7}},"type":"if","locations":[{"start":{"line":373,"column":6},"end":{"line":375,"column":7}},{"start":{},"end":{}}]},"30":{"loc":{"start":{"line":377,"column":6},"end":{"line":389,"column":7}},"type":"if","locations":[{"start":{"line":377,"column":6},"end":{"line":389,"column":7}},{"start":{},"end":{}}]},"31":{"loc":{"start":{"line":378,"column":8},"end":{"line":380,"column":9}},"type":"if","locations":[{"start":{"line":378,"column":8},"end":{"line":380,"column":9}},{"start":{},"end":{}}]},"32":{"loc":{"start":{"line":384,"column":8},"end":{"line":388,"column":9}},"type":"if","locations":[{"start":{"line":384,"column":8},"end":{"line":388,"column":9}},{"start":{},"end":{}}]},"33":{"loc":{"start":{"line":393,"column":6},"end":{"line":395,"column":7}},"type":"if","locations":[{"start":{"line":393,"column":6},"end":{"line":395,"column":7}},{"start":{},"end":{}}]},"34":{"loc":{"start":{"line":51,"column":37},"end":{"line":51,"column":53}},"type":"cond-expr","locations":[{"start":{"line":51,"column":47},"end":{"line":51,"column":53}},{"start":{"line":51,"column":47},"end":{"line":51,"column":53}}]},"35":{"loc":{"start":{"line":51,"column":37},"end":{"line":51,"column":47}},"type":"binary-expr","locations":[{"start":{"line":51,"column":37},"end":{"line":51,"column":53}},{"start":{"line":51,"column":37},"end":{"line":51,"column":47}}]},"36":{"loc":{"start":{"line":51,"column":47},"end":{"line":53,"column":null}},"type":"cond-expr","locations":[{"start":{"line":53,"column":43},"end":{"line":53,"column":null}},{"start":{"line":53,"column":43},"end":{"line":53,"column":null}}]},"37":{"loc":{"start":{"line":51,"column":47},"end":{"line":53,"column":43}},"type":"binary-expr","locations":[{"start":{"line":51,"column":47},"end":{"line":53,"column":null}},{"start":{"line":53,"column":33},"end":{"line":53,"column":43}}]},"38":{"loc":{"start":{"line":53,"column":43},"end":{"line":54,"column":null}},"type":"cond-expr","locations":[{"start":{"line":54,"column":43},"end":{"line":54,"column":null}},{"start":{"line":54,"column":43},"end":{"line":54,"column":null}}]},"39":{"loc":{"start":{"line":53,"column":43},"end":{"line":54,"column":43}},"type":"binary-expr","locations":[{"start":{"line":53,"column":43},"end":{"line":54,"column":null}},{"start":{"line":54,"column":33},"end":{"line":54,"column":43}}]},"40":{"loc":{"start":{"line":54,"column":43},"end":{"line":55,"column":null}},"type":"cond-expr","locations":[{"start":{"line":55,"column":47},"end":{"line":55,"column":null}},{"start":{"line":55,"column":47},"end":{"line":55,"column":null}}]},"41":{"loc":{"start":{"line":54,"column":43},"end":{"line":55,"column":47}},"type":"binary-expr","locations":[{"start":{"line":54,"column":43},"end":{"line":55,"column":null}},{"start":{"line":55,"column":35},"end":{"line":55,"column":47}}]},"42":{"loc":{"start":{"line":55,"column":47},"end":{"line":56,"column":null}},"type":"cond-expr","locations":[{"start":{"line":56,"column":47},"end":{"line":56,"column":null}},{"start":{"line":56,"column":47},"end":{"line":56,"column":null}}]},"43":{"loc":{"start":{"line":55,"column":47},"end":{"line":56,"column":47}},"type":"binary-expr","locations":[{"start":{"line":55,"column":47},"end":{"line":56,"column":null}},{"start":{"line":56,"column":35},"end":{"line":56,"column":47}}]}},"s":{"0":1,"1":1,"2":1,"3":1,"4":1,"5":1,"6":1,"7":1,"8":1,"9":1,"10":1,"11":1,"12":1,"13":2,"14":2,"15":2,"16":0,"17":2,"18":0,"19":0,"20":1,"21":21,"22":21,"23":21,"24":21,"25":21,"26":7,"27":5,"28":5,"29":5,"30":6,"31":6,"32":6,"33":6,"34":6,"35":5,"36":6,"37":6,"38":6,"39":6,"40":3,"41":3,"42":1,"43":2,"44":2,"45":2,"46":2,"47":0,"48":2,"49":1,"50":1,"51":2,"52":2,"53":2,"54":2,"55":2,"56":1,"57":1,"58":1,"59":1,"60":1,"61":2,"62":2,"63":0,"64":0,"65":0,"66":3,"67":3,"68":1,"69":2,"70":2,"71":1,"72":1,"73":2,"74":2,"75":1,"76":1,"77":1,"78":2,"79":2,"80":1,"81":1,"82":0,"83":0,"84":0,"85":0,"86":0,"87":0,"88":0,"89":0,"90":0,"91":1,"92":1,"93":1,"94":1,"95":1,"96":1,"97":1,"98":2,"99":2,"100":2,"101":1,"102":1,"103":1,"104":1,"105":1,"106":1,"107":1,"108":2,"109":2,"110":1,"111":1,"112":1,"113":0,"114":1,"115":1,"116":1,"117":1,"118":1,"119":1,"120":2,"121":2,"122":1,"123":1,"124":4,"125":4,"126":3,"127":0,"128":3,"129":3,"130":1,"131":2,"132":2,"133":1,"134":1,"135":1,"136":0,"137":1,"138":1,"139":0,"140":1,"141":3,"142":2,"143":1,"144":1,"145":1},"f":{"0":2,"1":0,"2":21,"3":7,"4":5,"5":6,"6":6,"7":6,"8":3,"9":2,"10":3,"11":2,"12":2,"13":1,"14":2,"15":2,"16":2,"17":1,"18":4},"b":{"0":[2,0],"1":[0,2],"2":[5,4],"3":[5,1],"4":[1,2],"5":[0,2],"6":[1,1],"7":[1,1],"8":[1,0],"9":[0,0],"10":[0,0],"11":[1,2],"12":[1,1],"13":[1,1],"14":[1,1],"15":[0,1],"16":[0,0],"17":[0,0],"18":[0,0],"19":[0,0],"20":[0,0],"21":[0,0],"22":[1,1],"23":[1,1],"24":[1,1],"25":[0,1],"26":[0,3],"27":[3,3],"28":[1,2],"29":[1,1],"30":[1,0],"31":[0,1],"32":[0,1],"33":[2,1],"34":[1,0],"35":[1,1],"36":[1,0],"37":[1,1],"38":[1,0],"39":[1,1],"40":[1,0],"41":[1,1],"42":[1,0],"43":[1,1]}}
,"C:\\Users\\user\\Downloads\\Free_job\\موقع تعليم\\apps\\api\\src\\auth\\decorators\\current-user.decorator.ts": {"path":"C:\\Users\\user\\Downloads\\Free_job\\موقع تعليم\\apps\\api\\src\\auth\\decorators\\current-user.decorator.ts","statementMap":{"0":{"start":{"line":1,"column":0},"end":{"line":1,"column":72}},"1":{"start":{"line":3,"column":13},"end":{"line":8,"column":2}},"2":{"start":{"line":5,"column":20},"end":{"line":5,"column":51}},"3":{"start":{"line":6,"column":4},"end":{"line":6,"column":24}}},"fnMap":{"0":{"name":"(anonymous_0)","decl":{"start":{"line":4,"column":2},"end":{"line":4,"column":3}},"loc":{"start":{"line":4,"column":43},"end":{"line":7,"column":3}}}},"branchMap":{},"s":{"0":1,"1":1,"2":0,"3":0},"f":{"0":0},"b":{}}
,"C:\\Users\\user\\Downloads\\Free_job\\موقع تعليم\\apps\\api\\src\\auth\\decorators\\permissions.decorator.ts": {"path":"C:\\Users\\user\\Downloads\\Free_job\\موقع تعليم\\apps\\api\\src\\auth\\decorators\\permissions.decorator.ts","statementMap":{"0":{"start":{"line":1,"column":0},"end":{"line":1,"column":45}},"1":{"start":{"line":3,"column":13},"end":{"line":3,"column":45}},"2":{"start":{"line":4,"column":34},"end":{"line":5,"column":43}},"3":{"start":{"line":5,"column":2},"end":{"line":5,"column":43}},"4":{"start":{"line":4,"column":13},"end":{"line":4,"column":34}}},"fnMap":{"0":{"name":"(anonymous_0)","decl":{"start":{"line":4,"column":34},"end":{"line":4,"column":35}},"loc":{"start":{"line":5,"column":2},"end":{"line":5,"column":43}}}},"branchMap":{},"s":{"0":1,"1":1,"2":1,"3":0,"4":1},"f":{"0":0},"b":{}}
,"C:\\Users\\user\\Downloads\\Free_job\\موقع تعليم\\apps\\api\\src\\auth\\decorators\\public.decorator.ts": {"path":"C:\\Users\\user\\Downloads\\Free_job\\موقع تعليم\\apps\\api\\src\\auth\\decorators\\public.decorator.ts","statementMap":{"0":{"start":{"line":1,"column":0},"end":{"line":1,"column":45}},"1":{"start":{"line":3,"column":13},"end":{"line":3,"column":41}},"2":{"start":{"line":4,"column":22},"end":{"line":4,"column":60}},"3":{"start":{"line":4,"column":28},"end":{"line":4,"column":60}},"4":{"start":{"line":4,"column":13},"end":{"line":4,"column":22}}},"fnMap":{"0":{"name":"(anonymous_0)","decl":{"start":{"line":4,"column":22},"end":{"line":4,"column":25}},"loc":{"start":{"line":4,"column":28},"end":{"line":4,"column":60}}}},"branchMap":{},"s":{"0":3,"1":3,"2":3,"3":3,"4":3},"f":{"0":3},"b":{}}
,"C:\\Users\\user\\Downloads\\Free_job\\موقع تعليم\\apps\\api\\src\\auth\\decorators\\roles.decorator.ts": {"path":"C:\\Users\\user\\Downloads\\Free_job\\موقع تعليم\\apps\\api\\src\\auth\\decorators\\roles.decorator.ts","statementMap":{"0":{"start":{"line":1,"column":0},"end":{"line":1,"column":45}},"1":{"start":{"line":4,"column":13},"end":{"line":4,"column":33}},"2":{"start":{"line":5,"column":21},"end":{"line":5,"column":76}},"3":{"start":{"line":5,"column":47},"end":{"line":5,"column":76}},"4":{"start":{"line":5,"column":13},"end":{"line":5,"column":21}}},"fnMap":{"0":{"name":"(anonymous_0)","decl":{"start":{"line":5,"column":21},"end":{"line":5,"column":22}},"loc":{"start":{"line":5,"column":47},"end":{"line":5,"column":76}}}},"branchMap":{},"s":{"0":2,"1":2,"2":2,"3":3,"4":2},"f":{"0":3},"b":{}}
,"C:\\Users\\user\\Downloads\\Free_job\\موقع تعليم\\apps\\api\\src\\auth\\guards\\google-config.guard.ts": {"path":"C:\\Users\\user\\Downloads\\Free_job\\موقع تعليم\\apps\\api\\src\\auth\\guards\\google-config.guard.ts","statementMap":{"0":{"start":{"line":1,"column":0},"end":{"line":1,"column":null}},"1":{"start":{"line":7,"column":0},"end":{"line":7,"column":47}},"2":{"start":{"line":10,"column":7},"end":{"line":26,"column":null}},"3":{"start":{"line":11,"column":31},"end":{"line":11,"column":46}},"4":{"start":{"line":14,"column":21},"end":{"line":14,"column":71}},"5":{"start":{"line":15,"column":25},"end":{"line":15,"column":79}},"6":{"start":{"line":16,"column":24},"end":{"line":16,"column":77}},"7":{"start":{"line":18,"column":4},"end":{"line":22,"column":5}},"8":{"start":{"line":19,"column":6},"end":{"line":21,"column":8}},"9":{"start":{"line":24,"column":4},"end":{"line":24,"column":16}},"10":{"start":{"line":10,"column":13},"end":{"line":10,"column":30}},"11":{"start":{"line":10,"column":13},"end":{"line":26,"column":null}}},"fnMap":{"0":{"name":"(anonymous_2)","decl":{"start":{"line":11,"column":2},"end":{"line":11,"column":31}},"loc":{"start":{"line":11,"column":59},"end":{"line":11,"column":63}}},"1":{"name":"(anonymous_3)","decl":{"start":{"line":13,"column":2},"end":{"line":13,"column":13}},"loc":{"start":{"line":13,"column":40},"end":{"line":25,"column":3}}}},"branchMap":{"0":{"loc":{"start":{"line":18,"column":4},"end":{"line":22,"column":5}},"type":"if","locations":[{"start":{"line":18,"column":4},"end":{"line":22,"column":5}},{"start":{},"end":{}}]},"1":{"loc":{"start":{"line":18,"column":8},"end":{"line":18,"column":50}},"type":"binary-expr","locations":[{"start":{"line":18,"column":8},"end":{"line":18,"column":17}},{"start":{"line":18,"column":21},"end":{"line":18,"column":34}},{"start":{"line":18,"column":38},"end":{"line":18,"column":50}}]},"2":{"loc":{"start":{"line":11,"column":46},"end":{"line":11,"column":62}},"type":"cond-expr","locations":[{"start":{"line":11,"column":59},"end":{"line":11,"column":62}},{"start":{"line":11,"column":59},"end":{"line":11,"column":62}}]},"3":{"loc":{"start":{"line":11,"column":46},"end":{"line":11,"column":59}},"type":"binary-expr","locations":[{"start":{"line":11,"column":46},"end":{"line":11,"column":62}},{"start":{"line":11,"column":46},"end":{"line":11,"column":59}}]}},"s":{"0":0,"1":0,"2":0,"3":0,"4":0,"5":0,"6":0,"7":0,"8":0,"9":0,"10":0,"11":0},"f":{"0":0,"1":0},"b":{"0":[0,0],"1":[0,0,0],"2":[0,0],"3":[0,0]}}
,"C:\\Users\\user\\Downloads\\Free_job\\موقع تعليم\\apps\\api\\src\\auth\\guards\\jwt-auth.guard.ts": {"path":"C:\\Users\\user\\Downloads\\Free_job\\موقع تعليم\\apps\\api\\src\\auth\\guards\\jwt-auth.guard.ts","statementMap":{"0":{"start":{"line":1,"column":0},"end":{"line":1,"column":62}},"1":{"start":{"line":2,"column":0},"end":{"line":2,"column":41}},"2":{"start":{"line":3,"column":0},"end":{"line":3,"column":45}},"3":{"start":{"line":4,"column":0},"end":{"line":4,"column":66}},"4":{"start":{"line":7,"column":7},"end":{"line":22,"column":null}},"5":{"start":{"line":9,"column":4},"end":{"line":9,"column":12}},"6":{"start":{"line":8,"column":22},"end":{"line":8,"column":33}},"7":{"start":{"line":13,"column":21},"end":{"line":16,"column":6}},"8":{"start":{"line":17,"column":4},"end":{"line":19,"column":5}},"9":{"start":{"line":18,"column":6},"end":{"line":18,"column":18}},"10":{"start":{"line":20,"column":4},"end":{"line":20,"column":38}},"11":{"start":{"line":7,"column":13},"end":{"line":7,"column":25}},"12":{"start":{"line":7,"column":13},"end":{"line":22,"column":null}}},"fnMap":{"0":{"name":"(anonymous_2)","decl":{"start":{"line":8,"column":2},"end":{"line":8,"column":22}},"loc":{"start":{"line":8,"column":42},"end":{"line":10,"column":3}}},"1":{"name":"(anonymous_3)","decl":{"start":{"line":12,"column":2},"end":{"line":12,"column":13}},"loc":{"start":{"line":12,"column":39},"end":{"line":21,"column":3}}}},"branchMap":{"0":{"loc":{"start":{"line":17,"column":4},"end":{"line":19,"column":5}},"type":"if","locations":[{"start":{"line":17,"column":4},"end":{"line":19,"column":5}},{"start":{},"end":{}}]},"1":{"loc":{"start":{"line":8,"column":33},"end":{"line":8,"column":null}},"type":"cond-expr","locations":[{"start":{"line":8,"column":42},"end":{"line":8,"column":null}},{"start":{"line":8,"column":42},"end":{"line":8,"column":null}}]},"2":{"loc":{"start":{"line":8,"column":33},"end":{"line":8,"column":42}},"type":"binary-expr","locations":[{"start":{"line":8,"column":33},"end":{"line":8,"column":null}},{"start":{"line":8,"column":33},"end":{"line":8,"column":42}}]}},"s":{"0":1,"1":1,"2":1,"3":1,"4":1,"5":1,"6":1,"7":0,"8":0,"9":0,"10":0,"11":1,"12":1},"f":{"0":1,"1":0},"b":{"0":[0,0],"1":[1,0],"2":[1,1]}}
,"C:\\Users\\user\\Downloads\\Free_job\\موقع تعليم\\apps\\api\\src\\auth\\guards\\permissions.guard.ts": {"path":"C:\\Users\\user\\Downloads\\Free_job\\موقع تعليم\\apps\\api\\src\\auth\\guards\\permissions.guard.ts","statementMap":{"0":{"start":{"line":1,"column":0},"end":{"line":1,"column":null}},"1":{"start":{"line":7,"column":0},"end":{"line":7,"column":41}},"2":{"start":{"line":8,"column":0},"end":{"line":8,"column":38}},"3":{"start":{"line":9,"column":0},"end":{"line":9,"column":73}},"4":{"start":{"line":12,"column":7},"end":{"line":52,"column":null}},"5":{"start":{"line":13,"column":31},"end":{"line":13,"column":42}},"6":{"start":{"line":16,"column":32},"end":{"line":18,"column":null}},"7":{"start":{"line":21,"column":4},"end":{"line":23,"column":5}},"8":{"start":{"line":22,"column":6},"end":{"line":22,"column":18}},"9":{"start":{"line":25,"column":21},"end":{"line":25,"column":null}},"10":{"start":{"line":29,"column":4},"end":{"line":31,"column":5}},"11":{"start":{"line":30,"column":6},"end":{"line":30,"column":70}},"12":{"start":{"line":33,"column":4},"end":{"line":35,"column":5}},"13":{"start":{"line":34,"column":6},"end":{"line":34,"column":18}},"14":{"start":{"line":37,"column":4},"end":{"line":39,"column":5}},"15":{"start":{"line":38,"column":6},"end":{"line":38,"column":73}},"16":{"start":{"line":41,"column":32},"end":{"line":41,"column":62}},"17":{"start":{"line":42,"column":30},"end":{"line":43,"column":null}},"18":{"start":{"line":43,"column":6},"end":{"line":43,"column":46}},"19":{"start":{"line":46,"column":4},"end":{"line":48,"column":5}},"20":{"start":{"line":47,"column":6},"end":{"line":47,"column":80}},"21":{"start":{"line":50,"column":4},"end":{"line":50,"column":16}},"22":{"start":{"line":12,"column":13},"end":{"line":12,"column":29}},"23":{"start":{"line":12,"column":13},"end":{"line":52,"column":null}}},"fnMap":{"0":{"name":"(anonymous_2)","decl":{"start":{"line":13,"column":2},"end":{"line":13,"column":31}},"loc":{"start":{"line":13,"column":51},"end":{"line":13,"column":55}}},"1":{"name":"(anonymous_3)","decl":{"start":{"line":15,"column":2},"end":{"line":15,"column":13}},"loc":{"start":{"line":15,"column":39},"end":{"line":51,"column":3}}},"2":{"name":"(anonymous_4)","decl":{"start":{"line":42,"column":56},"end":{"line":42,"column":57}},"loc":{"start":{"line":43,"column":6},"end":{"line":43,"column":46}}}},"branchMap":{"0":{"loc":{"start":{"line":21,"column":4},"end":{"line":23,"column":5}},"type":"if","locations":[{"start":{"line":21,"column":4},"end":{"line":23,"column":5}},{"start":{},"end":{}}]},"1":{"loc":{"start":{"line":21,"column":8},"end":{"line":21,"column":64}},"type":"binary-expr","locations":[{"start":{"line":21,"column":8},"end":{"line":21,"column":28}},{"start":{"line":21,"column":32},"end":{"line":21,"column":64}}]},"2":{"loc":{"start":{"line":29,"column":4},"end":{"line":31,"column":5}},"type":"if","locations":[{"start":{"line":29,"column":4},"end":{"line":31,"column":5}},{"start":{},"end":{}}]},"3":{"loc":{"start":{"line":33,"column":4},"end":{"line":35,"column":5}},"type":"if","locations":[{"start":{"line":33,"column":4},"end":{"line":35,"column":5}},{"start":{},"end":{}}]},"4":{"loc":{"start":{"line":37,"column":4},"end":{"line":39,"column":5}},"type":"if","locations":[{"start":{"line":37,"column":4},"end":{"line":39,"column":5}},{"start":{},"end":{}}]},"5":{"loc":{"start":{"line":41,"column":32},"end":{"line":41,"column":62}},"type":"binary-expr","locations":[{"start":{"line":41,"column":32},"end":{"line":41,"column":56}},{"start":{"line":41,"column":60},"end":{"line":41,"column":62}}]},"6":{"loc":{"start":{"line":46,"column":4},"end":{"line":48,"column":5}},"type":"if","locations":[{"start":{"line":46,"column":4},"end":{"line":48,"column":5}},{"start":{},"end":{}}]},"7":{"loc":{"start":{"line":13,"column":42},"end":{"line":13,"column":54}},"type":"cond-expr","locations":[{"start":{"line":13,"column":51},"end":{"line":13,"column":54}},{"start":{"line":13,"column":51},"end":{"line":13,"column":54}}]},"8":{"loc":{"start":{"line":13,"column":42},"end":{"line":13,"column":51}},"type":"binary-expr","locations":[{"start":{"line":13,"column":42},"end":{"line":13,"column":54}},{"start":{"line":13,"column":42},"end":{"line":13,"column":51}}]}},"s":{"0":1,"1":1,"2":1,"3":1,"4":1,"5":4,"6":4,"7":4,"8":1,"9":3,"10":3,"11":0,"12":3,"13":1,"14":2,"15":0,"16":2,"17":2,"18":2,"19":2,"20":1,"21":1,"22":1,"23":1},"f":{"0":4,"1":4,"2":2},"b":{"0":[1,3],"1":[4,3],"2":[0,3],"3":[1,2],"4":[0,2],"5":[2,0],"6":[1,1],"7":[1,0],"8":[1,1]}}
,"C:\\Users\\user\\Downloads\\Free_job\\موقع تعليم\\apps\\api\\src\\auth\\guards\\roles.guard.ts": {"path":"C:\\Users\\user\\Downloads\\Free_job\\موقع تعليم\\apps\\api\\src\\auth\\guards\\roles.guard.ts","statementMap":{"0":{"start":{"line":1,"column":0},"end":{"line":1,"column":75}},"1":{"start":{"line":2,"column":0},"end":{"line":2,"column":41}},"2":{"start":{"line":3,"column":0},"end":{"line":3,"column":61}},"3":{"start":{"line":7,"column":7},"end":{"line":21,"column":null}},"4":{"start":{"line":8,"column":22},"end":{"line":8,"column":33}},"5":{"start":{"line":11,"column":26},"end":{"line":13,"column":null}},"6":{"start":{"line":15,"column":4},"end":{"line":17,"column":5}},"7":{"start":{"line":16,"column":6},"end":{"line":16,"column":18}},"8":{"start":{"line":18,"column":21},"end":{"line":18,"column":56}},"9":{"start":{"line":19,"column":4},"end":{"line":19,"column":45}},"10":{"start":{"line":7,"column":13},"end":{"line":7,"column":23}},"11":{"start":{"line":7,"column":13},"end":{"line":21,"column":null}}},"fnMap":{"0":{"name":"(anonymous_2)","decl":{"start":{"line":8,"column":2},"end":{"line":8,"column":22}},"loc":{"start":{"line":8,"column":42},"end":{"line":8,"column":46}}},"1":{"name":"(anonymous_3)","decl":{"start":{"line":10,"column":2},"end":{"line":10,"column":13}},"loc":{"start":{"line":10,"column":39},"end":{"line":20,"column":3}}}},"branchMap":{"0":{"loc":{"start":{"line":15,"column":4},"end":{"line":17,"column":5}},"type":"if","locations":[{"start":{"line":15,"column":4},"end":{"line":17,"column":5}},{"start":{},"end":{}}]},"1":{"loc":{"start":{"line":15,"column":8},"end":{"line":15,"column":52}},"type":"binary-expr","locations":[{"start":{"line":15,"column":8},"end":{"line":15,"column":22}},{"start":{"line":15,"column":26},"end":{"line":15,"column":52}}]},"2":{"loc":{"start":{"line":8,"column":33},"end":{"line":8,"column":45}},"type":"cond-expr","locations":[{"start":{"line":8,"column":42},"end":{"line":8,"column":45}},{"start":{"line":8,"column":42},"end":{"line":8,"column":45}}]},"3":{"loc":{"start":{"line":8,"column":33},"end":{"line":8,"column":42}},"type":"binary-expr","locations":[{"start":{"line":8,"column":33},"end":{"line":8,"column":45}},{"start":{"line":8,"column":33},"end":{"line":8,"column":42}}]}},"s":{"0":1,"1":1,"2":1,"3":1,"4":1,"5":0,"6":0,"7":0,"8":0,"9":0,"10":1,"11":1},"f":{"0":1,"1":0},"b":{"0":[0,0],"1":[0,0],"2":[1,0],"3":[1,1]}}
,"C:\\Users\\user\\Downloads\\Free_job\\موقع تعليم\\apps\\api\\src\\auth\\guards\\session.guard.ts": {"path":"C:\\Users\\user\\Downloads\\Free_job\\موقع تعليم\\apps\\api\\src\\auth\\guards\\session.guard.ts","statementMap":{"0":{"start":{"line":1,"column":0},"end":{"line":1,"column":null}},"1":{"start":{"line":8,"column":0},"end":{"line":8,"column":41}},"2":{"start":{"line":9,"column":0},"end":{"line":9,"column":60}},"3":{"start":{"line":10,"column":0},"end":{"line":10,"column":66}},"4":{"start":{"line":13,"column":7},"end":{"line":58,"column":null}},"5":{"start":{"line":15,"column":21},"end":{"line":15,"column":35}},"6":{"start":{"line":16,"column":21},"end":{"line":16,"column":32}},"7":{"start":{"line":20,"column":21},"end":{"line":23,"column":6}},"8":{"start":{"line":24,"column":4},"end":{"line":26,"column":5}},"9":{"start":{"line":25,"column":6},"end":{"line":25,"column":18}},"10":{"start":{"line":28,"column":20},"end":{"line":28,"column":55}},"11":{"start":{"line":29,"column":17},"end":{"line":29,"column":29}},"12":{"start":{"line":30,"column":4},"end":{"line":34,"column":5}},"13":{"start":{"line":31,"column":6},"end":{"line":33,"column":8}},"14":{"start":{"line":37,"column":4},"end":{"line":39,"column":5}},"15":{"start":{"line":38,"column":6},"end":{"line":38,"column":18}},"16":{"start":{"line":41,"column":26},"end":{"line":42,"column":null}},"17":{"start":{"line":45,"column":4},"end":{"line":49,"column":5}},"18":{"start":{"line":46,"column":6},"end":{"line":48,"column":8}},"19":{"start":{"line":50,"column":4},"end":{"line":54,"column":5}},"20":{"start":{"line":51,"column":6},"end":{"line":53,"column":8}},"21":{"start":{"line":56,"column":4},"end":{"line":56,"column":16}},"22":{"start":{"line":13,"column":13},"end":{"line":13,"column":25}},"23":{"start":{"line":13,"column":13},"end":{"line":58,"column":null}}},"fnMap":{"0":{"name":"(anonymous_2)","decl":{"start":{"line":14,"column":2},"end":{"line":14,"column":null}},"loc":{"start":{"line":16,"column":41},"end":{"line":17,"column":6}}},"1":{"name":"(anonymous_3)","decl":{"start":{"line":19,"column":2},"end":{"line":19,"column":7}},"loc":{"start":{"line":19,"column":45},"end":{"line":57,"column":3}}}},"branchMap":{"0":{"loc":{"start":{"line":24,"column":4},"end":{"line":26,"column":5}},"type":"if","locations":[{"start":{"line":24,"column":4},"end":{"line":26,"column":5}},{"start":{},"end":{}}]},"1":{"loc":{"start":{"line":30,"column":4},"end":{"line":34,"column":5}},"type":"if","locations":[{"start":{"line":30,"column":4},"end":{"line":34,"column":5}},{"start":{},"end":{}}]},"2":{"loc":{"start":{"line":30,"column":8},"end":{"line":30,"column":25}},"type":"binary-expr","locations":[{"start":{"line":30,"column":8},"end":{"line":30,"column":13}},{"start":{"line":30,"column":17},"end":{"line":30,"column":25}}]},"3":{"loc":{"start":{"line":37,"column":4},"end":{"line":39,"column":5}},"type":"if","locations":[{"start":{"line":37,"column":4},"end":{"line":39,"column":5}},{"start":{},"end":{}}]},"4":{"loc":{"start":{"line":45,"column":4},"end":{"line":49,"column":5}},"type":"if","locations":[{"start":{"line":45,"column":4},"end":{"line":49,"column":5}},{"start":{},"end":{}}]},"5":{"loc":{"start":{"line":45,"column":8},"end":{"line":45,"column":62}},"type":"binary-expr","locations":[{"start":{"line":45,"column":8},"end":{"line":45,"column":30}},{"start":{"line":45,"column":34},"end":{"line":45,"column":62}}]},"6":{"loc":{"start":{"line":50,"column":4},"end":{"line":54,"column":5}},"type":"if","locations":[{"start":{"line":50,"column":4},"end":{"line":54,"column":5}},{"start":{},"end":{}}]},"7":{"loc":{"start":{"line":15,"column":35},"end":{"line":15,"column":null}},"type":"cond-expr","locations":[{"start":{"line":15,"column":47},"end":{"line":15,"column":null}},{"start":{"line":15,"column":47},"end":{"line":15,"column":null}}]},"8":{"loc":{"start":{"line":15,"column":35},"end":{"line":15,"column":47}},"type":"binary-expr","locations":[{"start":{"line":15,"column":35},"end":{"line":15,"column":null}},{"start":{"line":15,"column":35},"end":{"line":15,"column":47}}]},"9":{"loc":{"start":{"line":15,"column":47},"end":{"line":16,"column":null}},"type":"cond-expr","locations":[{"start":{"line":16,"column":41},"end":{"line":16,"column":null}},{"start":{"line":16,"column":41},"end":{"line":16,"column":null}}]},"10":{"loc":{"start":{"line":15,"column":47},"end":{"line":16,"column":41}},"type":"binary-expr","locations":[{"start":{"line":15,"column":47},"end":{"line":16,"column":null}},{"start":{"line":16,"column":32},"end":{"line":16,"column":41}}]}},"s":{"0":0,"1":0,"2":0,"3":0,"4":0,"5":0,"6":0,"7":0,"8":0,"9":0,"10":0,"11":0,"12":0,"13":0,"14":0,"15":0,"16":0,"17":0,"18":0,"19":0,"20":0,"21":0,"22":0,"23":0},"f":{"0":0,"1":0},"b":{"0":[0,0],"1":[0,0],"2":[0,0],"3":[0,0],"4":[0,0],"5":[0,0],"6":[0,0],"7":[0,0],"8":[0,0],"9":[0,0],"10":[0,0]}}
,"C:\\Users\\user\\Downloads\\Free_job\\موقع تعليم\\apps\\api\\src\\auth\\strategies\\google.strategy.ts": {"path":"C:\\Users\\user\\Downloads\\Free_job\\موقع تعليم\\apps\\api\\src\\auth\\strategies\\google.strategy.ts","statementMap":{"0":{"start":{"line":1,"column":0},"end":{"line":1,"column":67}},"1":{"start":{"line":2,"column":0},"end":{"line":2,"column":52}},"2":{"start":{"line":3,"column":0},"end":{"line":3,"column":67}},"3":{"start":{"line":4,"column":0},"end":{"line":4,"column":47}},"4":{"start":{"line":7,"column":7},"end":{"line":57,"column":null}},"5":{"start":{"line":11,"column":21},"end":{"line":11,"column":66}},"6":{"start":{"line":12,"column":25},"end":{"line":12,"column":74}},"7":{"start":{"line":13,"column":24},"end":{"line":13,"column":72}},"8":{"start":{"line":15,"column":20},"end":{"line":15,"column":63}},"9":{"start":{"line":17,"column":4},"end":{"line":23,"column":7}},"10":{"start":{"line":25,"column":4},"end":{"line":25,"column":33}},"11":{"start":{"line":39,"column":4},"end":{"line":43,"column":5}},"12":{"start":{"line":40,"column":6},"end":{"line":42,"column":8}},"13":{"start":{"line":44,"column":41},"end":{"line":44,"column":48}},"14":{"start":{"line":45,"column":18},"end":{"line":45,"column":36}},"15":{"start":{"line":46,"column":4},"end":{"line":48,"column":5}},"16":{"start":{"line":47,"column":6},"end":{"line":47,"column":77}},"17":{"start":{"line":49,"column":4},"end":{"line":55,"column":6}},"18":{"start":{"line":7,"column":13},"end":{"line":7,"column":27}},"19":{"start":{"line":7,"column":13},"end":{"line":57,"column":null}}},"fnMap":{"0":{"name":"(anonymous_2)","decl":{"start":{"line":10,"column":2},"end":{"line":10,"column":14}},"loc":{"start":{"line":10,"column":42},"end":{"line":26,"column":3}}},"1":{"name":"(anonymous_3)","decl":{"start":{"line":28,"column":2},"end":{"line":28,"column":10}},"loc":{"start":{"line":37,"column":25},"end":{"line":56,"column":3}}}},"branchMap":{"0":{"loc":{"start":{"line":15,"column":23},"end":{"line":15,"column":62}},"type":"binary-expr","locations":[{"start":{"line":15,"column":23},"end":{"line":15,"column":31}},{"start":{"line":15,"column":35},"end":{"line":15,"column":47}},{"start":{"line":15,"column":51},"end":{"line":15,"column":62}}]},"1":{"loc":{"start":{"line":18,"column":16},"end":{"line":18,"column":37}},"type":"binary-expr","locations":[{"start":{"line":18,"column":16},"end":{"line":18,"column":24}},{"start":{"line":18,"column":28},"end":{"line":18,"column":37}}]},"2":{"loc":{"start":{"line":19,"column":20},"end":{"line":19,"column":45}},"type":"binary-expr","locations":[{"start":{"line":19,"column":20},"end":{"line":19,"column":32}},{"start":{"line":19,"column":36},"end":{"line":19,"column":45}}]},"3":{"loc":{"start":{"line":20,"column":19},"end":{"line":20,"column":60}},"type":"binary-expr","locations":[{"start":{"line":20,"column":19},"end":{"line":20,"column":30}},{"start":{"line":20,"column":34},"end":{"line":20,"column":60}}]},"4":{"loc":{"start":{"line":39,"column":4},"end":{"line":43,"column":5}},"type":"if","locations":[{"start":{"line":39,"column":4},"end":{"line":43,"column":5}},{"start":{},"end":{}}]},"5":{"loc":{"start":{"line":46,"column":4},"end":{"line":48,"column":5}},"type":"if","locations":[{"start":{"line":46,"column":4},"end":{"line":48,"column":5}},{"start":{},"end":{}}]},"6":{"loc":{"start":{"line":52,"column":17},"end":{"line":52,"column":42}},"type":"binary-expr","locations":[{"start":{"line":52,"column":17},"end":{"line":52,"column":32}},{"start":{"line":52,"column":36},"end":{"line":52,"column":42}}]},"7":{"loc":{"start":{"line":53,"column":16},"end":{"line":53,"column":38}},"type":"binary-expr","locations":[{"start":{"line":53,"column":16},"end":{"line":53,"column":32}},{"start":{"line":53,"column":36},"end":{"line":53,"column":38}}]},"8":{"loc":{"start":{"line":10,"column":29},"end":{"line":10,"column":null}},"type":"cond-expr","locations":[{"start":{"line":10,"column":42},"end":{"line":10,"column":null}},{"start":{"line":10,"column":42},"end":{"line":10,"column":null}}]},"9":{"loc":{"start":{"line":10,"column":29},"end":{"line":10,"column":42}},"type":"binary-expr","locations":[{"start":{"line":10,"column":29},"end":{"line":10,"column":null}},{"start":{"line":10,"column":29},"end":{"line":10,"column":42}}]}},"s":{"0":0,"1":0,"2":0,"3":0,"4":0,"5":0,"6":0,"7":0,"8":0,"9":0,"10":0,"11":0,"12":0,"13":0,"14":0,"15":0,"16":0,"17":0,"18":0,"19":0},"f":{"0":0,"1":0},"b":{"0":[0,0,0],"1":[0,0],"2":[0,0],"3":[0,0],"4":[0,0],"5":[0,0],"6":[0,0],"7":[0,0],"8":[0,0],"9":[0,0]}}
,"C:\\Users\\user\\Downloads\\Free_job\\موقع تعليم\\apps\\api\\src\\auth\\strategies\\jwt.strategy.ts": {"path":"C:\\Users\\user\\Downloads\\Free_job\\موقع تعليم\\apps\\api\\src\\auth\\strategies\\jwt.strategy.ts","statementMap":{"0":{"start":{"line":1,"column":0},"end":{"line":1,"column":67}},"1":{"start":{"line":2,"column":0},"end":{"line":2,"column":52}},"2":{"start":{"line":3,"column":0},"end":{"line":3,"column":52}},"3":{"start":{"line":4,"column":0},"end":{"line":4,"column":47}},"4":{"start":{"line":5,"column":0},"end":{"line":5,"column":51}},"5":{"start":{"line":6,"column":0},"end":{"line":6,"column":37}},"6":{"start":{"line":7,"column":0},"end":{"line":7,"column":53}},"7":{"start":{"line":19,"column":7},"end":{"line":54,"column":null}},"8":{"start":{"line":24,"column":4},"end":{"line":28,"column":7}},"9":{"start":{"line":22,"column":45},"end":{"line":22,"column":61}},"10":{"start":{"line":32,"column":4},"end":{"line":34,"column":5}},"11":{"start":{"line":33,"column":6},"end":{"line":33,"column":63}},"12":{"start":{"line":36,"column":17},"end":{"line":39,"column":6}},"13":{"start":{"line":40,"column":4},"end":{"line":44,"column":5}},"14":{"start":{"line":41,"column":6},"end":{"line":43,"column":8}},"15":{"start":{"line":45,"column":4},"end":{"line":52,"column":6}},"16":{"start":{"line":19,"column":13},"end":{"line":19,"column":24}},"17":{"start":{"line":19,"column":13},"end":{"line":54,"column":null}}},"fnMap":{"0":{"name":"(anonymous_4)","decl":{"start":{"line":20,"column":2},"end":{"line":20,"column":null}},"loc":{"start":{"line":22,"column":77},"end":{"line":29,"column":3}}},"1":{"name":"(anonymous_5)","decl":{"start":{"line":31,"column":2},"end":{"line":31,"column":7}},"loc":{"start":{"line":31,"column":36},"end":{"line":53,"column":3}}}},"branchMap":{"0":{"loc":{"start":{"line":32,"column":4},"end":{"line":34,"column":5}},"type":"if","locations":[{"start":{"line":32,"column":4},"end":{"line":34,"column":5}},{"start":{},"end":{}}]},"1":{"loc":{"start":{"line":32,"column":8},"end":{"line":32,"column":49}},"type":"binary-expr","locations":[{"start":{"line":32,"column":8},"end":{"line":32,"column":20}},{"start":{"line":32,"column":24},"end":{"line":32,"column":49}}]},"2":{"loc":{"start":{"line":40,"column":4},"end":{"line":44,"column":5}},"type":"if","locations":[{"start":{"line":40,"column":4},"end":{"line":44,"column":5}},{"start":{},"end":{}}]},"3":{"loc":{"start":{"line":51,"column":27},"end":{"line":51,"column":74}},"type":"binary-expr","locations":[{"start":{"line":51,"column":27},"end":{"line":51,"column":68}},{"start":{"line":51,"column":72},"end":{"line":51,"column":74}}]},"4":{"loc":{"start":{"line":21,"column":19},"end":{"line":21,"column":null}},"type":"cond-expr","locations":[{"start":{"line":21,"column":32},"end":{"line":21,"column":null}},{"start":{"line":21,"column":32},"end":{"line":21,"column":null}}]},"5":{"loc":{"start":{"line":21,"column":19},"end":{"line":21,"column":32}},"type":"binary-expr","locations":[{"start":{"line":21,"column":19},"end":{"line":21,"column":null}},{"start":{"line":21,"column":19},"end":{"line":21,"column":32}}]},"6":{"loc":{"start":{"line":21,"column":32},"end":{"line":22,"column":77}},"type":"cond-expr","locations":[{"start":{"line":22,"column":71},"end":{"line":22,"column":77}},{"start":{"line":22,"column":71},"end":{"line":22,"column":77}}]},"7":{"loc":{"start":{"line":21,"column":32},"end":{"line":22,"column":71}},"type":"binary-expr","locations":[{"start":{"line":21,"column":32},"end":{"line":22,"column":77}},{"start":{"line":22,"column":61},"end":{"line":22,"column":71}}]}},"s":{"0":0,"1":0,"2":0,"3":0,"4":0,"5":0,"6":0,"7":0,"8":0,"9":0,"10":0,"11":0,"12":0,"13":0,"14":0,"15":0,"16":0,"17":0},"f":{"0":0,"1":0},"b":{"0":[0,0],"1":[0,0],"2":[0,0],"3":[0,0],"4":[0,0],"5":[0,0],"6":[0,0],"7":[0,0]}}
,"C:\\Users\\user\\Downloads\\Free_job\\موقع تعليم\\apps\\api\\src\\common\\csrf.middleware.ts": {"path":"C:\\Users\\user\\Downloads\\Free_job\\موقع تعليم\\apps\\api\\src\\common\\csrf.middleware.ts","statementMap":{"0":{"start":{"line":1,"column":0},"end":{"line":1,"column":80}},"1":{"start":{"line":2,"column":0},"end":{"line":2,"column":47}},"2":{"start":{"line":6,"column":13},"end":{"line":6,"column":48}},"3":{"start":{"line":7,"column":13},"end":{"line":7,"column":40}},"4":{"start":{"line":10,"column":7},"end":{"line":82,"column":null}},"5":{"start":{"line":14,"column":31},"end":{"line":14,"column":46}},"6":{"start":{"line":15,"column":16},"end":{"line":15,"column":73}},"7":{"start":{"line":16,"column":4},"end":{"line":16,"column":45}},"8":{"start":{"line":17,"column":24},"end":{"line":19,"column":null}},"9":{"start":{"line":21,"column":4},"end":{"line":32,"column":6}},"10":{"start":{"line":36,"column":4},"end":{"line":45,"column":5}},"11":{"start":{"line":37,"column":21},"end":{"line":37,"column":33}},"12":{"start":{"line":38,"column":21},"end":{"line":38,"column":57}},"13":{"start":{"line":39,"column":6},"end":{"line":39,"column":55}},"14":{"start":{"line":39,"column":43},"end":{"line":39,"column":55}},"15":{"start":{"line":41,"column":6},"end":{"line":41,"column":54}},"16":{"start":{"line":41,"column":42},"end":{"line":41,"column":54}},"17":{"start":{"line":42,"column":6},"end":{"line":42,"column":19}},"18":{"start":{"line":44,"column":6},"end":{"line":44,"column":19}},"19":{"start":{"line":49,"column":4},"end":{"line":52,"column":5}},"20":{"start":{"line":50,"column":6},"end":{"line":50,"column":13}},"21":{"start":{"line":51,"column":6},"end":{"line":51,"column":13}},"22":{"start":{"line":54,"column":19},"end":{"line":54,"column":40}},"23":{"start":{"line":55,"column":20},"end":{"line":55,"column":42}},"24":{"start":{"line":56,"column":25},"end":{"line":56,"column":55}},"25":{"start":{"line":58,"column":4},"end":{"line":70,"column":5}},"26":{"start":{"line":59,"column":6},"end":{"line":67,"column":7}},"27":{"start":{"line":64,"column":8},"end":{"line":66,"column":10}},"28":{"start":{"line":68,"column":6},"end":{"line":68,"column":13}},"29":{"start":{"line":69,"column":6},"end":{"line":69,"column":13}},"30":{"start":{"line":72,"column":4},"end":{"line":74,"column":5}},"31":{"start":{"line":73,"column":6},"end":{"line":73,"column":77}},"32":{"start":{"line":76,"column":4},"end":{"line":78,"column":5}},"33":{"start":{"line":77,"column":6},"end":{"line":77,"column":78}},"34":{"start":{"line":80,"column":4},"end":{"line":80,"column":11}},"35":{"start":{"line":10,"column":13},"end":{"line":10,"column":33}},"36":{"start":{"line":10,"column":13},"end":{"line":82,"column":null}}},"fnMap":{"0":{"name":"(anonymous_2)","decl":{"start":{"line":14,"column":2},"end":{"line":14,"column":31}},"loc":{"start":{"line":14,"column":59},"end":{"line":33,"column":3}}},"1":{"name":"(anonymous_3)","decl":{"start":{"line":35,"column":10},"end":{"line":35,"column":22}},"loc":{"start":{"line":35,"column":34},"end":{"line":46,"column":3}}},"2":{"name":"(anonymous_4)","decl":{"start":{"line":48,"column":2},"end":{"line":48,"column":5}},"loc":{"start":{"line":48,"column":54},"end":{"line":81,"column":3}}}},"branchMap":{"0":{"loc":{"start":{"line":19,"column":6},"end":{"line":19,"column":54}},"type":"cond-expr","locations":[{"start":{"line":19,"column":26},"end":{"line":19,"column":28}},{"start":{"line":19,"column":31},"end":{"line":19,"column":54}}]},"1":{"loc":{"start":{"line":22,"column":6},"end":{"line":31,"column":null}},"type":"cond-expr","locations":[{"start":{"line":23,"column":10},"end":{"line":25,"column":14}},{"start":{"line":26,"column":10},"end":{"line":31,"column":null}}]},"2":{"loc":{"start":{"line":23,"column":10},"end":{"line":25,"column":14}},"type":"cond-expr","locations":[{"start":{"line":24,"column":12},"end":{"line":24,"column":25}},{"start":{"line":25,"column":12},"end":{"line":25,"column":14}}]},"3":{"loc":{"start":{"line":39,"column":6},"end":{"line":39,"column":55}},"type":"if","locations":[{"start":{"line":39,"column":6},"end":{"line":39,"column":55}},{"start":{},"end":{}}]},"4":{"loc":{"start":{"line":41,"column":6},"end":{"line":41,"column":54}},"type":"if","locations":[{"start":{"line":41,"column":6},"end":{"line":41,"column":54}},{"start":{},"end":{}}]},"5":{"loc":{"start":{"line":49,"column":4},"end":{"line":52,"column":5}},"type":"if","locations":[{"start":{"line":49,"column":4},"end":{"line":52,"column":5}},{"start":{},"end":{}}]},"6":{"loc":{"start":{"line":58,"column":4},"end":{"line":70,"column":5}},"type":"if","locations":[{"start":{"line":58,"column":4},"end":{"line":70,"column":5}},{"start":{},"end":{}}]},"7":{"loc":{"start":{"line":58,"column":8},"end":{"line":58,"column":27}},"type":"binary-expr","locations":[{"start":{"line":58,"column":8},"end":{"line":58,"column":15}},{"start":{"line":58,"column":19},"end":{"line":58,"column":27}}]},"8":{"loc":{"start":{"line":59,"column":6},"end":{"line":67,"column":7}},"type":"if","locations":[{"start":{"line":59,"column":6},"end":{"line":67,"column":7}},{"start":{},"end":{}}]},"9":{"loc":{"start":{"line":60,"column":8},"end":{"line":62,"column":52}},"type":"binary-expr","locations":[{"start":{"line":60,"column":8},"end":{"line":60,"column":25}},{"start":{"line":61,"column":8},"end":{"line":61,"column":39}},{"start":{"line":62,"column":8},"end":{"line":62,"column":52}}]},"10":{"loc":{"start":{"line":72,"column":4},"end":{"line":74,"column":5}},"type":"if","locations":[{"start":{"line":72,"column":4},"end":{"line":74,"column":5}},{"start":{},"end":{}}]},"11":{"loc":{"start":{"line":72,"column":8},"end":{"line":72,"column":44}},"type":"binary-expr","locations":[{"start":{"line":72,"column":8},"end":{"line":72,"column":14}},{"start":{"line":72,"column":18},"end":{"line":72,"column":44}}]},"12":{"loc":{"start":{"line":76,"column":4},"end":{"line":78,"column":5}},"type":"if","locations":[{"start":{"line":76,"column":4},"end":{"line":78,"column":5}},{"start":{},"end":{}}]},"13":{"loc":{"start":{"line":76,"column":8},"end":{"line":76,"column":57}},"type":"binary-expr","locations":[{"start":{"line":76,"column":8},"end":{"line":76,"column":15}},{"start":{"line":76,"column":19},"end":{"line":76,"column":26}},{"start":{"line":76,"column":30},"end":{"line":76,"column":57}}]},"14":{"loc":{"start":{"line":14,"column":46},"end":{"line":14,"column":null}},"type":"cond-expr","locations":[{"start":{"line":14,"column":59},"end":{"line":14,"column":null}},{"start":{"line":14,"column":59},"end":{"line":14,"column":null}}]},"15":{"loc":{"start":{"line":14,"column":46},"end":{"line":14,"column":59}},"type":"binary-expr","locations":[{"start":{"line":14,"column":46},"end":{"line":14,"column":null}},{"start":{"line":14,"column":46},"end":{"line":14,"column":59}}]}},"s":{"0":0,"1":0,"2":0,"3":0,"4":0,"5":0,"6":0,"7":0,"8":0,"9":0,"10":0,"11":0,"12":0,"13":0,"14":0,"15":0,"16":0,"17":0,"18":0,"19":0,"20":0,"21":0,"22":0,"23":0,"24":0,"25":0,"26":0,"27":0,"28":0,"29":0,"30":0,"31":0,"32":0,"33":0,"34":0,"35":0,"36":0},"f":{"0":0,"1":0,"2":0},"b":{"0":[0,0],"1":[0,0],"2":[0,0],"3":[0,0],"4":[0,0],"5":[0,0],"6":[0,0],"7":[0,0],"8":[0,0],"9":[0,0,0],"10":[0,0],"11":[0,0],"12":[0,0],"13":[0,0,0],"14":[0,0],"15":[0,0]}}
,"C:\\Users\\user\\Downloads\\Free_job\\موقع تعليم\\apps\\api\\src\\common\\currency.util.ts": {"path":"C:\\Users\\user\\Downloads\\Free_job\\موقع تعليم\\apps\\api\\src\\common\\currency.util.ts","statementMap":{"0":{"start":{"line":11,"column":0},"end":{"line":11,"column":16}},"1":{"start":{"line":16,"column":0},"end":{"line":16,"column":16}},"2":{"start":{"line":7,"column":13},"end":{"line":8,"column":56}},"3":{"start":{"line":12,"column":2},"end":{"line":12,"column":35}},"4":{"start":{"line":17,"column":2},"end":{"line":17,"column":34}}},"fnMap":{"0":{"name":"toCents","decl":{"start":{"line":11,"column":16},"end":{"line":11,"column":23}},"loc":{"start":{"line":11,"column":39},"end":{"line":13,"column":1}}},"1":{"name":"formatAmount","decl":{"start":{"line":16,"column":16},"end":{"line":16,"column":28}},"loc":{"start":{"line":16,"column":42},"end":{"line":18,"column":1}}}},"branchMap":{"0":{"loc":{"start":{"line":8,"column":2},"end":{"line":8,"column":55}},"type":"binary-expr","locations":[{"start":{"line":8,"column":2},"end":{"line":8,"column":46}},{"start":{"line":8,"column":50},"end":{"line":8,"column":55}}]}},"s":{"0":2,"1":2,"2":2,"3":0,"4":0},"f":{"0":0,"1":0},"b":{"0":[2,2]}}
[...]
umn":0},"end":{"line":24,"column":null}},"12":{"start":{"line":36,"column":7},"end":{"line":307,"column":null}},"13":{"start":{"line":37,"column":35},"end":{"line":37,"column":50}},"14":{"start":{"line":41,"column":21},"end":{"line":41,"column":37}},"15":{"start":{"line":43,"column":21},"end":{"line":43,"column":33}},"16":{"start":{"line":44,"column":21},"end":{"line":44,"column":36}},"17":{"start":{"line":45,"column":21},"end":{"line":45,"column":35}},"18":{"start":{"line":47,"column":4},"end":{"line":51,"column":7}},"19":{"start":{"line":55,"column":17},"end":{"line":61,"column":6}},"20":{"start":{"line":63,"column":4},"end":{"line":65,"column":5}},"21":{"start":{"line":64,"column":6},"end":{"line":64,"column":56}},"22":{"start":{"line":67,"column":4},"end":{"line":67,"column":35}},"23":{"start":{"line":71,"column":17},"end":{"line":71,"column":77}},"24":{"start":{"line":72,"column":4},"end":{"line":74,"column":5}},"25":{"start":{"line":73,"column":6},"end":{"line":73,"column":56}},"26":{"start":{"line":76,"column":4},"end":{"line":76,"column":68}},"27":{"start":{"line":76,"column":37},"end":{"line":76,"column":68}},"28":{"start":{"line":77,"column":4},"end":{"line":77,"column":65}},"29":{"start":{"line":77,"column":36},"end":{"line":77,"column":65}},"30":{"start":{"line":78,"column":4},"end":{"line":78,"column":56}},"31":{"start":{"line":78,"column":33},"end":{"line":78,"column":56}},"32":{"start":{"line":79,"column":4},"end":{"line":79,"column":65}},"33":{"start":{"line":79,"column":36},"end":{"line":79,"column":65}},"34":{"start":{"line":81,"column":20},"end":{"line":81,"column":56}},"35":{"start":{"line":82,"column":4},"end":{"line":82,"column":38}},"36":{"start":{"line":86,"column":17},"end":{"line":90,"column":15}},"37":{"start":{"line":92,"column":4},"end":{"line":94,"column":5}},"38":{"start":{"line":93,"column":6},"end":{"line":93,"column":56}},"39":{"start":{"line":97,"column":4},"end":{"line":101,"column":5}},"40":{"start":{"line":98,"column":6},"end":{"line":100,"column":8}},"41":{"start":{"line":103,"column":28},"end":{"line":105,"column":null}},"42":{"start":{"line":107,"column":4},"end":{"line":109,"column":5}},"43":{"start":{"line":108,"column":6},"end":{"line":108,"column":71}},"44":{"start":{"line":111,"column":4},"end":{"line":111,"column":63}},"45":{"start":{"line":112,"column":4},"end":{"line":112,"column":41}},"46":{"start":{"line":114,"column":4},"end":{"line":114,"column":56}},"47":{"start":{"line":118,"column":21},"end":{"line":120,"column":6}},"48":{"start":{"line":121,"column":4},"end":{"line":123,"column":5}},"49":{"start":{"line":122,"column":6},"end":{"line":122,"column":65}},"50":{"start":{"line":125,"column":17},"end":{"line":129,"column":15}},"51":{"start":{"line":131,"column":4},"end":{"line":133,"column":5}},"52":{"start":{"line":132,"column":6},"end":{"line":132,"column":56}},"53":{"start":{"line":135,"column":4},"end":{"line":143,"column":5}},"54":{"start":{"line":136,"column":30},"end":{"line":138,"column":null}},"55":{"start":{"line":140,"column":6},"end":{"line":142,"column":7}},"56":{"start":{"line":141,"column":8},"end":{"line":141,"column":73}},"57":{"start":{"line":145,"column":4},"end":{"line":145,"column":30}},"58":{"start":{"line":146,"column":4},"end":{"line":154,"column":5}},"59":{"start":{"line":147,"column":22},"end":{"line":147,"column":58}},"60":{"start":{"line":148,"column":6},"end":{"line":148,"column":40}},"61":{"start":{"line":150,"column":6},"end":{"line":152,"column":7}},"62":{"start":{"line":151,"column":8},"end":{"line":151,"column":67}},"63":{"start":{"line":153,"column":6},"end":{"line":153,"column":18}},"64":{"start":{"line":158,"column":4},"end":{"line":160,"column":5}},"65":{"start":{"line":159,"column":6},"end":{"line":159,"column":63}},"66":{"start":{"line":161,"column":4},"end":{"line":163,"column":5}},"67":{"start":{"line":162,"column":6},"end":{"line":162,"column":74}},"68":{"start":{"line":165,"column":25},"end":{"line":165,"column":67}},"69":{"start":{"line":167,"column":4},"end":{"line":169,"column":7}},"70":{"start":{"line":171,"column":4},"end":{"line":171,"column":50}},"71":{"start":{"line":175,"column":17},"end":{"line":178,"column":6}},"72":{"start":{"line":179,"column":4},"end":{"line":181,"column":5}},"73":{"start":{"line":180,"column":6},"end":{"line":180,"column":56}},"74":{"start":{"line":182,"column":4},"end":{"line":182,"column":70}},"75":{"start":{"line":189,"column":17},"end":{"line":189,"column":77}},"76":{"start":{"line":190,"column":4},"end":{"line":192,"column":5}},"77":{"start":{"line":191,"column":6},"end":{"line":191,"column":56}},"78":{"start":{"line":194,"column":20},"end":{"line":194,"column":78}},"79":{"start":{"line":195,"column":42},"end":{"line":195,"column":64}},"80":{"start":{"line":196,"column":4},"end":{"line":196,"column":40}},"81":{"start":{"line":197,"column":4},"end":{"line":197,"column":41}},"82":{"start":{"line":198,"column":4},"end":{"line":198,"column":16}},"83":{"start":{"line":202,"column":17},"end":{"line":205,"column":6}},"84":{"start":{"line":206,"column":4},"end":{"line":206,"column":65}},"85":{"start":{"line":206,"column":15},"end":{"line":206,"column":65}},"86":{"start":{"line":208,"column":4},"end":{"line":219,"column":5}},"87":{"start":{"line":209,"column":6},"end":{"line":213,"column":7}},"88":{"start":{"line":210,"column":8},"end":{"line":212,"column":10}},"89":{"start":{"line":214,"column":6},"end":{"line":214,"column":33}},"90":{"start":{"line":215,"column":11},"end":{"line":219,"column":5}},"91":{"start":{"line":216,"column":6},"end":{"line":216,"column":35}},"92":{"start":{"line":218,"column":6},"end":{"line":218,"column":66}},"93":{"start":{"line":221,"column":18},"end":{"line":221,"column":54}},"94":{"start":{"line":222,"column":4},"end":{"line":222,"column":36}},"95":{"start":{"line":226,"column":4},"end":{"line":262,"column":7}},"96":{"start":{"line":227,"column":19},"end":{"line":230,"column":8}},"97":{"start":{"line":231,"column":6},"end":{"line":233,"column":7}},"98":{"start":{"line":232,"column":8},"end":{"line":232,"column":58}},"99":{"start":{"line":235,"column":22},"end":{"line":246,"column":8}},"100":{"start":{"line":248,"column":6},"end":{"line":258,"column":7}},"101":{"start":{"line":249,"column":8},"end":{"line":254,"column":10}},"102":{"start":{"line":256,"column":8},"end":{"line":256,"column":47}},"103":{"start":{"line":257,"column":8},"end":{"line":257,"column":43}},"104":{"start":{"line":260,"column":6},"end":{"line":260,"column":34}},"105":{"start":{"line":261,"column":6},"end":{"line":261,"column":37}},"106":{"start":{"line":265,"column":4},"end":{"line":265,"column":58}},"107":{"start":{"line":267,"column":4},"end":{"line":267,"column":55}},"108":{"start":{"line":271,"column":4},"end":{"line":273,"column":5}},"109":{"start":{"line":272,"column":6},"end":{"line":272,"column":19}},"110":{"start":{"line":275,"column":26},"end":{"line":275,"column":73}},"111":{"start":{"line":276,"column":4},"end":{"line":279,"column":6}},"112":{"start":{"line":283,"column":4},"end":{"line":299,"column":7}},"113":{"start":{"line":284,"column":21},"end":{"line":296,"column":null}},"114":{"start":{"line":287,"column":10},"end":{"line":294,"column":11}},"115":{"start":{"line":288,"column":12},"end":{"line":292,"column":14}},"116":{"start":{"line":293,"column":12},"end":{"line":293,"column":19}},"117":{"start":{"line":295,"column":10},"end":{"line":295,"column":26}},"118":{"start":{"line":298,"column":6},"end":{"line":298,"column":25}},"119":{"start":{"line":303,"column":21},"end":{"line":303,"column":49}},"120":{"start":{"line":304,"column":4},"end":{"line":304,"column":33}},"121":{"start":{"line":305,"column":4},"end":{"line":305,"column":20}},"122":{"start":{"line":36,"column":13},"end":{"line":36,"column":25}},"123":{"start":{"line":36,"column":13},"end":{"line":307,"column":null}}},"fnMap":{"0":{"name":"(anonymous_13)","decl":{"start":{"line":39,"column":2},"end":{"line":39,"column":null}},"loc":{"start":{"line":45,"column":47},"end":{"line":52,"column":3}}},"1":{"name":"(anonymous_14)","decl":{"start":{"line":54,"column":2},"end":{"line":54,"column":7}},"loc":{"start":{"line":54,"column":28},"end":{"line":68,"column":3}}},"2":{"name":"(anonymous_15)","decl":{"start":{"line":70,"column":2},"end":{"line":70,"column":7}},"loc":{"start":{"line":70,"column":59},"end":{"line":83,"column":3}}},"3":{"name":"(anonymous_16)","decl":{"start":{"line":85,"column":2},"end":{"line":85,"column":7}},"loc":{"start":{"line":85,"column":61},"end":{"line":115,"column":3}}},"4":{"name":"(anonymous_17)","decl":{"start":{"line":117,"column":2},"end":{"line":117,"column":7}},"loc":{"start":{"line":117,"column":55},"end":{"line":155,"column":3}}},"5":{"name":"(anonymous_18)","decl":{"start":{"line":157,"column":2},"end":{"line":157,"column":7}},"loc":{"start":{"line":157,"column":65},"end":{"line":172,"column":3}}},"6":{"name":"(anonymous_19)","decl":{"start":{"line":174,"column":2},"end":{"line":174,"column":7}},"loc":{"start":{"line":174,"column":49},"end":{"line":183,"column":3}}},"7":{"name":"(anonymous_20)","decl":{"start":{"line":185,"column":2},"end":{"line":185,"column":7}},"loc":{"start":{"line":187,"column":41},"end":{"line":199,"column":3}}},"8":{"name":"(anonymous_21)","decl":{"start":{"line":201,"column":2},"end":{"line":201,"column":7}},"loc":{"start":{"line":201,"column":33},"end":{"line":223,"column":3}}},"9":{"name":"(anonymous_22)","decl":{"start":{"line":225,"column":2},"end":{"line":225,"column":7}},"loc":{"start":{"line":225,"column":31},"end":{"line":268,"column":3}}},"10":{"name":"(anonymous_23)","decl":{"start":{"line":226,"column":38},"end":{"line":226,"column":43}},"loc":{"start":{"line":226,"column":56},"end":{"line":262,"column":5}}},"11":{"name":"(anonymous_24)","decl":{"start":{"line":270,"column":10},"end":{"line":270,"column":25}},"loc":{"start":{"line":270,"column":40},"end":{"line":280,"column":3}}},"12":{"name":"(anonymous_25)","decl":{"start":{"line":282,"column":10},"end":{"line":282,"column":28}},"loc":{"start":{"line":282,"column":43},"end":{"line":300,"column":3}}},"13":{"name":"(anonymous_26)","decl":{"start":{"line":283,"column":23},"end":{"line":283,"column":24}},"loc":{"start":{"line":283,"column":43},"end":{"line":299,"column":5}}},"14":{"name":"(anonymous_27)","decl":{"start":{"line":286,"column":8},"end":{"line":286,"column":9}},"loc":{"start":{"line":286,"column":26},"end":{"line":296,"column":9}}},"15":{"name":"(anonymous_28)","decl":{"start":{"line":302,"column":10},"end":{"line":302,"column":22}},"loc":{"start":{"line":302,"column":33},"end":{"line":306,"column":3}}}},"branchMap":{"0":{"loc":{"start":{"line":63,"column":4},"end":{"line":65,"column":5}},"type":"if","locations":[{"start":{"line":63,"column":4},"end":{"line":65,"column":5}},{"start":{},"end":{}}]},"1":{"loc":{"start":{"line":72,"column":4},"end":{"line":74,"column":5}},"type":"if","locations":[{"start":{"line":72,"column":4},"end":{"line":74,"column":5}},{"start":{},"end":{}}]},"2":{"loc":{"start":{"line":76,"column":4},"end":{"line":76,"column":68}},"type":"if","locations":[{"start":{"line":76,"column":4},"end":{"line":76,"column":68}},{"start":{},"end":{}}]},"3":{"loc":{"start":{"line":77,"column":4},"end":{"line":77,"column":65}},"type":"if","locations":[{"start":{"line":77,"column":4},"end":{"line":77,"column":65}},{"start":{},"end":{}}]},"4":{"loc":{"start":{"line":78,"column":4},"end":{"line":78,"column":56}},"type":"if","locations":[{"start":{"line":78,"column":4},"end":{"line":78,"column":56}},{"start":{},"end":{}}]},"5":{"loc":{"start":{"line":79,"column":4},"end":{"line":79,"column":65}},"type":"if","locations":[{"start":{"line":79,"column":4},"end":{"line":79,"column":65}},{"start":{},"end":{}}]},"6":{"loc":{"start":{"line":92,"column":4},"end":{"line":94,"column":5}},"type":"if","locations":[{"start":{"line":92,"column":4},"end":{"line":94,"column":5}},{"start":{},"end":{}}]},"7":{"loc":{"start":{"line":97,"column":4},"end":{"line":101,"column":5}},"type":"if","locations":[{"start":{"line":97,"column":4},"end":{"line":101,"column":5}},{"start":{},"end":{}}]},"8":{"loc":{"start":{"line":107,"column":4},"end":{"line":109,"column":5}},"type":"if","locations":[{"start":{"line":107,"column":4},"end":{"line":109,"column":5}},{"start":{},"end":{}}]},"9":{"loc":{"start":{"line":121,"column":4},"end":{"line":123,"column":5}},"type":"if","locations":[{"start":{"line":121,"column":4},"end":{"line":123,"column":5}},{"start":{},"end":{}}]},"10":{"loc":{"start":{"line":121,"column":8},"end":{"line":121,"column":42}},"type":"binary-expr","locations":[{"start":{"line":121,"column":8},"end":{"line":121,"column":16}},{"start":{"line":121,"column":20},"end":{"line":121,"column":42}}]},"11":{"loc":{"start":{"line":131,"column":4},"end":{"line":133,"column":5}},"type":"if","locations":[{"start":{"line":131,"column":4},"end":{"line":133,"column":5}},{"start":{},"end":{}}]},"12":{"loc":{"start":{"line":135,"column":4},"end":{"line":143,"column":5}},"type":"if","locations":[{"start":{"line":135,"column":4},"end":{"line":143,"column":5}},{"start":{},"end":{}}]},"13":{"loc":{"start":{"line":140,"column":6},"end":{"line":142,"column":7}},"type":"if","locations":[{"start":{"line":140,"column":6},"end":{"line":142,"column":7}},{"start":{},"end":{}}]},"14":{"loc":{"start":{"line":150,"column":6},"end":{"line":152,"column":7}},"type":"if","locations":[{"start":{"line":150,"column":6},"end":{"line":152,"column":7}},{"start":{},"end":{}}]},"15":{"loc":{"start":{"line":158,"column":4},"end":{"line":160,"column":5}},"type":"if","locations":[{"start":{"line":158,"column":4},"end":{"line":160,"column":5}},{"start":{},"end":{}}]},"16":{"loc":{"start":{"line":161,"column":4},"end":{"line":163,"column":5}},"type":"if","locations":[{"start":{"line":161,"column":4},"end":{"line":163,"column":5}},{"start":{},"end":{}}]},"17":{"loc":{"start":{"line":179,"column":4},"end":{"line":181,"column":5}},"type":"if","locations":[{"start":{"line":179,"column":4},"end":{"line":181,"column":5}},{"start":{},"end":{}}]},"18":{"loc":{"start":{"line":190,"column":4},"end":{"line":192,"column":5}},"type":"if","locations":[{"start":{"line":190,"column":4},"end":{"line":192,"column":5}},{"start":{},"end":{}}]},"19":{"loc":{"start":{"line":206,"column":4},"end":{"line":206,"column":65}},"type":"if","locations":[{"start":{"line":206,"column":4},"end":{"line":206,"column":65}},{"start":{},"end":{}}]},"20":{"loc":{"start":{"line":208,"column":4},"end":{"line":219,"column":5}},"type":"if","locations":[{"start":{"line":208,"column":4},"end":{"line":219,"column":5}},{"start":{"line":215,"column":11},"end":{"line":219,"column":5}}]},"21":{"loc":{"start":{"line":209,"column":6},"end":{"line":213,"column":7}},"type":"if","locations":[{"start":{"line":209,"column":6},"end":{"line":213,"column":7}},{"start":{},"end":{}}]},"22":{"loc":{"start":{"line":215,"column":11},"end":{"line":219,"column":5}},"type":"if","locations":[{"start":{"line":215,"column":11},"end":{"line":219,"column":5}},{"start":{"line":217,"column":11},"end":{"line":219,"column":5}}]},"23":{"loc":{"start":{"line":231,"column":6},"end":{"line":233,"column":7}},"type":"if","locations":[{"start":{"line":231,"column":6},"end":{"line":233,"column":7}},{"start":{},"end":{}}]},"24":{"loc":{"start":{"line":271,"column":4},"end":{"line":273,"column":5}},"type":"if","locations":[{"start":{"line":271,"column":4},"end":{"line":273,"column":5}},{"start":{},"end":{}}]},"25":{"loc":{"start":{"line":271,"column":8},"end":{"line":271,"column":43}},"type":"binary-expr","locations":[{"start":{"line":271,"column":8},"end":{"line":271,"column":14}},{"start":{"line":271,"column":18},"end":{"line":271,"column":43}}]},"26":{"loc":{"start":{"line":277,"column":6},"end":{"line":278,"column":58}},"type":"binary-expr","locations":[{"start":{"line":277,"column":6},"end":{"line":277,"column":36}},{"start":{"line":278,"column":6},"end":{"line":278,"column":58}}]},"27":{"loc":{"start":{"line":287,"column":10},"end":{"line":294,"column":11}},"type":"if","locations":[{"start":{"line":287,"column":10},"end":{"line":294,"column":11}},{"start":{},"end":{}}]},"28":{"loc":{"start":{"line":287,"column":14},"end":{"line":287,"column":30}},"type":"binary-expr","locations":[{"start":{"line":287,"column":14},"end":{"line":287,"column":19}},{"start":{"line":287,"column":23},"end":{"line":287,"column":30}}]},"29":{"loc":{"start":{"line":289,"column":14},"end":{"line":291,"column":55}},"type":"cond-expr","locations":[{"start":{"line":290,"column":18},"end":{"line":290,"column":23}},{"start":{"line":291,"column":18},"end":{"line":291,"column":55}}]},"30":{"loc":{"start":{"line":41,"column":37},"end":{"line":41,"column":53}},"type":"cond-expr","locations":[{"start":{"line":41,"column":47},"end":{"line":41,"column":53}},{"start":{"line":41,"column":47},"end":{"line":41,"column":53}}]},"31":{"loc":{"start":{"line":41,"column":37},"end":{"line":41,"column":47}},"type":"binary-expr","locations":[{"start":{"line":41,"column":37},"end":{"line":41,"column":53}},{"start":{"line":41,"column":37},"end":{"line":41,"column":47}}]},"32":{"loc":{"start":{"line":41,"column":47},"end":{"line":43,"column":null}},"type":"cond-expr","locations":[{"start":{"line":43,"column":43},"end":{"line":43,"column":null}},{"start":{"line":43,"column":43},"end":{"line":43,"column":null}}]},"33":{"loc":{"start":{"line":41,"column":47},"end":{"line":43,"column":43}},"type":"binary-expr","locations":[{"start":{"line":41,"column":47},"end":{"line":43,"column":null}},{"start":{"line":43,"column":33},"end":{"line":43,"column":43}}]},"34":{"loc":{"start":{"line":43,"column":43},"end":{"line":44,"column":null}},"type":"cond-expr","locations":[{"start":{"line":44,"column":49},"end":{"line":44,"column":null}},{"start":{"line":44,"column":49},"end":{"line":44,"column":null}}]},"35":{"loc":{"start":{"line":43,"column":43},"end":{"line":44,"column":49}},"type":"binary-expr","locations":[{"start":{"line":43,"column":43},"end":{"line":44,"column":null}},{"start":{"line":44,"column":36},"end":{"line":44,"column":49}}]},"36":{"loc":{"start":{"line":44,"column":49},"end":{"line":45,"column":null}},"type":"cond-expr","locations":[{"start":{"line":45,"column":47},"end":{"line":45,"column":null}},{"start":{"line":45,"column":47},"end":{"line":45,"column":null}}]},"37":{"loc":{"start":{"line":44,"column":49},"end":{"line":45,"column":47}},"type":"binary-expr","locations":[{"start":{"line":44,"column":49},"end":{"line":45,"column":null}},{"start":{"line":45,"column":35},"end":{"line":45,"column":47}}]}},"s":{"0":0,"1":0,"2":0,"3":0,"4":0,"5":0,"6":0,"7":0,"8":0,"9":0,"10":0,"11":0,"12":0,"13":0,"14":0,"15":0,"16":0,"17":0,"18":0,"19":0,"20":0,"21":0,"22":0,"23":0,"24":0,"25":0,"26":0,"27":0,"28":0,"29":0,"30":0,"31":0,"32":0,"33":0,"34":0,"35":0,"36":0,"37":0,"38":0,"39":0,"40":0,"41":0,"42":0,"43":0,"44":0,"45":0,"46":0,"47":0,"48":0,"49":0,"50":0,"51":0,"52":0,"53":0,"54":0,"55":0,"56":0,"57":0,"58":0,"59":0,"60":0,"61":0,"62":0,"63":0,"64":0,"65":0,"66":0,"67":0,"68":0,"69":0,"70":0,"71":0,"72":0,"73":0,"74":0,"75":0,"76":0,"77":0,"78":0,"79":0,"80":0,"81":0,"82":0,"83":0,"84":0,"85":0,"86":0,"87":0,"88":0,"89":0,"90":0,"91":0,"92":0,"93":0,"94":0,"95":0,"96":0,"97":0,"98":0,"99":0,"100":0,"101":0,"102":0,"103":0,"104":0,"105":0,"106":0,"107":0,"108":0,"109":0,"110":0,"111":0,"112":0,"113":0,"114":0,"115":0,"116":0,"117":0,"118":0,"119":0,"120":0,"121":0,"122":0,"123":0},"f":{"0":0,"1":0,"2":0,"3":0,"4":0,"5":0,"6":0,"7":0,"8":0,"9":0,"10":0,"11":0,"12":0,"13":0,"14":0,"15":0},"b":{"0":[0,0],"1":[0,0],"2":[0,0],"3":[0,0],"4":[0,0],"5":[0,0],"6":[0,0],"7":[0,0],"8":[0,0],"9":[0,0],"10":[0,0],"11":[0,0],"12":[0,0],"13":[0,0],"14":[0,0],"15":[0,0],"16":[0,0],"17":[0,0],"18":[0,0],"19":[0,0],"20":[0,0],"21":[0,0],"22":[0,0],"23":[0,0],"24":[0,0],"25":[0,0],"26":[0,0],"27":[0,0],"28":[0,0],"29":[0,0],"30":[0,0],"31":[0,0],"32":[0,0],"33":[0,0],"34":[0,0],"35":[0,0],"36":[0,0],"37":[0,0]}}
}
