TN:
SF:src\app.controller.ts
FN:7,(anonymous_2)
FN:11,(anonymous_3)
FN:17,(anonymous_4)
FN:27,(anonymous_5)
FNF:4
FNH:2
FNDA:1,(anonymous_2)
FNDA:1,(anonymous_3)
FNDA:0,(anonymous_4)
FNDA:0,(anonymous_5)
DA:1,1
DA:2,1
DA:3,1
DA:6,1
DA:7,1
DA:11,1
DA:12,1
DA:17,1
DA:18,0
DA:27,1
DA:28,0
DA:29,0
LF:12
LH:9
BRDA:7,0,0,1
BRDA:7,0,1,0
BRDA:7,1,0,1
BRDA:7,1,1,1
BRF:4
BRH:3
end_of_record
TN:
SF:src\app.service.ts
FN:17,(anonymous_2)
FN:22,(anonymous_3)
FN:26,(anonymous_4)
FN:37,(anonymous_5)
FNF:4
FNH:2
FNDA:1,(anonymous_2)
FNDA:1,(anonymous_3)
FNDA:0,(anonymous_4)
FNDA:0,(anonymous_5)
DA:1,1
DA:2,1
DA:3,1
DA:16,1
DA:18,1
DA:19,1
DA:23,1
DA:27,0
DA:28,0
DA:29,0
DA:30,0
DA:31,0
DA:33,0
DA:37,0
DA:39,0
LF:15
LH:7
BRDA:28,0,0,0
BRDA:28,0,1,0
BRDA:31,1,0,0
BRDA:31,1,1,0
BRDA:41,2,0,0
BRDA:41,2,1,0
BRDA:43,3,0,0
BRDA:43,3,1,0
BRDA:43,4,0,0
BRDA:43,4,1,0
BRDA:46,5,0,0
BRDA:46,5,1,0
BRDA:48,6,0,0
BRDA:48,6,1,0
BRDA:48,7,0,0
BRDA:48,7,1,0
BRDA:52,8,0,0
BRDA:52,8,1,0
BRDA:52,9,0,0
BRDA:52,9,1,0
BRDA:52,9,2,0
BRDA:58,10,0,0
BRDA:58,10,1,0
BRDA:58,11,0,0
BRDA:58,11,1,0
BRDA:58,11,2,0
BRDA:18,12,0,1
BRDA:18,12,1,0
BRDA:18,13,0,1
BRDA:18,13,1,1
BRDA:18,14,0,1
BRDA:18,14,1,0
BRDA:18,15,0,1
BRDA:18,15,1,1
BRF:34
BRH:6
end_of_record
TN:
SF:src\auth\auth.controller.ts
FN:29,(anonymous_4)
FN:38,(anonymous_5)
FN:46,(anonymous_6)
FN:54,(anonymous_7)
FN:63,(anonymous_8)
FN:71,(anonymous_9)
FN:80,(anonymous_10)
FN:88,(anonymous_11)
FN:95,(anonymous_12)
FN:102,(anonymous_13)
FNF:10
FNH:0
FNDA:0,(anonymous_4)
FNDA:0,(anonymous_5)
FNDA:0,(anonymous_6)
FNDA:0,(anonymous_7)
FNDA:0,(anonymous_8)
FNDA:0,(anonymous_9)
FNDA:0,(anonymous_10)
FNDA:0,(anonymous_11)
FNDA:0,(anonymous_12)
FNDA:0,(anonymous_13)
DA:1,0
DA:13,0
DA:14,0
DA:15,0
DA:16,0
DA:17,0
DA:19,0
DA:20,0
DA:21,0
DA:22,0
DA:23,0
DA:24,0
DA:25,0
DA:28,0
DA:30,0
DA:31,0
DA:38,0
DA:39,0
DA:46,0
DA:47,0
DA:54,0
DA:55,0
DA:56,0
DA:58,0
DA:63,0
DA:64,0
DA:65,0
DA:71,0
DA:72,0
DA:73,0
DA:80,0
DA:81,0
DA:88,0
DA:89,0
DA:95,0
DA:102,0
DA:103,0
DA:104,0
DA:105,0
DA:110,0
DA:111,0
DA:117,0
LF:42
LH:0
BRDA:55,0,0,0
BRDA:55,0,1,0
BRDA:104,1,0,0
BRDA:104,1,1,0
BRDA:110,2,0,0
BRDA:110,2,1,0
BRDA:38,3,0,0
BRDA:38,3,1,0
BRDA:38,4,0,0
BRDA:38,4,1,0
BRDA:46,5,0,0
BRDA:46,5,1,0
BRDA:46,6,0,0
BRDA:46,6,1,0
BRDA:80,7,0,0
BRDA:80,7,1,0
BRDA:80,8,0,0
BRDA:80,8,1,0
BRDA:88,9,0,0
BRDA:88,9,1,0
BRDA:88,10,0,0
BRDA:88,10,1,0
BRDA:30,11,0,0
BRDA:30,11,1,0
BRDA:30,12,0,0
BRDA:30,12,1,0
BRDA:30,13,0,0
BRDA:30,13,1,0
BRDA:30,14,0,0
BRDA:30,14,1,0
BRF:30
BRH:0
end_of_record
TN:
SF:src\auth\auth.service.ts
FN:24,getAdminEmails
FN:34,(anonymous_14)
FN:49,(anonymous_15)
FN:59,(anonymous_16)
FN:63,(anonymous_17)
FN:77,(anonymous_18)
FN:84,(anonymous_19)
FN:91,(anonymous_20)
FN:113,(anonymous_21)
FN:135,(anonymous_22)
FN:179,(anonymous_23)
FN:201,(anonymous_24)
FN:218,(anonymous_25)
FN:266,(anonymous_26)
FN:282,(anonymous_27)
FN:313,(anonymous_28)
FN:339,(anonymous_29)
FN:349,(anonymous_30)
FN:354,(anonymous_31)
FNF:19
FNH:18
FNDA:2,getAdminEmails
FNDA:0,(anonymous_14)
FNDA:21,(anonymous_15)
FNDA:7,(anonymous_16)
FNDA:5,(anonymous_17)
FNDA:6,(anonymous_18)
FNDA:6,(anonymous_19)
FNDA:6,(anonymous_20)
FNDA:3,(anonymous_21)
FNDA:2,(anonymous_22)
FNDA:3,(anonymous_23)
FNDA:2,(anonymous_24)
FNDA:2,(anonymous_25)
FNDA:1,(anonymous_26)
FNDA:2,(anonymous_27)
FNDA:2,(anonymous_28)
FNDA:2,(anonymous_29)
FNDA:1,(anonymous_30)
FNDA:4,(anonymous_31)
DA:1,1
DA:7,1
DA:8,1
DA:9,1
DA:10,1
DA:11,1
DA:12,1
DA:13,1
DA:14,1
DA:15,1
DA:16,1
DA:21,1
DA:22,1
DA:25,2
DA:26,2
DA:27,2
DA:28,0
DA:30,2
DA:32,0
DA:34,0
DA:48,1
DA:51,21
DA:53,21
DA:54,21
DA:55,21
DA:56,21
DA:60,7
DA:67,5
DA:68,5
DA:74,5
DA:78,6
DA:85,6
DA:92,6
DA:94,6
DA:100,6
DA:101,5
DA:107,6
DA:108,6
DA:109,6
DA:110,6
DA:114,3
DA:117,3
DA:118,1
DA:121,2
DA:122,2
DA:123,2
DA:126,2
DA:127,0
DA:128,2
DA:129,1
DA:131,1
DA:134,2
DA:135,2
DA:136,2
DA:143,2
DA:145,2
DA:146,1
DA:156,1
DA:157,1
DA:158,1
DA:161,1
DA:164,2
DA:167,2
DA:169,0
DA:173,0
DA:175,0
DA:180,3
DA:186,3
DA:187,1
DA:190,2
DA:194,2
DA:195,1
DA:198,1
DA:202,2
DA:210,2
DA:211,1
DA:214,1
DA:215,1
DA:225,2
DA:229,2
DA:230,1
DA:234,1
DA:235,0
DA:239,0
DA:243,0
DA:244,0
DA:248,0
DA:249,0
DA:250,0
DA:251,0
DA:253,0
DA:255,1
DA:266,1
DA:267,1
DA:268,1
DA:271,1
DA:272,1
DA:275,1
DA:279,2
DA:283,2
DA:287,2
DA:288,1
DA:293,1
DA:294,1
DA:296,1
DA:297,1
DA:299,1
DA:308,1
DA:314,2
DA:315,2
DA:316,1
DA:319,1
DA:325,1
DA:326,0
DA:329,1
DA:330,1
DA:331,1
DA:333,1
DA:334,1
DA:336,1
DA:340,2
DA:341,2
DA:350,1
DA:351,1
DA:355,4
DA:356,4
DA:358,3
DA:359,0
DA:362,3
DA:366,3
DA:367,1
DA:370,2
DA:373,2
DA:374,1
DA:377,1
DA:378,1
DA:379,0
DA:381,1
DA:384,1
DA:385,0
DA:391,1
DA:393,3
DA:394,2
DA:396,1
LF:144
LH:124
BRDA:26,0,0,2
BRDA:26,0,1,0
BRDA:27,1,0,0
BRDA:27,1,1,2
BRDA:67,2,0,5
BRDA:67,2,1,4
BRDA:100,3,0,5
BRDA:100,3,1,1
BRDA:117,4,0,1
BRDA:117,4,1,2
BRDA:126,5,0,0
BRDA:126,5,1,2
BRDA:128,6,0,1
BRDA:128,6,1,1
BRDA:145,7,0,1
BRDA:145,7,1,1
BRDA:157,8,0,1
BRDA:157,8,1,0
BRDA:169,9,0,0
BRDA:169,9,1,0
BRDA:170,10,0,0
BRDA:170,10,1,0
BRDA:186,11,0,1
BRDA:186,11,1,2
BRDA:194,12,0,1
BRDA:194,12,1,1
BRDA:210,13,0,1
BRDA:210,13,1,1
BRDA:229,14,0,1
BRDA:229,14,1,1
BRDA:234,15,0,0
BRDA:234,15,1,1
BRDA:235,16,0,0
BRDA:235,16,1,0
BRDA:236,17,0,0
BRDA:236,17,1,0
BRDA:243,18,0,0
BRDA:243,18,1,0
BRDA:243,19,0,0
BRDA:243,19,1,0
BRDA:250,20,0,0
BRDA:250,20,1,0
BRDA:250,21,0,0
BRDA:250,21,1,0
BRDA:287,22,0,1
BRDA:287,22,1,1
BRDA:296,23,0,1
BRDA:296,23,1,1
BRDA:315,24,0,1
BRDA:315,24,1,1
BRDA:325,25,0,0
BRDA:325,25,1,1
BRDA:358,26,0,0
BRDA:358,26,1,3
BRDA:358,27,0,3
BRDA:358,27,1,3
BRDA:366,28,0,1
BRDA:366,28,1,2
BRDA:373,29,0,1
BRDA:373,29,1,1
BRDA:377,30,0,1
BRDA:377,30,1,0
BRDA:378,31,0,0
BRDA:378,31,1,1
BRDA:384,32,0,0
BRDA:384,32,1,1
BRDA:393,33,0,2
BRDA:393,33,1,1
BRDA:51,34,0,1
BRDA:51,34,1,0
BRDA:51,35,0,1
BRDA:51,35,1,1
BRDA:51,36,0,1
BRDA:51,36,1,0
BRDA:51,37,0,1
BRDA:51,37,1,1
BRDA:53,38,0,1
BRDA:53,38,1,0
BRDA:53,39,0,1
BRDA:53,39,1,1
BRDA:54,40,0,1
BRDA:54,40,1,0
BRDA:54,41,0,1
BRDA:54,41,1,1
BRDA:55,42,0,1
BRDA:55,42,1,0
BRDA:55,43,0,1
BRDA:55,43,1,1
BRF:88
BRH:57
end_of_record
TN:
SF:src\auth\decorators\current-user.decorator.ts
FN:4,(anonymous_0)
FNF:1
FNH:0
FNDA:0,(anonymous_0)
DA:1,1
DA:3,1
DA:5,0
DA:6,0
LF:4
LH:2
BRF:0
BRH:0
end_of_record
TN:
SF:src\auth\decorators\permissions.decorator.ts
FN:4,(anonymous_0)
FNF:1
FNH:0
FNDA:0,(anonymous_0)
DA:1,1
DA:3,1
DA:4,1
DA:5,0
LF:4
LH:3
BRF:0
BRH:0
end_of_record
TN:
SF:src\auth\decorators\public.decorator.ts
FN:4,(anonymous_0)
FNF:1
FNH:1
FNDA:3,(anonymous_0)
DA:1,3
DA:3,3
DA:4,3
LF:3
LH:3
BRF:0
BRH:0
end_of_record
TN:
SF:src\auth\decorators\roles.decorator.ts
FN:5,(anonymous_0)
FNF:1
FNH:1
FNDA:3,(anonymous_0)
DA:1,2
DA:4,2
DA:5,3
LF:3
LH:3
BRF:0
BRH:0
end_of_record
TN:
SF:src\auth\guards\google-config.guard.ts
FN:11,(anonymous_2)
FN:13,(anonymous_3)
FNF:2
FNH:0
FNDA:0,(anonymous_2)
FNDA:0,(anonymous_3)
DA:1,0
DA:7,0
DA:10,0
DA:11,0
DA:14,0
DA:15,0
DA:16,0
DA:18,0
DA:19,0
DA:24,0
LF:10
LH:0
BRDA:18,0,0,0
BRDA:18,0,1,0
BRDA:18,1,0,0
BRDA:18,1,1,0
BRDA:18,1,2,0
BRDA:11,2,0,0
BRDA:11,2,1,0
BRDA:11,3,0,0
BRDA:11,3,1,0
BRF:9
BRH:0
end_of_record
TN:
SF:src\auth\guards\jwt-auth.guard.ts
FN:8,(anonymous_2)
FN:12,(anonymous_3)
FNF:2
FNH:1
FNDA:1,(anonymous_2)
FNDA:0,(anonymous_3)
DA:1,1
DA:2,1
DA:3,1
DA:4,1
DA:7,1
DA:8,1
DA:9,1
DA:13,0
DA:17,0
DA:18,0
DA:20,0
LF:11
LH:7
BRDA:17,0,0,0
BRDA:17,0,1,0
BRDA:8,1,0,1
BRDA:8,1,1,0
BRDA:8,2,0,1
BRDA:8,2,1,1
BRF:6
BRH:3
end_of_record
TN:
SF:src\auth\guards\permissions.guard.ts
FN:13,(anonymous_2)
FN:15,(anonymous_3)
FN:42,(anonymous_4)
FNF:3
FNH:3
FNDA:4,(anonymous_2)
FNDA:4,(anonymous_3)
FNDA:2,(anonymous_4)
DA:1,1
DA:7,1
DA:8,1
DA:9,1
DA:12,1
DA:13,4
DA:16,4
DA:21,4
DA:22,1
DA:25,3
DA:29,3
DA:30,0
DA:33,3
DA:34,1
DA:37,2
DA:38,0
DA:41,2
DA:42,2
DA:43,2
DA:46,2
DA:47,1
DA:50,1
LF:22
LH:20
BRDA:21,0,0,1
BRDA:21,0,1,3
BRDA:21,1,0,4
BRDA:21,1,1,3
BRDA:29,2,0,0
BRDA:29,2,1,3
BRDA:33,3,0,1
BRDA:33,3,1,2
BRDA:37,4,0,0
BRDA:37,4,1,2
BRDA:41,5,0,2
BRDA:41,5,1,0
BRDA:46,6,0,1
BRDA:46,6,1,1
BRDA:13,7,0,1
BRDA:13,7,1,0
BRDA:13,8,0,1
BRDA:13,8,1,1
BRF:18
BRH:14
end_of_record
TN:
SF:src\auth\guards\roles.guard.ts
FN:8,(anonymous_2)
FN:10,(anonymous_3)
FNF:2
FNH:1
FNDA:1,(anonymous_2)
FNDA:0,(anonymous_3)
DA:1,1
DA:2,1
DA:3,1
DA:7,1
DA:8,1
DA:11,0
DA:15,0
DA:16,0
DA:18,0
DA:19,0
LF:10
LH:5
BRDA:15,0,0,0
BRDA:15,0,1,0
BRDA:15,1,0,0
BRDA:15,1,1,0
BRDA:8,2,0,1
BRDA:8,2,1,0
BRDA:8,3,0,1
BRDA:8,3,1,1
BRF:8
BRH:3
end_of_record
TN:
SF:src\auth\guards\session.guard.ts
FN:14,(anonymous_2)
FN:19,(anonymous_3)
FNF:2
FNH:0
FNDA:0,(anonymous_2)
FNDA:0,(anonymous_3)
DA:1,0
DA:8,0
DA:9,0
DA:10,0
DA:13,0
DA:15,0
DA:16,0
DA:20,0
DA:24,0
DA:25,0
DA:28,0
DA:29,0
DA:30,0
DA:31,0
DA:37,0
DA:38,0
DA:41,0
DA:45,0
DA:46,0
DA:50,0
DA:51,0
DA:56,0
LF:22
LH:0
BRDA:24,0,0,0
BRDA:24,0,1,0
BRDA:30,1,0,0
BRDA:30,1,1,0
BRDA:30,2,0,0
BRDA:30,2,1,0
BRDA:37,3,0,0
BRDA:37,3,1,0
BRDA:45,4,0,0
BRDA:45,4,1,0
BRDA:45,5,0,0
BRDA:45,5,1,0
BRDA:50,6,0,0
BRDA:50,6,1,0
BRDA:15,7,0,0
BRDA:15,7,1,0
BRDA:15,8,0,0
BRDA:15,8,1,0
BRDA:15,9,0,0
BRDA:15,9,1,0
BRDA:15,10,0,0
BRDA:15,10,1,0
BRF:22
BRH:0
end_of_record
TN:
SF:src\auth\strategies\google.strategy.ts
FN:10,(anonymous_2)
FN:28,(anonymous_3)
FNF:2
FNH:0
FNDA:0,(anonymous_2)
FNDA:0,(anonymous_3)
DA:1,0
DA:2,0
DA:3,0
DA:4,0
DA:7,0
DA:11,0
DA:12,0
DA:13,0
DA:15,0
DA:17,0
DA:25,0
DA:39,0
DA:40,0
DA:44,0
DA:45,0
DA:46,0
DA:47,0
DA:49,0
LF:18
LH:0
BRDA:15,0,0,0
BRDA:15,0,1,0
BRDA:15,0,2,0
BRDA:18,1,0,0
BRDA:18,1,1,0
BRDA:19,2,0,0
BRDA:19,2,1,0
BRDA:20,3,0,0
BRDA:20,3,1,0
BRDA:39,4,0,0
BRDA:39,4,1,0
BRDA:46,5,0,0
BRDA:46,5,1,0
BRDA:52,6,0,0
BRDA:52,6,1,0
BRDA:53,7,0,0
BRDA:53,7,1,0
BRDA:10,8,0,0
BRDA:10,8,1,0
BRDA:10,9,0,0
BRDA:10,9,1,0
BRF:21
BRH:0
end_of_record
TN:
SF:src\auth\strategies\jwt.strategy.ts
FN:20,(anonymous_4)
FN:31,(anonymous_5)
FNF:2
FNH:0
FNDA:0,(anonymous_4)
FNDA:0,(anonymous_5)
DA:1,0
DA:2,0
DA:3,0
DA:4,0
DA:5,0
DA:6,0
DA:7,0
DA:19,0
DA:22,0
DA:24,0
DA:32,0
DA:33,0
DA:36,0
DA:40,0
DA:41,0
DA:45,0
LF:16
LH:0
BRDA:32,0,0,0
BRDA:32,0,1,0
BRDA:32,1,0,0
BRDA:32,1,1,0
BRDA:40,2,0,0
BRDA:40,2,1,0
BRDA:51,3,0,0
BRDA:51,3,1,0
BRDA:21,4,0,0
BRDA:21,4,1,0
BRDA:21,5,0,0
BRDA:21,5,1,0
BRDA:21,6,0,0
BRDA:21,6,1,0
BRDA:21,7,0,0
BRDA:21,7,1,0
BRF:16
BRH:0
end_of_record
TN:
SF:src\common\csrf.middleware.ts
FN:14,(anonymous_2)
FN:35,(anonymous_3)
FN:48,(anonymous_4)
FNF:3
FNH:0
FNDA:0,(anonymous_2)
FNDA:0,(anonymous_3)
FNDA:0,(anonymous_4)
DA:1,0
DA:2,0
DA:6,0
DA:7,0
DA:10,0
DA:14,0
DA:15,0
DA:16,0
DA:17,0
DA:21,0
DA:36,0
DA:37,0
DA:38,0
DA:39,0
DA:41,0
DA:42,0
DA:44,0
DA:49,0
DA:50,0
DA:51,0
DA:54,0
DA:55,0
DA:56,0
DA:58,0
DA:59,0
DA:64,0
DA:68,0
DA:69,0
DA:72,0
DA:73,0
DA:76,0
DA:77,0
DA:80,0
LF:33
LH:0
BRDA:19,0,0,0
BRDA:19,0,1,0
BRDA:22,1,0,0
BRDA:22,1,1,0
BRDA:23,2,0,0
BRDA:23,2,1,0
BRDA:39,3,0,0
BRDA:39,3,1,0
BRDA:41,4,0,0
BRDA:41,4,1,0
BRDA:49,5,0,0
BRDA:49,5,1,0
BRDA:58,6,0,0
BRDA:58,6,1,0
BRDA:58,7,0,0
BRDA:58,7,1,0
BRDA:59,8,0,0
BRDA:59,8,1,0
BRDA:60,9,0,0
BRDA:60,9,1,0
BRDA:60,9,2,0
BRDA:72,10,0,0
BRDA:72,10,1,0
BRDA:72,11,0,0
BRDA:72,11,1,0
BRDA:76,12,0,0
BRDA:76,12,1,0
BRDA:76,13,0,0
BRDA:76,13,1,0
BRDA:76,13,2,0
BRDA:14,14,0,0
BRDA:14,14,1,0
BRDA:14,15,0,0
BRDA:14,15,1,0
BRF:34
BRH:0
end_of_record
TN:
SF:src\common\currency.util.ts
FN:11,toCents
FN:16,formatAmount
FNF:2
FNH:0
FNDA:0,toCents
FNDA:0,formatAmount
DA:7,2
DA:11,2
DA:12,0
DA:16,2
DA:17,0
LF:5
LH:3
BRDA:8,0,0,2
BRDA:8,0,1,2
BRF:2
BRH:2
end_of_record
TN:
SF:src\common\security-check.ts
FN:3,checkSecurityEnvironment
FNF:1
FNH:0
FNDA:0,checkSecurityEnvironment
DA:3,0
DA:4,0
DA:5,0
DA:7,0
DA:8,0
DA:9,0
DA:11,0
DA:12,0
DA:13,0
DA:14,0
DA:17,0
DA:20,0
DA:21,0
DA:24,0
DA:25,0
DA:28,0
DA:29,0
DA:32,0
DA:33,0
DA:36,0
DA:37,0
DA:40,0
DA:41,0
DA:46,0
DA:47,0
DA:53,0
DA:54,0
DA:55,0
DA:58,0
DA:59,0
DA:65,0
DA:66,0
DA:67,0
DA:69,0
DA:70,0
DA:73,0
DA:77,0
DA:78,0
DA:81,0
DA:82,0
LF:40
LH:0
BRDA:7,0,0,0
BRDA:7,0,1,0
BRDA:11,1,0,0
BRDA:11,1,1,0
BRDA:12,2,0,0
BRDA:12,2,1,0
BRDA:14,3,0,0
BRDA:14,3,1,0
BRDA:20,4,0,0
BRDA:20,4,1,0
BRDA:20,5,0,0
BRDA:20,5,1,0
BRDA:24,6,0,0
BRDA:24,6,1,0
BRDA:28,7,0,0
BRDA:28,7,1,0
BRDA:28,8,0,0
BRDA:28,8,1,0
BRDA:32,9,0,0
BRDA:32,9,1,0
BRDA:36,10,0,0
BRDA:36,10,1,0
BRDA:40,11,0,0
BRDA:40,11,1,0
BRDA:46,12,0,0
BRDA:46,12,1,0
BRDA:46,13,0,0
BRDA:46,13,1,0
BRDA:53,14,0,0
BRDA:53,14,1,0
BRDA:54,15,0,0
BRDA:54,15,1,0
BRDA:58,16,0,0
BRDA:58,16,1,0
BRDA:58,17,0,0
BRDA:58,17,1,0
BRDA:65,18,0,0
BRDA:65,18,1,0
BRDA:69,19,0,0
BRDA:69,19,1,0
BRDA:81,20,0,0
BRDA:81,20,1,0
BRDA:81,21,0,0
BRDA:81,21,1,0
BRF:44
BRH:0
end_of_record
TN:
SF:src\common\xss-clean.middleware.ts
FN:6,sanitizeValue
FN:25,(anonymous_2)
FNF:2
FNH:2
FNDA:7,sanitizeValue
FNDA:3,(anonymous_2)
DA:1,1
DA:4,1
DA:7,7
DA:8,3
DA:10,4
DA:11,0
DA:13,4
DA:14,4
DA:15,4
DA:16,4
DA:18,4
DA:20,0
DA:24,1
DA:26,3
DA:27,3
DA:29,3
LF:16
LH:14
BRDA:7,0,0,3
BRDA:7,0,1,4
BRDA:10,1,0,0
BRDA:10,1,1,4
BRDA:13,2,0,4
BRDA:13,2,1,0
BRDA:13,3,0,4
BRDA:13,3,1,4
BRDA:26,4,0,3
BRDA:26,4,1,0
BRDA:26,5,0,3
BRDA:26,5,1,3
BRF:12
BRH:9
end_of_record
TN:
SF:src\common\filters\all-exceptions.filter.ts
FN:12,(anonymous_1)
FNF:1
FNH:0
FNDA:0,(anonymous_1)
DA:1,0
DA:11,0
DA:13,0
DA:14,0
DA:15,0
DA:18,0
DA:23,0
DA:27,0
DA:28,0
DA:32,0
DA:36,0
DA:37,0
DA:38,0
DA:39,0
DA:42,0
LF:15
LH:0
BRDA:18,0,0,0
BRDA:18,0,1,0
BRDA:23,1,0,0
BRDA:23,1,1,0
BRDA:27,2,0,0
BRDA:27,2,1,0
BRDA:32,3,0,0
BRDA:32,3,1,0
BRDA:34,4,0,0
BRDA:34,4,1,0
BRDA:36,5,0,0
BRDA:36,5,1,0
BRDA:37,6,0,0
BRDA:37,6,1,0
BRDA:46,7,0,0
BRDA:46,7,1,0
BRF:16
BRH:0
end_of_record
TN:
SF:src\common\guards\upload-rate.guard.ts
FN:20,(anonymous_1)
FNF:1
FNH:0
FNDA:0,(anonymous_1)
DA:1,1
DA:15,1
DA:16,1
DA:17,1
DA:18,1
DA:21,0
DA:22,0
DA:24,0
DA:25,0
DA:27,0
DA:28,0
DA:29,0
DA:32,0
DA:33,0
DA:39,0
DA:40,0
LF:16
LH:5
BRDA:22,0,0,0
BRDA:22,0,1,0
BRDA:22,0,2,0
BRDA:27,1,0,0
BRDA:27,1,1,0
BRDA:27,2,0,0
BRDA:27,2,1,0
BRDA:32,3,0,0
BRDA:32,3,1,0
BRF:9
BRH:0
end_of_record
TN:
SF:src\common\transformers\numeric.transformer.ts
FN:4,(anonymous_0)
FN:8,(anonymous_1)
FNF:2
FNH:0
FNDA:0,(anonymous_0)
FNDA:0,(anonymous_1)
DA:3,7
DA:5,0
DA:9,0
LF:3
LH:1
BRF:0
BRH:0
end_of_record
TN:
SF:src\common\types\classroom-socket.ts
FN:9,getClassroomSocketData
FN:18,setClassroomSocketData
FNF:2
FNH:0
FNDA:0,getClassroomSocketData
FNDA:0,setClassroomSocketData
DA:9,0
DA:10,0
DA:11,0
DA:18,0
DA:22,0
DA:23,0
LF:6
LH:0
BRDA:12,0,0,0
BRDA:12,0,1,0
BRDA:13,1,0,0
BRDA:13,1,1,0
BRDA:14,2,0,0
BRDA:14,2,1,0
BRF:6
BRH:0
end_of_record
TN:
SF:src\common\types\notification-preferences.ts
FN:21,mergeNotificationPreferences
FNF:1
FNH:0
FNDA:0,mergeNotificationPreferences
DA:11,0
DA:21,0
DA:24,0
LF:3
LH:0
BRDA:26,0,0,0
BRDA:26,0,1,0
BRF:2
BRH:0
end_of_record
TN:
SF:src\lessons\lesson-books.controller.ts
FN:31,(anonymous_4)
FN:34,(anonymous_5)
FN:59,(anonymous_6)
FN:77,(anonymous_7)
FN:94,(anonymous_8)
FN:47,(anonymous_9)
FNF:6
FNH:0
FNDA:0,(anonymous_4)
FNDA:0,(anonymous_5)
FNDA:0,(anonymous_6)
FNDA:0,(anonymous_7)
FNDA:0,(anonymous_8)
FNDA:0,(anonymous_9)
DA:1,0
DA:16,0
DA:17,0
DA:18,0
DA:19,0
DA:20,0
DA:21,0
DA:22,0
DA:23,0
DA:30,0
DA:31,0
DA:34,0
DA:38,0
DA:48,0
DA:49,0
DA:53,0
DA:55,0
DA:59,0
DA:65,0
DA:66,0
DA:68,0
DA:77,0
DA:83,0
DA:89,0
DA:94,0
DA:99,0
LF:26
LH:0
BRDA:65,0,0,0
BRDA:65,0,1,0
BRDA:48,1,0,0
BRDA:48,1,1,0
BRDA:31,2,0,0
BRDA:31,2,1,0
BRDA:31,3,0,0
BRDA:31,3,1,0
BRF:8
BRH:0
end_of_record
TN:
SF:src\lessons\lesson-books.service.ts
FN:19,(anonymous_4)
FN:32,(anonymous_5)
FN:45,(anonymous_6)
FN:56,(anonymous_7)
FN:60,(anonymous_8)
FN:78,(anonymous_9)
FN:117,(anonymous_10)
FN:142,(anonymous_11)
FN:184,(anonymous_12)
FN:192,(anonymous_13)
FN:193,(anonymous_14)
FN:201,(anonymous_15)
FNF:12
FNH:0
FNDA:0,(anonymous_4)
FNDA:0,(anonymous_5)
FNDA:0,(anonymous_6)
FNDA:0,(anonymous_7)
FNDA:0,(anonymous_8)
FNDA:0,(anonymous_9)
FNDA:0,(anonymous_10)
FNDA:0,(anonymous_11)
FNDA:0,(anonymous_12)
FNDA:0,(anonymous_13)
FNDA:0,(anonymous_14)
FNDA:0,(anonymous_15)
DA:1,0
DA:7,0
DA:8,0
DA:9,0
DA:10,0
DA:11,0
DA:12,0
DA:14,0
DA:15,0
DA:18,0
DA:21,0
DA:22,0
DA:23,0
DA:25,0
DA:33,0
DA:38,0
DA:39,0
DA:46,0
DA:50,0
DA:51,0
DA:53,0
DA:57,0
DA:61,0
DA:62,0
DA:75,0
DA:84,0
DA:85,0
DA:87,0
DA:88,0
DA:90,0
DA:91,0
DA:93,0
DA:94,0
DA:95,0
DA:98,0
DA:99,0
DA:101,0
DA:105,0
DA:114,0
DA:118,0
DA:119,0
DA:122,0
DA:123,0
DA:126,0
DA:128,0
DA:129,0
DA:130,0
DA:139,0
DA:148,0
DA:149,0
DA:151,0
DA:154,0
DA:155,0
DA:157,0
DA:158,0
DA:161,0
DA:176,0
DA:177,0
DA:178,0
DA:181,0
DA:185,0
DA:193,0
DA:194,0
DA:202,0
DA:203,0
DA:204,0
DA:206,0
DA:209,0
LF:68
LH:0
BRDA:34,0,0,0
BRDA:34,0,1,0
BRDA:34,0,2,0
BRDA:38,1,0,0
BRDA:38,1,1,0
BRDA:50,2,0,0
BRDA:50,2,1,0
BRDA:87,3,0,0
BRDA:87,3,1,0
BRDA:90,4,0,0
BRDA:90,4,1,0
BRDA:93,5,0,0
BRDA:93,5,1,0
BRDA:94,6,0,0
BRDA:94,6,1,0
BRDA:99,7,0,0
BRDA:99,7,1,0
BRDA:101,8,0,0
BRDA:101,8,1,0
BRDA:101,8,2,0
BRDA:122,9,0,0
BRDA:122,9,1,0
BRDA:128,10,0,0
BRDA:128,10,1,0
BRDA:154,11,0,0
BRDA:154,11,1,0
BRDA:157,12,0,0
BRDA:157,12,1,0
BRDA:157,13,0,0
BRDA:157,13,1,0
BRDA:157,13,2,0
BRDA:177,14,0,0
BRDA:177,14,1,0
BRDA:186,15,0,0
BRDA:186,15,1,0
BRDA:186,15,2,0
BRDA:202,16,0,0
BRDA:202,16,1,0
BRDA:202,17,0,0
BRDA:202,17,1,0
BRDA:21,18,0,0
BRDA:21,18,1,0
BRDA:21,19,0,0
BRDA:21,19,1,0
BRDA:21,20,0,0
BRDA:21,20,1,0
BRDA:21,21,0,0
BRDA:21,21,1,0
BRDA:22,22,0,0
BRDA:22,22,1,0
BRDA:22,23,0,0
BRDA:22,23,1,0
BRF:52
BRH:0
end_of_record
TN:
SF:src\lessons\lessons.controller.ts
FN:25,(anonymous_4)
FN:32,(anonymous_5)
FN:38,(anonymous_6)
FN:47,(anonymous_7)
FN:58,(anonymous_8)
FN:67,(anonymous_9)
FN:76,(anonymous_10)
FN:85,(anonymous_11)
FN:94,(anonymous_12)
FNF:9
FNH:0
FNDA:0,(anonymous_4)
FNDA:0,(anonymous_5)
FNDA:0,(anonymous_6)
FNDA:0,(anonymous_7)
FNDA:0,(anonymous_8)
FNDA:0,(anonymous_9)
FNDA:0,(anonymous_10)
FNDA:0,(anonymous_11)
FNDA:0,(anonymous_12)
DA:1,0
DA:10,0
DA:11,0
DA:12,0
DA:13,0
DA:14,0
DA:15,0
DA:16,0
DA:17,0
DA:18,0
DA:24,0
DA:26,0
DA:27,0
DA:32,0
DA:33,0
DA:38,0
DA:42,0
DA:47,0
DA:51,0
DA:58,0
DA:62,0
DA:67,0
DA:71,0
DA:76,0
DA:80,0
DA:85,0
DA:89,0
DA:94,0
DA:99,0
LF:29
LH:0
BRDA:40,0,0,0
BRDA:40,0,1,0
BRDA:40,1,0,0
BRDA:40,1,1,0
BRDA:97,2,0,0
BRDA:97,2,1,0
BRDA:97,3,0,0
BRDA:97,3,1,0
BRDA:26,4,0,0
BRDA:26,4,1,0
BRDA:26,5,0,0
BRDA:26,5,1,0
BRDA:26,6,0,0
BRDA:26,6,1,0
BRDA:26,7,0,0
BRDA:26,7,1,0
BRF:16
BRH:0
end_of_record
TN:
SF:src\lessons\lessons.service.ts
FN:31,(anonymous_4)
FN:51,(anonymous_5)
FN:89,(anonymous_6)
FN:124,(anonymous_7)
FN:213,(anonymous_8)
FN:228,(anonymous_9)
FN:234,(anonymous_10)
FN:259,(anonymous_11)
FN:362,(anonymous_12)
FN:377,(anonymous_13)
FN:383,(anonymous_14)
FN:410,(anonymous_15)
FN:457,(anonymous_16)
FN:540,(anonymous_17)
FN:546,(anonymous_18)
FN:579,(anonymous_19)
FN:669,(anonymous_20)
FN:686,(anonymous_21)
FN:696,(anonymous_22)
FN:731,(anonymous_23)
FN:780,(anonymous_24)
FN:829,(anonymous_25)
FN:834,(anonymous_26)
FN:846,(anonymous_27)
FN:853,(anonymous_28)
FNF:25
FNH:16
FNDA:35,(anonymous_4)
FNDA:1,(anonymous_5)
FNDA:13,(anonymous_6)
FNDA:7,(anonymous_7)
FNDA:0,(anonymous_8)
FNDA:0,(anonymous_9)
FNDA:5,(anonymous_10)
FNDA:2,(anonymous_11)
FNDA:0,(anonymous_12)
FNDA:0,(anonymous_13)
FNDA:4,(anonymous_14)
FNDA:4,(anonymous_15)
FNDA:1,(anonymous_16)
FNDA:0,(anonymous_17)
FNDA:5,(anonymous_18)
FNDA:3,(anonymous_19)
FNDA:0,(anonymous_20)
FNDA:0,(anonymous_21)
FNDA:0,(anonymous_22)
FNDA:0,(anonymous_23)
FNDA:2,(anonymous_24)
FNDA:14,(anonymous_25)
FNDA:8,(anonymous_26)
FNDA:7,(anonymous_27)
FNDA:7,(anonymous_28)
DA:1,3
DA:8,3
DA:9,3
DA:10,3
DA:11,3
DA:12,3
DA:13,3
DA:14,3
DA:15,3
DA:16,3
DA:17,3
DA:18,3
DA:19,3
DA:20,3
DA:21,3
DA:25,3
DA:28,3
DA:29,35
DA:33,35
DA:35,35
DA:37,35
DA:39,35
DA:41,35
DA:43,35
DA:44,35
DA:45,35
DA:46,35
DA:47,35
DA:48,35
DA:53,1
DA:55,1
DA:90,13
DA:94,13
DA:95,2
DA:98,11
DA:99,2
DA:103,9
DA:106,9
DA:107,9
DA:108,0
DA:110,9
DA:111,1
DA:114,8
DA:118,8
DA:124,7
DA:125,7
DA:129,7
DA:130,0
DA:133,7
DA:135,7
DA:145,7
DA:147,7
DA:151,7
DA:153,7
DA:156,7
DA:157,7
DA:159,7
DA:190,7
DA:201,7
DA:202,3
DA:213,0
DA:216,7
DA:217,3
DA:228,0
DA:231,7
DA:235,5
DA:240,5
DA:241,1
DA:244,4
DA:245,1
DA:248,3
DA:249,1
DA:252,2
DA:254,2
DA:257,2
DA:259,2
DA:260,2
DA:272,2
DA:273,0
DA:278,2
DA:283,2
DA:284,0
DA:287,2
DA:288,1
DA:291,1
DA:298,1
DA:304,1
DA:307,1
DA:308,1
DA:310,1
DA:315,1
DA:316,1
DA:327,1
DA:340,1
DA:341,1
DA:342,1
DA:350,1
DA:351,1
DA:362,0
DA:365,1
DA:366,1
DA:377,0
DA:380,1
DA:384,4
DA:388,4
DA:389,1
DA:392,3
DA:393,1
DA:396,2
DA:397,1
DA:400,1
DA:404,1
DA:405,1
DA:407,1
DA:415,4
DA:423,4
DA:424,1
DA:427,3
DA:428,0
DA:431,3
DA:432,1
DA:435,2
DA:436,1
DA:441,1
DA:445,1
DA:446,0
DA:450,1
DA:455,1
DA:457,1
DA:458,1
DA:463,1
DA:464,0
DA:469,1
DA:479,1
DA:486,1
DA:493,1
DA:496,1
DA:497,1
DA:499,1
DA:530,1
DA:531,1
DA:540,0
DA:543,1
DA:547,5
DA:551,5
DA:552,0
DA:554,5
DA:555,1
DA:557,4
DA:561,1
DA:565,3
DA:567,3
DA:568,0
DA:573,3
DA:575,3
DA:577,3
DA:579,3
DA:580,3
DA:585,3
DA:590,0
DA:593,3
DA:594,3
DA:596,3
DA:597,2
DA:603,2
DA:606,3
DA:609,3
DA:610,3
DA:612,3
DA:613,0
DA:616,3
DA:648,3
DA:651,3
DA:654,3
DA:655,3
DA:659,3
DA:660,3
DA:669,0
DA:672,3
DA:673,3
DA:677,3
DA:686,0
DA:689,3
DA:701,0
DA:705,0
DA:706,0
DA:707,0
DA:710,0
DA:713,0
DA:717,0
DA:732,0
DA:761,0
DA:762,0
DA:763,0
DA:765,0
DA:769,0
DA:771,0
DA:774,0
DA:775,0
DA:777,0
DA:781,2
DA:810,2
DA:811,2
DA:812,0
DA:814,2
DA:818,1
DA:820,1
DA:823,1
DA:824,0
DA:826,1
DA:830,14
DA:831,14
DA:839,8
DA:842,8
DA:843,1
DA:845,7
DA:846,7
DA:847,7
DA:848,0
DA:851,7
DA:852,7
DA:853,7
DA:854,7
DA:855,7
DA:856,7
DA:858,7
DA:859,0
LF:227
LH:188
BRDA:53,0,0,0
BRDA:53,0,1,1
BRDA:94,1,0,2
BRDA:94,1,1,11
BRDA:98,2,0,2
BRDA:98,2,1,9
BRDA:107,3,0,0
BRDA:107,3,1,9
BRDA:110,4,0,1
BRDA:110,4,1,8
BRDA:129,5,0,0
BRDA:129,5,1,7
BRDA:201,6,0,3
BRDA:201,6,1,4
BRDA:207,7,0,3
BRDA:207,7,1,2
BRDA:207,8,0,3
BRDA:207,8,1,2
BRDA:216,9,0,3
BRDA:216,9,1,4
BRDA:222,10,0,3
BRDA:222,10,1,2
BRDA:222,11,0,3
BRDA:222,11,1,2
BRDA:240,12,0,1
BRDA:240,12,1,4
BRDA:244,13,0,1
BRDA:244,13,1,3
BRDA:248,14,0,1
BRDA:248,14,1,2
BRDA:254,15,0,2
BRDA:254,15,1,0
BRDA:272,16,0,0
BRDA:272,16,1,2
BRDA:283,17,0,0
BRDA:283,17,1,2
BRDA:287,18,0,1
BRDA:287,18,1,1
BRDA:328,19,0,1
BRDA:328,19,1,0
BRDA:328,20,0,1
BRDA:328,20,1,0
BRDA:333,21,0,1
BRDA:333,21,1,0
BRDA:336,22,0,1
BRDA:336,22,1,0
BRDA:340,23,0,1
BRDA:340,23,1,0
BRDA:344,24,0,1
BRDA:344,24,1,0
BRDA:350,25,0,1
BRDA:350,25,1,0
BRDA:356,26,0,1
BRDA:356,26,1,0
BRDA:356,27,0,1
BRDA:356,27,1,0
BRDA:360,28,0,1
BRDA:360,28,1,0
BRDA:365,29,0,1
BRDA:365,29,1,0
BRDA:371,30,0,1
BRDA:371,30,1,0
BRDA:371,31,0,1
BRDA:371,31,1,0
BRDA:375,32,0,1
BRDA:375,32,1,0
BRDA:388,33,0,1
BRDA:388,33,1,3
BRDA:392,34,0,1
BRDA:392,34,1,2
BRDA:396,35,0,1
BRDA:396,35,1,1
BRDA:423,36,0,1
BRDA:423,36,1,3
BRDA:427,37,0,0
BRDA:427,37,1,3
BRDA:431,38,0,1
BRDA:431,38,1,2
BRDA:435,39,0,1
BRDA:435,39,1,1
BRDA:445,40,0,0
BRDA:445,40,1,1
BRDA:463,41,0,0
BRDA:463,41,1,1
BRDA:463,42,0,1
BRDA:463,42,1,1
BRDA:475,43,0,1
BRDA:475,43,1,0
BRDA:530,44,0,1
BRDA:530,44,1,0
BRDA:536,45,0,1
BRDA:536,45,1,1
BRDA:536,46,0,1
BRDA:536,46,1,1
BRDA:551,47,0,0
BRDA:551,47,1,5
BRDA:554,48,0,1
BRDA:554,48,1,4
BRDA:554,49,0,5
BRDA:554,49,1,2
BRDA:557,50,0,1
BRDA:557,50,1,3
BRDA:558,51,0,4
BRDA:558,51,1,1
BRDA:567,52,0,0
BRDA:567,52,1,3
BRDA:575,53,0,3
BRDA:575,53,1,2
BRDA:585,54,0,0
BRDA:585,54,1,3
BRDA:586,55,0,3
BRDA:586,55,1,3
BRDA:586,55,2,0
BRDA:596,56,0,2
BRDA:596,56,1,1
BRDA:612,57,0,0
BRDA:612,57,1,3
BRDA:648,58,0,3
BRDA:648,58,1,0
BRDA:651,59,0,3
BRDA:651,59,1,0
BRDA:655,60,0,2
BRDA:655,60,1,1
BRDA:659,61,0,3
BRDA:659,61,1,0
BRDA:672,62,0,3
BRDA:672,62,1,0
BRDA:673,63,0,2
BRDA:673,63,1,1
BRDA:705,64,0,0
BRDA:705,64,1,0
BRDA:706,65,0,0
BRDA:706,65,1,0
BRDA:706,66,0,0
BRDA:706,66,1,0
BRDA:710,67,0,0
BRDA:710,67,1,0
BRDA:713,68,0,0
BRDA:713,68,1,0
BRDA:722,69,0,0
BRDA:722,69,1,0
BRDA:726,70,0,0
BRDA:726,70,1,0
BRDA:726,70,2,0
BRDA:761,71,0,0
BRDA:761,71,1,0
BRDA:762,72,0,0
BRDA:762,72,1,0
BRDA:762,73,0,0
BRDA:762,73,1,0
BRDA:765,74,0,0
BRDA:765,74,1,0
BRDA:766,75,0,0
BRDA:766,75,1,0
BRDA:774,76,0,0
BRDA:774,76,1,0
BRDA:774,77,0,0
BRDA:774,77,1,0
BRDA:810,78,0,0
BRDA:810,78,1,2
BRDA:811,79,0,0
BRDA:811,79,1,2
BRDA:811,80,0,2
BRDA:811,80,1,0
BRDA:814,81,0,1
BRDA:814,81,1,1
BRDA:815,82,0,2
BRDA:815,82,1,1
BRDA:823,83,0,0
BRDA:823,83,1,1
BRDA:823,84,0,1
BRDA:823,84,1,1
BRDA:831,85,0,14
BRDA:831,85,1,14
BRDA:842,86,0,1
BRDA:842,86,1,7
BRDA:847,87,0,0
BRDA:847,87,1,7
BRDA:856,88,0,7
BRDA:856,88,1,7
BRDA:858,89,0,0
BRDA:858,89,1,7
BRDA:33,90,0,3
BRDA:33,90,1,0
BRDA:33,91,0,3
BRDA:33,91,1,3
BRDA:33,92,0,3
BRDA:33,92,1,0
BRDA:33,93,0,3
BRDA:33,93,1,3
BRDA:35,94,0,3
BRDA:35,94,1,0
BRDA:35,95,0,3
BRDA:35,95,1,3
BRDA:37,96,0,3
BRDA:37,96,1,0
BRDA:37,97,0,3
BRDA:37,97,1,3
BRDA:39,98,0,3
BRDA:39,98,1,0
BRDA:39,99,0,3
BRDA:39,99,1,3
BRDA:41,100,0,3
BRDA:41,100,1,0
BRDA:41,101,0,3
BRDA:41,101,1,3
BRDA:43,102,0,3
BRDA:43,102,1,0
BRDA:43,103,0,3
BRDA:43,103,1,3
BRDA:44,104,0,3
BRDA:44,104,1,0
BRDA:44,105,0,3
BRDA:44,105,1,3
BRDA:45,106,0,3
BRDA:45,106,1,0
BRDA:45,107,0,3
BRDA:45,107,1,3
BRDA:46,108,0,3
BRDA:46,108,1,0
BRDA:46,109,0,3
BRDA:46,109,1,3
BRDA:47,110,0,3
BRDA:47,110,1,0
BRDA:47,111,0,3
BRDA:47,111,1,3
BRF:226
BRH:146
end_of_record
TN:
SF:src\payments\invoice.service.ts
FN:13,(anonymous_12)
FN:20,(anonymous_13)
FN:30,(anonymous_14)
FN:34,(anonymous_15)
FN:35,(anonymous_16)
FNF:5
FNH:0
FNDA:0,(anonymous_12)
FNDA:0,(anonymous_13)
FNDA:0,(anonymous_14)
FNDA:0,(anonymous_15)
FNDA:0,(anonymous_16)
DA:1,1
DA:2,1
DA:3,1
DA:4,1
DA:5,1
DA:7,1
DA:10,1
DA:11,0
DA:13,0
DA:14,0
DA:15,0
DA:16,0
DA:30,0
DA:31,0
DA:32,0
DA:34,0
DA:35,0
DA:36,0
DA:38,0
DA:39,0
DA:40,0
DA:43,0
DA:44,0
DA:45,0
DA:47,0
DA:48,0
DA:49,0
DA:50,0
DA:52,0
DA:53,0
DA:54,0
DA:56,0
DA:57,0
DA:58,0
DA:60,0
DA:61,0
DA:62,0
DA:65,0
DA:66,0
DA:70,0
LF:40
LH:7
BRDA:15,0,0,0
BRDA:15,0,1,0
BRDA:15,1,0,0
BRDA:15,1,1,0
BRDA:38,2,0,0
BRDA:38,2,1,0
BRDA:60,3,0,0
BRDA:60,3,1,0
BRDA:13,4,0,1
BRDA:13,4,1,0
BRDA:13,5,0,1
BRDA:13,5,1,1
BRF:12
BRH:3
end_of_record
TN:
SF:src\payments\payment-methods.controller.ts
FN:8,(anonymous_4)
FN:14,(anonymous_5)
FN:49,(anonymous_6)
FNF:3
FNH:0
FNDA:0,(anonymous_4)
FNDA:0,(anonymous_5)
FNDA:0,(anonymous_6)
DA:1,0
DA:2,0
DA:3,0
DA:4,0
DA:7,0
DA:10,0
DA:14,0
DA:15,0
DA:19,0
DA:20,0
DA:49,0
LF:11
LH:0
BRDA:19,0,0,0
BRDA:19,0,1,0
BRDA:10,1,0,0
BRDA:10,1,1,0
BRDA:10,2,0,0
BRDA:10,2,1,0
BRF:6
BRH:0
end_of_record
TN:
SF:src\payments\payments.controller.ts
FN:28,(anonymous_4)
FN:57,(anonymous_5)
FN:68,(anonymous_6)
FN:76,(anonymous_7)
FN:39,(anonymous_8)
FNF:5
FNH:1
FNDA:1,(anonymous_4)
FNDA:0,(anonymous_5)
FNDA:0,(anonymous_6)
FNDA:0,(anonymous_7)
FNDA:0,(anonymous_8)
DA:1,1
DA:14,1
DA:16,1
DA:17,1
DA:18,1
DA:19,1
DA:20,1
DA:21,1
DA:22,1
DA:23,1
DA:24,1
DA:27,1
DA:29,1
DA:30,1
DA:40,0
DA:46,0
DA:47,0
DA:51,0
DA:53,0
DA:57,1
DA:62,0
DA:68,1
DA:69,0
DA:76,1
DA:81,0
DA:82,0
DA:83,0
DA:85,0
DA:97,0
LF:29
LH:17
BRDA:82,0,0,0
BRDA:82,0,1,0
BRDA:87,1,0,0
BRDA:87,1,1,0
BRDA:88,2,0,0
BRDA:88,2,1,0
BRDA:46,3,0,0
BRDA:46,3,1,0
BRDA:59,4,0,1
BRDA:59,4,1,0
BRDA:59,5,0,1
BRDA:59,5,1,1
BRDA:59,6,0,0
BRDA:59,6,1,1
BRDA:59,7,0,1
BRDA:59,7,1,0
BRDA:59,7,2,0
BRDA:29,8,0,1
BRDA:29,8,1,0
BRDA:29,9,0,1
BRDA:29,9,1,1
BRDA:29,10,0,1
BRDA:29,10,1,0
BRDA:29,11,0,1
BRDA:29,11,1,1
BRF:25
BRH:11
end_of_record
TN:
SF:src\payments\payments.service.ts
FN:40,(anonymous_4)
FN:67,(anonymous_5)
FN:73,(anonymous_6)
FN:176,(anonymous_7)
FN:183,(anonymous_8)
FN:192,(anonymous_9)
FN:199,(anonymous_10)
FN:201,(anonymous_11)
FN:234,(anonymous_12)
FN:248,(anonymous_13)
FN:256,(anonymous_14)
FN:257,(anonymous_15)
FN:282,(anonymous_16)
FN:283,(anonymous_17)
FN:311,(anonymous_18)
FN:318,(anonymous_19)
FN:319,(anonymous_20)
FN:334,(anonymous_21)
FN:335,(anonymous_22)
FN:356,(anonymous_23)
FN:368,(anonymous_24)
FN:379,(anonymous_25)
FNF:22
FNH:5
FNDA:3,(anonymous_4)
FNDA:0,(anonymous_5)
FNDA:2,(anonymous_6)
FNDA:0,(anonymous_7)
FNDA:0,(anonymous_8)
FNDA:0,(anonymous_9)
FNDA:1,(anonymous_10)
FNDA:1,(anonymous_11)
FNDA:1,(anonymous_12)
FNDA:0,(anonymous_13)
FNDA:0,(anonymous_14)
FNDA:0,(anonymous_15)
FNDA:0,(anonymous_16)
FNDA:0,(anonymous_17)
FNDA:0,(anonymous_18)
FNDA:0,(anonymous_19)
FNDA:0,(anonymous_20)
FNDA:0,(anonymous_21)
FNDA:0,(anonymous_22)
FNDA:0,(anonymous_23)
FNDA:0,(anonymous_24)
FNDA:0,(anonymous_25)
DA:1,2
DA:7,2
DA:8,2
DA:9,2
DA:10,2
DA:16,2
DA:17,2
DA:18,2
DA:19,2
DA:20,2
DA:21,2
DA:22,2
DA:25,2
DA:26,2
DA:27,2
DA:29,2
DA:37,2
DA:38,3
DA:42,3
DA:44,3
DA:46,3
DA:48,3
DA:50,3
DA:52,3
DA:54,3
DA:55,3
DA:56,3
DA:57,3
DA:58,3
DA:60,3
DA:68,0
DA:69,0
DA:78,2
DA:79,2
DA:80,0
DA:83,2
DA:84,0
DA:87,0
DA:88,0
DA:94,2
DA:97,2
DA:98,0
DA:103,2
DA:104,2
DA:105,0
DA:108,2
DA:114,2
DA:115,0
DA:120,2
DA:121,2
DA:122,0
DA:123,0
DA:129,2
DA:141,2
DA:142,2
DA:144,0
DA:148,0
DA:152,0
DA:155,2
DA:156,1
DA:160,1
DA:163,1
DA:164,1
DA:165,1
DA:170,1
DA:173,1
DA:177,0
DA:184,0
DA:188,0
DA:189,0
DA:193,0
DA:200,1
DA:202,1
DA:207,1
DA:208,0
DA:211,1
DA:212,0
DA:215,1
DA:216,1
DA:217,1
DA:218,1
DA:222,1
DA:224,1
DA:225,1
DA:232,1
DA:235,1
DA:238,1
DA:239,1
DA:249,0
DA:252,1
DA:257,0
DA:258,0
DA:263,0
DA:264,0
DA:267,0
DA:268,0
DA:271,0
DA:272,0
DA:275,0
DA:276,0
DA:278,0
DA:283,0
DA:284,0
DA:288,0
DA:289,0
DA:290,0
DA:294,0
DA:300,0
DA:307,0
DA:312,0
DA:319,0
DA:320,0
DA:324,0
DA:325,0
DA:326,0
DA:328,0
DA:329,0
DA:330,0
DA:335,0
DA:336,0
DA:340,0
DA:341,0
DA:342,0
DA:344,0
DA:350,0
DA:351,0
DA:352,0
DA:360,0
DA:361,0
DA:363,0
DA:368,0
DA:369,0
DA:373,0
DA:374,0
DA:377,0
DA:380,0
DA:381,0
DA:386,0
DA:388,0
DA:391,0
LF:140
LH:68
BRDA:68,0,0,0
BRDA:68,0,1,0
BRDA:79,1,0,0
BRDA:79,1,1,2
BRDA:83,2,0,0
BRDA:83,2,1,2
BRDA:87,3,0,0
BRDA:87,3,1,0
BRDA:97,4,0,0
BRDA:97,4,1,2
BRDA:104,5,0,0
BRDA:104,5,1,2
BRDA:104,6,0,2
BRDA:104,6,1,1
BRDA:114,7,0,0
BRDA:114,7,1,2
BRDA:114,8,0,2
BRDA:114,8,1,0
BRDA:121,9,0,0
BRDA:121,9,1,2
BRDA:133,10,0,2
BRDA:133,10,1,2
BRDA:136,11,0,2
BRDA:136,11,1,2
BRDA:137,12,0,2
BRDA:137,12,1,2
BRDA:144,13,0,0
BRDA:144,13,1,0
BRDA:145,14,0,0
BRDA:145,14,1,0
BRDA:155,15,0,1
BRDA:155,15,1,1
BRDA:164,16,0,1
BRDA:164,16,1,0
BRDA:188,17,0,0
BRDA:188,17,1,0
BRDA:207,18,0,0
BRDA:207,18,1,1
BRDA:211,19,0,0
BRDA:211,19,1,1
BRDA:222,20,0,0
BRDA:222,20,1,1
BRDA:238,21,0,1
BRDA:238,21,1,0
BRDA:263,22,0,0
BRDA:263,22,1,0
BRDA:267,23,0,0
BRDA:267,23,1,0
BRDA:272,24,0,0
BRDA:272,24,1,0
BRDA:275,25,0,0
BRDA:275,25,1,0
BRDA:288,26,0,0
BRDA:288,26,1,0
BRDA:289,27,0,0
BRDA:289,27,1,0
BRDA:324,28,0,0
BRDA:324,28,1,0
BRDA:325,29,0,0
BRDA:325,29,1,0
BRDA:340,30,0,0
BRDA:340,30,1,0
BRDA:341,31,0,0
BRDA:341,31,1,0
BRDA:361,32,0,0
BRDA:361,32,1,0
BRDA:373,33,0,0
BRDA:373,33,1,0
BRDA:380,34,0,0
BRDA:380,34,1,0
BRDA:380,35,0,0
BRDA:380,35,1,0
BRDA:382,36,0,0
BRDA:382,36,1,0
BRDA:42,37,0,2
BRDA:42,37,1,0
BRDA:42,38,0,2
BRDA:42,38,1,2
BRDA:42,39,0,2
BRDA:42,39,1,0
BRDA:42,40,0,2
BRDA:42,40,1,2
BRDA:44,41,0,2
BRDA:44,41,1,0
BRDA:44,42,0,2
BRDA:44,42,1,2
BRDA:46,43,0,2
BRDA:46,43,1,0
BRDA:46,44,0,2
BRDA:46,44,1,2
BRDA:48,45,0,2
BRDA:48,45,1,0
BRDA:48,46,0,2
BRDA:48,46,1,2
BRDA:50,47,0,2
BRDA:50,47,1,0
BRDA:50,48,0,2
BRDA:50,48,1,2
BRDA:52,49,0,2
BRDA:52,49,1,0
BRDA:52,50,0,2
BRDA:52,50,1,2
BRDA:54,51,0,2
BRDA:54,51,1,0
BRDA:54,52,0,2
BRDA:54,52,1,2
BRDA:55,53,0,2
BRDA:55,53,1,0
BRDA:55,54,0,2
BRDA:55,54,1,2
BRDA:56,55,0,2
BRDA:56,55,1,0
BRDA:56,56,0,2
BRDA:56,56,1,2
BRDA:57,57,0,2
BRDA:57,57,1,0
BRDA:57,58,0,2
BRDA:57,58,1,2
BRF:118
BRH:55
end_of_record
TN:
SF:src\payments\payout.controller.ts
FN:21,(anonymous_4)
FN:25,(anonymous_5)
FN:34,(anonymous_6)
FN:40,(anonymous_7)
FN:49,(anonymous_8)
FNF:5
FNH:0
FNDA:0,(anonymous_4)
FNDA:0,(anonymous_5)
FNDA:0,(anonymous_6)
FNDA:0,(anonymous_7)
FNDA:0,(anonymous_8)
DA:1,0
DA:10,0
DA:11,0
DA:12,0
DA:13,0
DA:14,0
DA:15,0
DA:16,0
DA:20,0
DA:21,0
DA:25,0
DA:29,0
DA:34,0
DA:35,0
DA:40,0
DA:44,0
DA:49,0
DA:54,0
LF:18
LH:0
BRDA:27,0,0,0
BRDA:27,0,1,0
BRDA:27,1,0,0
BRDA:27,1,1,0
BRDA:21,2,0,0
BRDA:21,2,1,0
BRDA:21,3,0,0
BRDA:21,3,1,0
BRF:8
BRH:0
end_of_record
TN:
SF:src\payments\stripe\stripe-connect.controller.ts
FN:15,(anonymous_4)
FN:23,(anonymous_5)
FN:47,(anonymous_6)
FNF:3
FNH:0
FNDA:0,(anonymous_4)
FNDA:0,(anonymous_5)
FNDA:0,(anonymous_6)
DA:1,0
DA:2,0
DA:3,0
DA:4,0
DA:5,0
DA:6,0
DA:7,0
DA:8,0
DA:9,0
DA:10,0
DA:14,0
DA:17,0
DA:18,0
DA:23,0
DA:24,0
DA:27,0
DA:29,0
DA:31,0
DA:32,0
DA:35,0
DA:36,0
DA:41,0
DA:42,0
DA:47,0
DA:48,0
DA:51,0
DA:53,0
LF:27
LH:0
BRDA:27,0,0,0
BRDA:27,0,1,0
BRDA:31,1,0,0
BRDA:31,1,1,0
BRDA:51,2,0,0
BRDA:51,2,1,0
BRDA:17,3,0,0
BRDA:17,3,1,0
BRDA:17,4,0,0
BRDA:17,4,1,0
BRDA:17,5,0,0
BRDA:17,5,1,0
BRDA:17,6,0,0
BRDA:17,6,1,0
BRF:14
BRH:0
end_of_record
TN:
SF:src\payments\stripe\stripe-webhook.controller.ts
FN:18,(anonymous_4)
FN:30,(anonymous_5)
FN:109,(anonymous_6)
FNF:3
FNH:0
FNDA:0,(anonymous_4)
FNDA:0,(anonymous_5)
FNDA:0,(anonymous_6)
DA:1,0
DA:3,0
DA:4,0
DA:6,0
DA:7,0
DA:8,0
DA:9,0
DA:10,0
DA:11,0
DA:12,0
DA:17,0
DA:19,0
DA:20,0
DA:22,0
DA:24,0
DA:26,0
DA:30,0
DA:33,0
DA:34,0
DA:36,0
DA:39,0
DA:42,0
DA:43,0
DA:46,0
DA:47,0
DA:49,0
DA:50,0
DA:51,0
DA:54,0
DA:55,0
DA:56,0
DA:57,0
DA:58,0
DA:61,0
DA:64,0
DA:65,0
DA:66,0
DA:68,0
DA:69,0
DA:70,0
DA:72,0
DA:73,0
DA:74,0
DA:77,0
DA:78,0
DA:82,0
DA:83,0
DA:86,0
DA:89,0
DA:90,0
DA:91,0
DA:94,0
DA:96,0
DA:97,0
DA:98,0
DA:105,0
DA:106,0
DA:110,0
DA:111,0
LF:59
LH:0
BRDA:42,0,0,0
BRDA:42,0,1,0
BRDA:46,1,0,0
BRDA:46,1,1,0
BRDA:49,2,0,0
BRDA:49,2,1,0
BRDA:56,3,0,0
BRDA:56,3,1,0
BRDA:56,4,0,0
BRDA:56,4,1,0
BRDA:64,5,0,0
BRDA:64,5,1,0
BRDA:68,6,0,0
BRDA:68,6,1,0
BRDA:72,7,0,0
BRDA:72,7,1,0
BRDA:78,8,0,0
BRDA:78,8,1,0
BRDA:79,9,0,0
BRDA:79,9,1,0
BRDA:89,10,0,0
BRDA:89,10,1,0
BRDA:94,11,0,0
BRDA:94,11,1,0
BRDA:96,12,0,0
BRDA:96,12,1,0
BRDA:97,13,0,0
BRDA:97,13,1,0
BRDA:19,14,0,0
BRDA:19,14,1,0
BRDA:19,15,0,0
BRDA:19,15,1,0
BRDA:19,16,0,0
BRDA:19,16,1,0
BRDA:19,17,0,0
BRDA:19,17,1,0
BRDA:20,18,0,0
BRDA:20,18,1,0
BRDA:20,19,0,0
BRDA:20,19,1,0
BRDA:22,20,0,0
BRDA:22,20,1,0
BRDA:22,21,0,0
BRDA:22,21,1,0
BRDA:24,22,0,0
BRDA:24,22,1,0
BRDA:24,23,0,0
BRDA:24,23,1,0
BRF:48
BRH:0
end_of_record
TN:
SF:src\payments\stripe\stripe.service.ts
FN:12,(anonymous_3)
FN:19,(anonymous_4)
FN:23,(anonymous_5)
FN:64,(anonymous_6)
FN:75,(anonymous_7)
FN:87,(anonymous_8)
FN:91,(anonymous_9)
FN:106,(anonymous_10)
FNF:8
FNH:0
FNDA:0,(anonymous_3)
FNDA:0,(anonymous_4)
FNDA:0,(anonymous_5)
FNDA:0,(anonymous_6)
FNDA:0,(anonymous_7)
FNDA:0,(anonymous_8)
FNDA:0,(anonymous_9)
FNDA:0,(anonymous_10)
DA:1,2
DA:2,2
DA:3,2
DA:5,2
DA:8,2
DA:12,0
DA:13,0
DA:14,0
DA:20,0
DA:29,0
DA:32,0
DA:34,0
DA:59,0
DA:65,0
DA:77,0
DA:78,0
DA:84,0
DA:88,0
DA:96,0
DA:107,0
DA:108,0
DA:112,0
DA:113,0
DA:116,0
DA:117,0
DA:120,0
LF:26
LH:5
BRDA:14,0,0,0
BRDA:14,0,1,0
BRDA:29,1,0,0
BRDA:29,1,1,0
BRDA:77,2,0,0
BRDA:77,2,1,0
BRDA:102,3,0,0
BRDA:102,3,1,0
BRDA:112,4,0,0
BRDA:112,4,1,0
BRDA:112,5,0,0
BRDA:112,5,1,0
BRDA:116,6,0,0
BRDA:116,6,1,0
BRDA:12,7,0,2
BRDA:12,7,1,0
BRDA:12,8,0,2
BRDA:12,8,1,2
BRF:18
BRH:3
end_of_record
TN:
SF:src\reviews\reviews.controller.ts
FN:14,(anonymous_4)
FN:18,(anonymous_5)
FN:24,(anonymous_6)
FN:30,(anonymous_7)
FN:36,(anonymous_8)
FNF:5
FNH:0
FNDA:0,(anonymous_4)
FNDA:0,(anonymous_5)
FNDA:0,(anonymous_6)
FNDA:0,(anonymous_7)
FNDA:0,(anonymous_8)
DA:1,0
DA:2,0
DA:3,0
DA:4,0
DA:5,0
DA:6,0
DA:7,0
DA:8,0
DA:13,0
DA:14,0
DA:18,0
DA:19,0
DA:24,0
DA:25,0
DA:30,0
DA:31,0
DA:36,0
DA:37,0
LF:18
LH:0
BRDA:18,0,0,0
BRDA:18,0,1,0
BRDA:18,1,0,0
BRDA:18,1,1,0
BRDA:36,2,0,0
BRDA:36,2,1,0
BRDA:36,3,0,0
BRDA:36,3,1,0
BRDA:14,4,0,0
BRDA:14,4,1,0
BRDA:14,5,0,0
BRDA:14,5,1,0
BRF:12
BRH:0
end_of_record
TN:
SF:src\reviews\reviews.service.ts
FN:18,(anonymous_4)
FN:25,(anonymous_5)
FN:59,(anonymous_6)
FN:67,(anonymous_7)
FN:74,(anonymous_8)
FN:84,(anonymous_9)
FNF:6
FNH:3
FNDA:4,(anonymous_4)
FNDA:4,(anonymous_5)
FNDA:0,(anonymous_6)
FNDA:0,(anonymous_7)
FNDA:0,(anonymous_8)
FNDA:1,(anonymous_9)
DA:1,1
DA:8,1
DA:9,1
DA:10,1
DA:11,1
DA:12,1
DA:17,1
DA:20,4
DA:22,4
DA:26,4
DA:30,4
DA:31,0
DA:33,4
DA:34,1
DA:36,3
DA:37,1
DA:40,2
DA:49,2
DA:50,2
DA:52,1
DA:53,1
DA:55,0
DA:60,0
DA:68,0
DA:75,0
DA:76,0
DA:77,0
DA:80,0
DA:81,0
DA:85,1
LF:30
LH:21
BRDA:30,0,0,0
BRDA:30,0,1,4
BRDA:33,1,0,1
BRDA:33,1,1,3
BRDA:36,2,0,1
BRDA:36,2,1,2
BRDA:45,3,0,2
BRDA:45,3,1,2
BRDA:52,4,0,1
BRDA:52,4,1,0
BRDA:76,5,0,0
BRDA:76,5,1,0
BRDA:86,6,0,1
BRDA:86,6,1,1
BRDA:86,6,2,1
BRDA:20,7,0,1
BRDA:20,7,1,0
BRDA:20,8,0,1
BRDA:20,8,1,1
BRDA:20,9,0,1
BRDA:20,9,1,0
BRDA:20,10,0,1
BRDA:20,10,1,1
BRF:23
BRH:17
end_of_record
TN:
SF:src\services\bunny.service.ts
FN:11,(anonymous_11)
FN:17,(anonymous_12)
FN:24,(anonymous_13)
FN:32,(anonymous_14)
FNF:4
FNH:0
FNDA:0,(anonymous_11)
FNDA:0,(anonymous_12)
FNDA:0,(anonymous_13)
FNDA:0,(anonymous_14)
DA:1,0
DA:2,0
DA:3,0
DA:6,0
DA:11,0
DA:12,0
DA:13,0
DA:14,0
DA:18,0
DA:19,0
DA:20,0
DA:21,0
DA:25,0
DA:29,0
DA:33,0
DA:34,0
DA:38,0
DA:39,0
LF:18
LH:0
BRDA:17,0,0,0
BRDA:33,1,0,0
BRDA:33,1,1,0
BRDA:38,2,0,0
BRDA:38,2,1,0
BRDA:11,3,0,0
BRDA:11,3,1,0
BRDA:11,4,0,0
BRDA:11,4,1,0
BRF:9
BRH:0
end_of_record
TN:
SF:src\services\calendar.service.ts
FN:24,(anonymous_2)
FN:26,(anonymous_3)
FN:34,(anonymous_4)
FN:42,(anonymous_5)
FN:58,(anonymous_6)
FN:67,(anonymous_7)
FN:89,(anonymous_8)
FN:129,(anonymous_9)
FN:156,(anonymous_10)
FN:164,(anonymous_11)
FN:175,(anonymous_12)
FNF:11
FNH:0
FNDA:0,(anonymous_2)
FNDA:0,(anonymous_3)
FNDA:0,(anonymous_4)
FNDA:0,(anonymous_5)
FNDA:0,(anonymous_6)
FNDA:0,(anonymous_7)
FNDA:0,(anonymous_8)
FNDA:0,(anonymous_9)
FNDA:0,(anonymous_10)
FNDA:0,(anonymous_11)
FNDA:0,(anonymous_12)
DA:1,3
DA:2,3
DA:3,3
DA:4,3
DA:21,3
DA:22,0
DA:24,0
DA:27,0
DA:35,0
DA:39,0
DA:43,0
DA:51,0
DA:59,0
DA:60,0
DA:64,0
DA:68,0
DA:69,0
DA:72,0
DA:73,0
DA:74,0
DA:79,0
DA:81,0
DA:92,0
DA:93,0
DA:94,0
DA:95,0
DA:97,0
DA:125,0
DA:127,0
DA:129,0
DA:133,0
DA:134,0
DA:135,0
DA:138,0
DA:139,0
DA:142,0
DA:150,0
DA:151,0
DA:152,0
DA:153,0
DA:157,0
DA:173,0
DA:175,0
DA:176,0
DA:177,0
DA:179,0
LF:46
LH:5
BRDA:28,0,0,0
BRDA:28,0,1,0
BRDA:28,0,2,0
BRDA:68,1,0,0
BRDA:68,1,1,0
BRDA:68,2,0,0
BRDA:68,2,1,0
BRDA:83,3,0,0
BRDA:83,3,1,0
BRDA:92,4,0,0
BRDA:92,4,1,0
BRDA:125,5,0,0
BRDA:125,5,1,0
BRDA:127,6,0,0
BRDA:127,6,1,0
BRDA:127,6,2,0
BRDA:133,7,0,0
BRDA:133,7,1,0
BRDA:133,8,0,0
BRDA:133,8,1,0
BRDA:138,9,0,0
BRDA:138,9,1,0
BRDA:144,10,0,0
BRDA:144,10,1,0
BRDA:173,11,0,0
BRDA:173,11,1,0
BRDA:192,12,0,0
BRDA:192,12,1,0
BRDA:24,13,0,3
BRDA:24,13,1,0
BRDA:24,14,0,3
BRDA:24,14,1,3
BRF:32
BRH:3
end_of_record
TN:
SF:src\services\commission.service.ts
FN:15,(anonymous_4)
FN:20,(anonymous_5)
FN:24,(anonymous_6)
FN:28,(anonymous_7)
FN:40,(anonymous_8)
FN:52,(anonymous_9)
FN:66,(anonymous_10)
FN:71,(anonymous_11)
FN:78,(anonymous_12)
FN:86,(anonymous_13)
FN:96,(anonymous_14)
FN:103,(anonymous_15)
FNF:12
FNH:11
FNDA:22,(anonymous_4)
FNDA:1,(anonymous_5)
FNDA:15,(anonymous_6)
FNDA:3,(anonymous_7)
FNDA:3,(anonymous_8)
FNDA:10,(anonymous_9)
FNDA:2,(anonymous_10)
FNDA:1,(anonymous_11)
FNDA:11,(anonymous_12)
FNDA:2,(anonymous_13)
FNDA:2,(anonymous_14)
FNDA:0,(anonymous_15)
DA:1,6
DA:2,6
DA:3,6
DA:4,6
DA:6,6
DA:9,6
DA:10,22
DA:11,22
DA:12,22
DA:13,22
DA:17,22
DA:21,1
DA:25,15
DA:29,3
DA:30,0
DA:32,3
DA:35,3
DA:36,3
DA:37,3
DA:41,3
DA:42,0
DA:44,3
DA:47,3
DA:48,3
DA:49,3
DA:53,10
DA:54,1
DA:56,9
DA:59,9
DA:60,9
DA:62,9
DA:63,9
DA:67,2
DA:68,2
DA:72,1
DA:73,1
DA:74,1
DA:75,1
DA:79,11
DA:80,7
DA:81,5
DA:82,3
DA:83,1
DA:90,2
DA:91,2
DA:92,2
DA:93,2
DA:97,2
DA:98,1
DA:100,1
DA:107,0
DA:108,0
DA:109,0
DA:110,0
LF:54
LH:48
BRDA:29,0,0,0
BRDA:29,0,1,3
BRDA:29,1,0,3
BRDA:29,1,1,0
BRDA:35,2,0,3
BRDA:35,2,1,0
BRDA:41,3,0,0
BRDA:41,3,1,3
BRDA:41,4,0,3
BRDA:41,4,1,0
BRDA:47,5,0,3
BRDA:47,5,1,0
BRDA:53,6,0,1
BRDA:53,6,1,9
BRDA:53,7,0,10
BRDA:53,7,1,1
BRDA:59,8,0,7
BRDA:59,8,1,2
BRDA:61,9,0,7
BRDA:61,9,1,2
BRDA:61,10,0,9
BRDA:61,10,1,8
BRDA:79,11,0,4
BRDA:79,11,1,7
BRDA:80,12,0,2
BRDA:80,12,1,5
BRDA:81,13,0,2
BRDA:81,13,1,3
BRDA:82,14,0,2
BRDA:82,14,1,1
BRDA:97,15,0,1
BRDA:97,15,1,1
BRDA:17,16,0,6
BRDA:17,16,1,0
BRDA:17,17,0,6
BRDA:17,17,1,6
BRF:36
BRH:29
end_of_record
TN:
SF:src\services\email.service.ts
FN:11,(anonymous_11)
FN:25,(anonymous_12)
FN:40,(anonymous_13)
FN:59,(anonymous_14)
FNF:4
FNH:3
FNDA:5,(anonymous_11)
FNDA:0,(anonymous_12)
FNDA:2,(anonymous_13)
FNDA:1,(anonymous_14)
DA:1,8
DA:2,8
DA:3,8
DA:6,8
DA:7,5
DA:9,5
DA:11,5
DA:12,5
DA:13,5
DA:14,5
DA:16,5
DA:26,0
DA:27,0
DA:30,0
DA:32,0
DA:33,0
DA:34,0
DA:36,0
DA:41,2
DA:42,0
DA:43,0
DA:45,2
DA:46,2
DA:55,2
DA:60,1
DA:61,0
DA:62,0
DA:64,1
DA:65,1
DA:74,1
LF:30
LH:19
BRDA:14,0,0,5
BRDA:14,0,1,3
BRDA:18,1,0,5
BRDA:18,1,1,2
BRDA:19,2,0,5
BRDA:19,2,1,5
BRDA:21,3,0,3
BRDA:21,3,1,2
BRDA:26,4,0,0
BRDA:26,4,1,0
BRDA:41,5,0,0
BRDA:41,5,1,2
BRDA:48,6,0,2
BRDA:48,6,1,2
BRDA:60,7,0,0
BRDA:60,7,1,1
BRDA:67,8,0,1
BRDA:67,8,1,1
BRDA:11,9,0,8
BRDA:11,9,1,0
BRDA:11,10,0,8
BRDA:11,10,1,8
BRF:22
BRH:17
end_of_record
TN:
SF:src\services\gemini.service.ts
FN:16,(anonymous_2)
FN:20,(anonymous_3)
FN:24,(anonymous_4)
FNF:3
FNH:0
FNDA:0,(anonymous_2)
FNDA:0,(anonymous_3)
FNDA:0,(anonymous_4)
DA:1,0
DA:2,0
DA:11,0
DA:14,0
DA:16,0
DA:17,0
DA:21,0
DA:25,0
DA:26,0
DA:28,0
DA:40,0
DA:41,0
DA:42,0
DA:45,0
DA:46,0
LF:15
LH:0
BRDA:25,0,0,0
BRDA:25,0,1,0
BRDA:40,1,0,0
BRDA:40,1,1,0
BRDA:46,2,0,0
BRDA:46,2,1,0
BRDA:16,3,0,0
BRDA:16,3,1,0
BRDA:16,4,0,0
BRDA:16,4,1,0
BRF:10
BRH:0
end_of_record
TN:
SF:src\services\payout-reconciliation.service.ts
FN:12,(anonymous_4)
FN:18,(anonymous_5)
FN:34,(anonymous_6)
FNF:3
FNH:0
FNDA:0,(anonymous_4)
FNDA:0,(anonymous_5)
FNDA:0,(anonymous_6)
DA:1,0
DA:2,0
DA:3,0
DA:4,0
DA:5,0
DA:6,0
DA:9,0
DA:10,0
DA:14,0
DA:18,0
DA:19,0
DA:20,0
DA:22,0
DA:29,0
DA:31,0
DA:33,0
DA:34,0
DA:35,0
DA:36,0
DA:43,0
DA:47,0
DA:51,0
DA:52,0
DA:53,0
DA:55,0
DA:63,0
LF:26
LH:0
BRDA:29,0,0,0
BRDA:29,0,1,0
BRDA:35,1,0,0
BRDA:35,1,1,0
BRDA:51,2,0,0
BRDA:51,2,1,0
BRDA:14,3,0,0
BRDA:14,3,1,0
BRDA:14,4,0,0
BRDA:14,4,1,0
BRF:10
BRH:0
end_of_record
TN:
SF:src\services\reminder.service.ts
FN:12,(anonymous_4)
FN:20,(anonymous_5)
FN:51,(anonymous_6)
FN:66,(anonymous_7)
FNF:4
FNH:0
FNDA:0,(anonymous_4)
FNDA:0,(anonymous_5)
FNDA:0,(anonymous_6)
FNDA:0,(anonymous_7)
DA:1,0
DA:2,0
DA:3,0
DA:4,0
DA:5,0
DA:6,0
DA:7,0
DA:8,0
DA:11,0
DA:14,0
DA:15,0
DA:16,0
DA:20,0
DA:21,0
DA:22,0
DA:23,0
DA:25,0
DA:34,0
DA:35,0
DA:36,0
DA:38,0
DA:39,0
DA:41,0
DA:42,0
DA:52,0
DA:56,0
DA:57,0
DA:67,0
DA:72,0
LF:29
LH:0
BRDA:39,0,0,0
BRDA:39,0,1,0
BRDA:41,1,0,0
BRDA:41,1,1,0
BRDA:47,2,0,0
BRDA:47,2,1,0
BRDA:47,3,0,0
BRDA:47,3,1,0
BRDA:56,4,0,0
BRDA:56,4,1,0
BRDA:62,5,0,0
BRDA:62,5,1,0
BRDA:62,6,0,0
BRDA:62,6,1,0
BRDA:14,7,0,0
BRDA:14,7,1,0
BRDA:14,8,0,0
BRDA:14,8,1,0
BRDA:14,9,0,0
BRDA:14,9,1,0
BRDA:14,10,0,0
BRDA:14,10,1,0
BRDA:15,11,0,0
BRDA:15,11,1,0
BRDA:15,12,0,0
BRDA:15,12,1,0
BRF:26
BRH:0
end_of_record
TN:
SF:src\users\users.controller.ts
FN:33,(anonymous_4)
FN:36,(anonymous_5)
FN:41,(anonymous_6)
FN:49,(anonymous_7)
FN:57,(anonymous_8)
FN:85,(anonymous_9)
FN:93,(anonymous_10)
FN:98,(anonymous_11)
FN:103,(anonymous_12)
FN:111,(anonymous_13)
FN:69,(anonymous_14)
FNF:11
FNH:0
FNDA:0,(anonymous_4)
FNDA:0,(anonymous_5)
FNDA:0,(anonymous_6)
FNDA:0,(anonymous_7)
FNDA:0,(anonymous_8)
FNDA:0,(anonymous_9)
FNDA:0,(anonymous_10)
FNDA:0,(anonymous_11)
FNDA:0,(anonymous_12)
FNDA:0,(anonymous_13)
FNDA:0,(anonymous_14)
DA:1,0
DA:12,0
DA:13,0
DA:14,0
DA:15,0
DA:16,0
DA:22,0
DA:32,0
DA:33,0
DA:36,0
DA:37,0
DA:41,0
DA:45,0
DA:49,0
DA:53,0
DA:57,0
DA:61,0
DA:70,0
DA:73,0
DA:79,0
DA:81,0
DA:85,0
DA:89,0
DA:93,0
DA:94,0
DA:98,0
DA:99,0
DA:103,0
DA:107,0
DA:111,0
DA:112,0
LF:31
LH:0
BRDA:43,0,0,0
BRDA:43,0,1,0
BRDA:43,1,0,0
BRDA:43,1,1,0
BRDA:51,2,0,0
BRDA:51,2,1,0
BRDA:51,3,0,0
BRDA:51,3,1,0
BRDA:59,4,0,0
BRDA:59,4,1,0
BRDA:59,5,0,0
BRDA:59,5,1,0
BRDA:70,6,0,0
BRDA:70,6,1,0
BRDA:105,7,0,0
BRDA:105,7,1,0
BRDA:105,8,0,0
BRDA:105,8,1,0
BRDA:33,9,0,0
BRDA:33,9,1,0
BRDA:33,10,0,0
BRDA:33,10,1,0
BRF:22
BRH:0
end_of_record
TN:
SF:src\users\users.service.ts
FN:39,(anonymous_13)
FN:54,(anonymous_14)
FN:70,(anonymous_15)
FN:85,(anonymous_16)
FN:117,(anonymous_17)
FN:157,(anonymous_18)
FN:174,(anonymous_19)
FN:185,(anonymous_20)
FN:201,(anonymous_21)
FN:225,(anonymous_22)
FN:226,(anonymous_23)
FN:270,(anonymous_24)
FN:282,(anonymous_25)
FN:283,(anonymous_26)
FN:286,(anonymous_27)
FN:302,(anonymous_28)
FNF:16
FNH:0
FNDA:0,(anonymous_13)
FNDA:0,(anonymous_14)
FNDA:0,(anonymous_15)
FNDA:0,(anonymous_16)
FNDA:0,(anonymous_17)
FNDA:0,(anonymous_18)
FNDA:0,(anonymous_19)
FNDA:0,(anonymous_20)
FNDA:0,(anonymous_21)
FNDA:0,(anonymous_22)
FNDA:0,(anonymous_23)
FNDA:0,(anonymous_24)
FNDA:0,(anonymous_25)
FNDA:0,(anonymous_26)
FNDA:0,(anonymous_27)
FNDA:0,(anonymous_28)
DA:1,0
DA:7,0
DA:8,0
DA:9,0
DA:10,0
DA:11,0
DA:12,0
DA:13,0
DA:14,0
DA:16,0
DA:17,0
DA:24,0
DA:36,0
DA:37,0
DA:41,0
DA:43,0
DA:44,0
DA:45,0
DA:47,0
DA:55,0
DA:63,0
DA:64,0
DA:67,0
DA:71,0
DA:72,0
DA:73,0
DA:76,0
DA:77,0
DA:78,0
DA:79,0
DA:81,0
DA:82,0
DA:86,0
DA:92,0
DA:93,0
DA:97,0
DA:98,0
DA:103,0
DA:107,0
DA:108,0
DA:111,0
DA:112,0
DA:114,0
DA:118,0
DA:121,0
DA:122,0
DA:125,0
DA:131,0
DA:132,0
DA:135,0
DA:136,0
DA:140,0
DA:141,0
DA:145,0
DA:146,0
DA:147,0
DA:148,0
DA:150,0
DA:151,0
DA:153,0
DA:158,0
DA:159,0
DA:161,0
DA:162,0
DA:165,0
DA:167,0
DA:171,0
DA:175,0
DA:179,0
DA:180,0
DA:182,0
DA:189,0
DA:190,0
DA:191,0
DA:194,0
DA:195,0
DA:196,0
DA:197,0
DA:198,0
DA:202,0
DA:206,0
DA:208,0
DA:209,0
DA:210,0
DA:214,0
DA:215,0
DA:216,0
DA:218,0
DA:221,0
DA:222,0
DA:226,0
DA:227,0
DA:231,0
DA:232,0
DA:235,0
DA:248,0
DA:249,0
DA:256,0
DA:257,0
DA:260,0
DA:261,0
DA:265,0
DA:267,0
DA:271,0
DA:272,0
DA:275,0
DA:276,0
DA:283,0
DA:284,0
DA:287,0
DA:288,0
DA:293,0
DA:295,0
DA:298,0
DA:303,0
DA:304,0
DA:305,0
LF:117
LH:0
BRDA:63,0,0,0
BRDA:63,0,1,0
BRDA:72,1,0,0
BRDA:72,1,1,0
BRDA:76,2,0,0
BRDA:76,2,1,0
BRDA:77,3,0,0
BRDA:77,3,1,0
BRDA:78,4,0,0
BRDA:78,4,1,0
BRDA:79,5,0,0
BRDA:79,5,1,0
BRDA:92,6,0,0
BRDA:92,6,1,0
BRDA:97,7,0,0
BRDA:97,7,1,0
BRDA:107,8,0,0
BRDA:107,8,1,0
BRDA:121,9,0,0
BRDA:121,9,1,0
BRDA:121,10,0,0
BRDA:121,10,1,0
BRDA:131,11,0,0
BRDA:131,11,1,0
BRDA:135,12,0,0
BRDA:135,12,1,0
BRDA:140,13,0,0
BRDA:140,13,1,0
BRDA:150,14,0,0
BRDA:150,14,1,0
BRDA:158,15,0,0
BRDA:158,15,1,0
BRDA:161,16,0,0
BRDA:161,16,1,0
BRDA:179,17,0,0
BRDA:179,17,1,0
BRDA:190,18,0,0
BRDA:190,18,1,0
BRDA:206,19,0,0
BRDA:206,19,1,0
BRDA:208,20,0,0
BRDA:208,20,1,0
BRDA:209,21,0,0
BRDA:209,21,1,0
BRDA:215,22,0,0
BRDA:215,22,1,0
BRDA:231,23,0,0
BRDA:231,23,1,0
BRDA:271,24,0,0
BRDA:271,24,1,0
BRDA:271,25,0,0
BRDA:271,25,1,0
BRDA:277,26,0,0
BRDA:277,26,1,0
BRDA:287,27,0,0
BRDA:287,27,1,0
BRDA:287,28,0,0
BRDA:287,28,1,0
BRDA:289,29,0,0
BRDA:289,29,1,0
BRDA:41,30,0,0
BRDA:41,30,1,0
BRDA:41,31,0,0
BRDA:41,31,1,0
BRDA:41,32,0,0
BRDA:41,32,1,0
BRDA:41,33,0,0
BRDA:41,33,1,0
BRDA:43,34,0,0
BRDA:43,34,1,0
BRDA:43,35,0,0
BRDA:43,35,1,0
BRDA:44,36,0,0
BRDA:44,36,1,0
BRDA:44,37,0,0
BRDA:44,37,1,0
BRF:76
BRH:0
end_of_record
