TN:
SF:src\app.controller.ts
FN:7,(anonymous_2)
FN:11,(anonymous_3)
FN:17,(anonymous_4)
FN:27,(anonymous_5)
FNF:4
FNH:2
FNDA:1,(anonymous_2)
FNDA:1,(anonymous_3)
FNDA:0,(anonymous_4)
FNDA:0,(anonymous_5)
DA:1,1
DA:2,1
DA:3,1
DA:6,1
DA:7,1
DA:11,1
DA:12,1
DA:17,1
DA:18,0
DA:27,1
DA:28,0
DA:29,0
LF:12
LH:9
BRDA:7,0,0,1
BRDA:7,0,1,0
BRDA:7,1,0,1
BRDA:7,1,1,1
BRF:4
BRH:3
end_of_record
TN:
SF:src\app.service.ts
FN:17,(anonymous_2)
FN:22,(anonymous_3)
FN:26,(anonymous_4)
FN:37,(anonymous_5)
FNF:4
FNH:2
FNDA:1,(anonymous_2)
FNDA:1,(anonymous_3)
FNDA:0,(anonymous_4)
FNDA:0,(anonymous_5)
DA:1,1
DA:2,1
DA:3,1
DA:16,1
DA:18,1
DA:19,1
DA:23,1
DA:27,0
DA:28,0
DA:29,0
DA:30,0
DA:31,0
DA:33,0
DA:37,0
DA:39,0
LF:15
LH:7
BRDA:28,0,0,0
BRDA:28,0,1,0
BRDA:31,1,0,0
BRDA:31,1,1,0
BRDA:41,2,0,0
BRDA:41,2,1,0
BRDA:43,3,0,0
BRDA:43,3,1,0
BRDA:43,4,0,0
BRDA:43,4,1,0
BRDA:46,5,0,0
BRDA:46,5,1,0
BRDA:48,6,0,0
BRDA:48,6,1,0
BRDA:48,7,0,0
BRDA:48,7,1,0
BRDA:52,8,0,0
BRDA:52,8,1,0
BRDA:52,9,0,0
BRDA:52,9,1,0
BRDA:52,9,2,0
BRDA:58,10,0,0
BRDA:58,10,1,0
BRDA:58,11,0,0
BRDA:58,11,1,0
BRDA:58,11,2,0
BRDA:18,12,0,1
BRDA:18,12,1,0
BRDA:18,13,0,1
BRDA:18,13,1,1
BRDA:18,14,0,1
BRDA:18,14,1,0
BRDA:18,15,0,1
BRDA:18,15,1,1
BRF:34
BRH:6
end_of_record
TN:
SF:src\auth\auth.controller.ts
FN:29,(anonymous_4)
FN:38,(anonymous_5)
FN:46,(anonymous_6)
FN:54,(anonymous_7)
FN:63,(anonymous_8)
FN:70,(anonymous_9)
FN:79,(anonymous_10)
FN:87,(anonymous_11)
FN:94,(anonymous_12)
FN:101,(anonymous_13)
FNF:10
FNH:0
FNDA:0,(anonymous_4)
FNDA:0,(anonymous_5)
FNDA:0,(anonymous_6)
FNDA:0,(anonymous_7)
FNDA:0,(anonymous_8)
FNDA:0,(anonymous_9)
FNDA:0,(anonymous_10)
FNDA:0,(anonymous_11)
FNDA:0,(anonymous_12)
FNDA:0,(anonymous_13)
DA:1,0
DA:13,0
DA:14,0
DA:15,0
DA:17,0
DA:19,0
DA:20,0
DA:21,0
DA:22,0
DA:23,0
DA:24,0
DA:25,0
DA:28,0
DA:30,0
DA:31,0
DA:38,0
DA:39,0
DA:46,0
DA:47,0
DA:54,0
DA:55,0
DA:56,0
DA:58,0
DA:63,0
DA:64,0
DA:65,0
DA:70,0
DA:71,0
DA:72,0
DA:79,0
DA:80,0
DA:87,0
DA:88,0
DA:94,0
DA:101,0
DA:102,0
DA:103,0
DA:104,0
DA:105,0
DA:106,0
DA:108,0
LF:41
LH:0
BRDA:55,0,0,0
BRDA:55,0,1,0
BRDA:103,1,0,0
BRDA:103,1,1,0
BRDA:105,2,0,0
BRDA:105,2,1,0
BRDA:38,3,0,0
BRDA:38,3,1,0
BRDA:38,4,0,0
BRDA:38,4,1,0
BRDA:46,5,0,0
BRDA:46,5,1,0
BRDA:46,6,0,0
BRDA:46,6,1,0
BRDA:79,7,0,0
BRDA:79,7,1,0
BRDA:79,8,0,0
BRDA:79,8,1,0
BRDA:87,9,0,0
BRDA:87,9,1,0
BRDA:87,10,0,0
BRDA:87,10,1,0
BRDA:30,11,0,0
BRDA:30,11,1,0
BRDA:30,12,0,0
BRDA:30,12,1,0
BRDA:30,13,0,0
BRDA:30,13,1,0
BRDA:30,14,0,0
BRDA:30,14,1,0
BRF:30
BRH:0
end_of_record
TN:
SF:src\auth\auth.service.ts
FN:27,getAdminEmails
FN:37,(anonymous_14)
FN:52,(anonymous_15)
FN:62,(anonymous_16)
FN:66,(anonymous_17)
FN:80,(anonymous_18)
FN:87,(anonymous_19)
FN:94,(anonymous_20)
FN:116,(anonymous_21)
FN:138,(anonymous_22)
FN:182,(anonymous_23)
FN:204,(anonymous_24)
FN:221,(anonymous_25)
FN:269,(anonymous_26)
FN:285,(anonymous_27)
FN:316,(anonymous_28)
FN:342,(anonymous_29)
FN:352,(anonymous_30)
FN:357,(anonymous_31)
FNF:19
FNH:18
FNDA:2,getAdminEmails
FNDA:0,(anonymous_14)
FNDA:21,(anonymous_15)
FNDA:7,(anonymous_16)
FNDA:5,(anonymous_17)
FNDA:6,(anonymous_18)
FNDA:6,(anonymous_19)
FNDA:6,(anonymous_20)
FNDA:3,(anonymous_21)
FNDA:2,(anonymous_22)
FNDA:3,(anonymous_23)
FNDA:2,(anonymous_24)
FNDA:2,(anonymous_25)
FNDA:1,(anonymous_26)
FNDA:2,(anonymous_27)
FNDA:2,(anonymous_28)
FNDA:2,(anonymous_29)
FNDA:1,(anonymous_30)
FNDA:4,(anonymous_31)
DA:1,1
DA:8,1
DA:9,1
DA:10,1
DA:11,1
DA:12,1
DA:13,1
DA:14,1
DA:15,1
DA:16,1
DA:17,1
DA:22,1
DA:23,1
DA:25,1
DA:28,2
DA:29,2
DA:30,2
DA:31,0
DA:33,2
DA:35,0
DA:37,0
DA:51,1
DA:54,21
DA:56,21
DA:57,21
DA:58,21
DA:59,21
DA:63,7
DA:70,5
DA:71,5
DA:77,5
DA:81,6
DA:88,6
DA:95,6
DA:97,6
DA:103,6
DA:104,5
DA:110,6
DA:111,6
DA:112,6
DA:113,6
DA:117,3
DA:120,3
DA:121,1
DA:124,2
DA:125,2
DA:126,2
DA:129,2
DA:130,0
DA:131,2
DA:132,1
DA:134,1
DA:137,2
DA:138,2
DA:139,2
DA:146,2
DA:148,2
DA:149,1
DA:159,1
DA:160,1
DA:161,1
DA:164,1
DA:167,2
DA:170,2
DA:172,0
DA:176,0
DA:178,0
DA:183,3
DA:189,3
DA:190,1
DA:193,2
DA:197,2
DA:198,1
DA:201,1
DA:205,2
DA:213,2
DA:214,1
DA:217,1
DA:218,1
DA:228,2
DA:232,2
DA:233,1
DA:237,1
DA:238,0
DA:242,0
DA:246,0
DA:247,0
DA:251,0
DA:252,0
DA:253,0
DA:254,0
DA:256,0
DA:258,1
DA:269,1
DA:270,1
DA:271,1
DA:274,1
DA:275,1
DA:278,1
DA:282,2
DA:286,2
DA:290,2
DA:291,1
DA:296,1
DA:297,1
DA:299,1
DA:300,1
DA:302,1
DA:311,1
DA:317,2
DA:318,2
DA:319,1
DA:322,1
DA:328,1
DA:329,0
DA:332,1
DA:333,1
DA:334,1
DA:336,1
DA:337,1
DA:339,1
DA:343,2
DA:344,2
DA:353,1
DA:354,1
DA:358,4
DA:359,4
DA:361,3
DA:362,0
DA:365,3
DA:369,3
DA:370,1
DA:373,2
DA:376,2
DA:377,1
DA:380,1
DA:381,1
DA:382,0
DA:384,1
DA:387,1
DA:388,0
DA:394,1
DA:396,3
DA:397,2
DA:399,1
LF:145
LH:125
BRDA:29,0,0,2
BRDA:29,0,1,0
BRDA:30,1,0,0
BRDA:30,1,1,2
BRDA:70,2,0,5
BRDA:70,2,1,4
BRDA:103,3,0,5
BRDA:103,3,1,1
BRDA:120,4,0,1
BRDA:120,4,1,2
BRDA:129,5,0,0
BRDA:129,5,1,2
BRDA:131,6,0,1
BRDA:131,6,1,1
BRDA:148,7,0,1
BRDA:148,7,1,1
BRDA:160,8,0,1
BRDA:160,8,1,0
BRDA:172,9,0,0
BRDA:172,9,1,0
BRDA:173,10,0,0
BRDA:173,10,1,0
BRDA:189,11,0,1
BRDA:189,11,1,2
BRDA:197,12,0,1
BRDA:197,12,1,1
BRDA:213,13,0,1
BRDA:213,13,1,1
BRDA:232,14,0,1
BRDA:232,14,1,1
BRDA:237,15,0,0
BRDA:237,15,1,1
BRDA:238,16,0,0
BRDA:238,16,1,0
BRDA:239,17,0,0
BRDA:239,17,1,0
BRDA:246,18,0,0
BRDA:246,18,1,0
BRDA:246,19,0,0
BRDA:246,19,1,0
BRDA:253,20,0,0
BRDA:253,20,1,0
BRDA:253,21,0,0
BRDA:253,21,1,0
BRDA:290,22,0,1
BRDA:290,22,1,1
BRDA:299,23,0,1
BRDA:299,23,1,1
BRDA:318,24,0,1
BRDA:318,24,1,1
BRDA:328,25,0,0
BRDA:328,25,1,1
BRDA:361,26,0,0
BRDA:361,26,1,3
BRDA:361,27,0,3
BRDA:361,27,1,3
BRDA:369,28,0,1
BRDA:369,28,1,2
BRDA:376,29,0,1
BRDA:376,29,1,1
BRDA:380,30,0,1
BRDA:380,30,1,0
BRDA:381,31,0,0
BRDA:381,31,1,1
BRDA:387,32,0,0
BRDA:387,32,1,1
BRDA:396,33,0,2
BRDA:396,33,1,1
BRDA:54,34,0,1
BRDA:54,34,1,0
BRDA:54,35,0,1
BRDA:54,35,1,1
BRDA:54,36,0,1
BRDA:54,36,1,0
BRDA:54,37,0,1
BRDA:54,37,1,1
BRDA:56,38,0,1
BRDA:56,38,1,0
BRDA:56,39,0,1
BRDA:56,39,1,1
BRDA:57,40,0,1
BRDA:57,40,1,0
BRDA:57,41,0,1
BRDA:57,41,1,1
BRDA:58,42,0,1
BRDA:58,42,1,0
BRDA:58,43,0,1
BRDA:58,43,1,1
BRF:88
BRH:57
end_of_record
TN:
SF:src\auth\decorators\current-user.decorator.ts
FN:4,(anonymous_0)
FNF:1
FNH:0
FNDA:0,(anonymous_0)
DA:1,3
DA:3,3
DA:5,0
DA:6,0
LF:4
LH:2
BRF:0
BRH:0
end_of_record
TN:
SF:src\auth\decorators\permissions.decorator.ts
FN:4,(anonymous_0)
FNF:1
FNH:1
FNDA:1,(anonymous_0)
DA:1,2
DA:3,2
DA:4,2
DA:5,1
LF:4
LH:4
BRF:0
BRH:0
end_of_record
TN:
SF:src\auth\decorators\public.decorator.ts
FN:4,(anonymous_0)
FNF:1
FNH:1
FNDA:3,(anonymous_0)
DA:1,5
DA:3,5
DA:4,5
LF:3
LH:3
BRF:0
BRH:0
end_of_record
TN:
SF:src\auth\decorators\roles.decorator.ts
FN:5,(anonymous_0)
FNF:1
FNH:1
FNDA:5,(anonymous_0)
DA:1,4
DA:4,4
DA:5,5
LF:3
LH:3
BRF:0
BRH:0
end_of_record
TN:
SF:src\auth\guards\google-config.guard.ts
FN:11,(anonymous_2)
FN:13,(anonymous_3)
FNF:2
FNH:0
FNDA:0,(anonymous_2)
FNDA:0,(anonymous_3)
DA:1,0
DA:7,0
DA:10,0
DA:11,0
DA:14,0
DA:15,0
DA:16,0
DA:18,0
DA:19,0
DA:24,0
LF:10
LH:0
BRDA:18,0,0,0
BRDA:18,0,1,0
BRDA:18,1,0,0
BRDA:18,1,1,0
BRDA:18,1,2,0
BRDA:11,2,0,0
BRDA:11,2,1,0
BRDA:11,3,0,0
BRDA:11,3,1,0
BRF:9
BRH:0
end_of_record
TN:
SF:src\auth\guards\jwt-auth.guard.ts
FN:8,(anonymous_2)
FN:12,(anonymous_3)
FNF:2
FNH:1
FNDA:1,(anonymous_2)
FNDA:0,(anonymous_3)
DA:1,3
DA:2,3
DA:3,3
DA:4,3
DA:7,3
DA:8,1
DA:9,1
DA:13,0
DA:17,0
DA:18,0
DA:20,0
LF:11
LH:7
BRDA:17,0,0,0
BRDA:17,0,1,0
BRDA:8,1,0,3
BRDA:8,1,1,0
BRDA:8,2,0,3
BRDA:8,2,1,3
BRF:6
BRH:3
end_of_record
TN:
SF:src\auth\guards\maintenance.guard.ts
FN:8,(anonymous_2)
FN:10,(anonymous_3)
FNF:2
FNH:0
FNDA:0,(anonymous_2)
FNDA:0,(anonymous_3)
DA:1,0
DA:2,0
DA:3,0
DA:4,0
DA:7,0
DA:8,0
DA:11,0
DA:15,0
DA:16,0
DA:19,0
DA:20,0
DA:22,0
DA:23,0
DA:26,0
LF:14
LH:0
BRDA:15,0,0,0
BRDA:15,0,1,0
BRDA:15,1,0,0
BRDA:15,1,1,0
BRDA:22,2,0,0
BRDA:22,2,1,0
BRDA:22,3,0,0
BRDA:22,3,1,0
BRDA:8,4,0,0
BRDA:8,4,1,0
BRDA:8,5,0,0
BRDA:8,5,1,0
BRF:12
BRH:0
end_of_record
TN:
SF:src\auth\guards\permissions.guard.ts
FN:13,(anonymous_2)
FN:15,(anonymous_3)
FN:42,(anonymous_4)
FNF:3
FNH:3
FNDA:4,(anonymous_2)
FNDA:4,(anonymous_3)
FNDA:2,(anonymous_4)
DA:1,1
DA:7,1
DA:8,1
DA:9,1
DA:12,1
DA:13,4
DA:16,4
DA:21,4
DA:22,1
DA:25,3
DA:29,3
DA:30,0
DA:33,3
DA:34,1
DA:37,2
DA:38,0
DA:41,2
DA:42,2
DA:43,2
DA:46,2
DA:47,1
DA:50,1
LF:22
LH:20
BRDA:21,0,0,1
BRDA:21,0,1,3
BRDA:21,1,0,4
BRDA:21,1,1,3
BRDA:29,2,0,0
BRDA:29,2,1,3
BRDA:33,3,0,1
BRDA:33,3,1,2
BRDA:37,4,0,0
BRDA:37,4,1,2
BRDA:41,5,0,2
BRDA:41,5,1,0
BRDA:46,6,0,1
BRDA:46,6,1,1
BRDA:13,7,0,1
BRDA:13,7,1,0
BRDA:13,8,0,1
BRDA:13,8,1,1
BRF:18
BRH:14
end_of_record
TN:
SF:src\auth\guards\roles.guard.ts
FN:8,(anonymous_2)
FN:10,(anonymous_3)
FNF:2
FNH:1
FNDA:1,(anonymous_2)
FNDA:0,(anonymous_3)
DA:1,3
DA:2,3
DA:3,3
DA:7,3
DA:8,1
DA:11,0
DA:15,0
DA:16,0
DA:18,0
DA:19,0
LF:10
LH:5
BRDA:15,0,0,0
BRDA:15,0,1,0
BRDA:15,1,0,0
BRDA:15,1,1,0
BRDA:8,2,0,3
BRDA:8,2,1,0
BRDA:8,3,0,3
BRDA:8,3,1,3
BRF:8
BRH:3
end_of_record
TN:
SF:src\auth\guards\session.guard.ts
FN:14,(anonymous_2)
FN:19,(anonymous_3)
FNF:2
FNH:0
FNDA:0,(anonymous_2)
FNDA:0,(anonymous_3)
DA:1,0
DA:8,0
DA:9,0
DA:10,0
DA:13,0
DA:15,0
DA:16,0
DA:20,0
DA:24,0
DA:25,0
DA:28,0
DA:29,0
DA:30,0
DA:31,0
DA:37,0
DA:38,0
DA:41,0
DA:45,0
DA:46,0
DA:50,0
DA:51,0
DA:56,0
LF:22
LH:0
BRDA:24,0,0,0
BRDA:24,0,1,0
BRDA:30,1,0,0
BRDA:30,1,1,0
BRDA:30,2,0,0
BRDA:30,2,1,0
BRDA:37,3,0,0
BRDA:37,3,1,0
BRDA:45,4,0,0
BRDA:45,4,1,0
BRDA:45,5,0,0
BRDA:45,5,1,0
BRDA:50,6,0,0
BRDA:50,6,1,0
BRDA:15,7,0,0
BRDA:15,7,1,0
BRDA:15,8,0,0
BRDA:15,8,1,0
BRDA:15,9,0,0
BRDA:15,9,1,0
BRDA:15,10,0,0
BRDA:15,10,1,0
BRF:22
BRH:0
end_of_record
TN:
SF:src\auth\strategies\google.strategy.ts
FN:10,(anonymous_2)
FN:28,(anonymous_3)
FNF:2
FNH:0
FNDA:0,(anonymous_2)
FNDA:0,(anonymous_3)
DA:1,0
DA:2,0
DA:3,0
DA:4,0
DA:7,0
DA:11,0
DA:12,0
DA:13,0
DA:15,0
DA:17,0
DA:25,0
DA:39,0
DA:40,0
DA:44,0
DA:45,0
DA:46,0
DA:47,0
DA:49,0
LF:18
LH:0
BRDA:15,0,0,0
BRDA:15,0,1,0
BRDA:15,0,2,0
BRDA:18,1,0,0
BRDA:18,1,1,0
BRDA:19,2,0,0
BRDA:19,2,1,0
BRDA:20,3,0,0
BRDA:20,3,1,0
BRDA:39,4,0,0
BRDA:39,4,1,0
BRDA:46,5,0,0
BRDA:46,5,1,0
BRDA:52,6,0,0
BRDA:52,6,1,0
BRDA:53,7,0,0
BRDA:53,7,1,0
BRDA:10,8,0,0
BRDA:10,8,1,0
BRDA:10,9,0,0
BRDA:10,9,1,0
BRF:21
BRH:0
end_of_record
TN:
SF:src\auth\strategies\jwt.strategy.ts
FN:20,(anonymous_4)
FN:27,(anonymous_5)
FN:34,(anonymous_6)
FNF:3
FNH:0
FNDA:0,(anonymous_4)
FNDA:0,(anonymous_5)
FNDA:0,(anonymous_6)
DA:1,0
DA:2,0
DA:3,0
DA:4,0
DA:5,0
DA:6,0
DA:7,0
DA:19,0
DA:22,0
DA:24,0
DA:27,0
DA:35,0
DA:36,0
DA:39,0
DA:43,0
DA:44,0
DA:48,0
LF:17
LH:0
BRDA:27,0,0,0
BRDA:27,0,1,0
BRDA:35,1,0,0
BRDA:35,1,1,0
BRDA:35,2,0,0
BRDA:35,2,1,0
BRDA:43,3,0,0
BRDA:43,3,1,0
BRDA:54,4,0,0
BRDA:54,4,1,0
BRDA:21,5,0,0
BRDA:21,5,1,0
BRDA:21,6,0,0
BRDA:21,6,1,0
BRDA:21,7,0,0
BRDA:21,7,1,0
BRDA:21,8,0,0
BRDA:21,8,1,0
BRF:18
BRH:0
end_of_record
TN:
SF:src\classroom\turn-credentials.service.ts
FN:6,(anonymous_2)
FN:8,(anonymous_3)
FNF:2
FNH:0
FNDA:0,(anonymous_2)
FNDA:0,(anonymous_3)
DA:1,0
DA:2,0
DA:5,0
DA:6,0
DA:9,0
DA:10,0
DA:11,0
DA:14,0
DA:15,0
DA:17,0
LF:10
LH:0
BRDA:14,0,0,0
BRDA:14,0,1,0
BRDA:6,1,0,0
BRDA:6,1,1,0
BRDA:6,2,0,0
BRDA:6,2,1,0
BRF:6
BRH:0
end_of_record
TN:
SF:src\common\csrf.middleware.ts
FN:14,(anonymous_2)
FN:35,(anonymous_3)
FN:46,(anonymous_4)
FNF:3
FNH:0
FNDA:0,(anonymous_2)
FNDA:0,(anonymous_3)
FNDA:0,(anonymous_4)
DA:1,0
DA:2,0
DA:6,0
DA:7,0
DA:10,0
DA:14,0
DA:15,0
DA:16,0
DA:17,0
DA:21,0
DA:36,0
DA:37,0
DA:38,0
DA:39,0
DA:40,0
DA:42,0
DA:47,0
DA:48,0
DA:49,0
DA:52,0
DA:53,0
DA:54,0
DA:56,0
DA:57,0
DA:62,0
DA:66,0
DA:67,0
DA:70,0
DA:71,0
DA:74,0
DA:75,0
DA:78,0
LF:32
LH:0
BRDA:19,0,0,0
BRDA:19,0,1,0
BRDA:22,1,0,0
BRDA:22,1,1,0
BRDA:23,2,0,0
BRDA:23,2,1,0
BRDA:39,3,0,0
BRDA:39,3,1,0
BRDA:47,4,0,0
BRDA:47,4,1,0
BRDA:56,5,0,0
BRDA:56,5,1,0
BRDA:56,6,0,0
BRDA:56,6,1,0
BRDA:57,7,0,0
BRDA:57,7,1,0
BRDA:58,8,0,0
BRDA:58,8,1,0
BRDA:58,8,2,0
BRDA:70,9,0,0
BRDA:70,9,1,0
BRDA:70,10,0,0
BRDA:70,10,1,0
BRDA:74,11,0,0
BRDA:74,11,1,0
BRDA:74,12,0,0
BRDA:74,12,1,0
BRDA:74,12,2,0
BRDA:14,13,0,0
BRDA:14,13,1,0
BRDA:14,14,0,0
BRDA:14,14,1,0
BRF:32
BRH:0
end_of_record
TN:
SF:src\common\currency.util.ts
FN:11,toCents
FN:16,formatAmount
FNF:2
FNH:0
FNDA:0,toCents
FNDA:0,formatAmount
DA:7,4
DA:11,4
DA:12,0
DA:16,4
DA:17,0
LF:5
LH:3
BRDA:8,0,0,4
BRDA:8,0,1,4
BRF:2
BRH:2
end_of_record
TN:
SF:src\common\security-check.ts
FN:3,checkSecurityEnvironment
FNF:1
FNH:0
FNDA:0,checkSecurityEnvironment
DA:3,0
DA:4,0
DA:5,0
DA:7,0
DA:8,0
DA:9,0
DA:11,0
DA:12,0
DA:13,0
DA:14,0
DA:17,0
DA:20,0
DA:21,0
DA:24,0
DA:25,0
DA:28,0
DA:29,0
DA:32,0
DA:33,0
DA:36,0
DA:37,0
DA:40,0
DA:41,0
DA:46,0
DA:47,0
DA:53,0
DA:54,0
DA:55,0
DA:58,0
DA:59,0
DA:65,0
DA:66,0
DA:67,0
DA:69,0
DA:70,0
DA:73,0
DA:77,0
DA:78,0
DA:81,0
DA:82,0
LF:40
LH:0
BRDA:7,0,0,0
BRDA:7,0,1,0
BRDA:11,1,0,0
BRDA:11,1,1,0
BRDA:12,2,0,0
BRDA:12,2,1,0
BRDA:14,3,0,0
BRDA:14,3,1,0
BRDA:20,4,0,0
BRDA:20,4,1,0
BRDA:20,5,0,0
BRDA:20,5,1,0
BRDA:24,6,0,0
BRDA:24,6,1,0
BRDA:28,7,0,0
BRDA:28,7,1,0
BRDA:28,8,0,0
BRDA:28,8,1,0
BRDA:32,9,0,0
BRDA:32,9,1,0
BRDA:36,10,0,0
BRDA:36,10,1,0
BRDA:40,11,0,0
BRDA:40,11,1,0
BRDA:46,12,0,0
BRDA:46,12,1,0
BRDA:46,13,0,0
BRDA:46,13,1,0
BRDA:53,14,0,0
BRDA:53,14,1,0
BRDA:54,15,0,0
BRDA:54,15,1,0
BRDA:58,16,0,0
BRDA:58,16,1,0
BRDA:58,17,0,0
BRDA:58,17,1,0
BRDA:65,18,0,0
BRDA:65,18,1,0
BRDA:69,19,0,0
BRDA:69,19,1,0
BRDA:81,20,0,0
BRDA:81,20,1,0
BRDA:81,21,0,0
BRDA:81,21,1,0
BRF:44
BRH:0
end_of_record
TN:
SF:src\common\xss-clean.middleware.ts
FN:12,sanitizeValue
FN:31,(anonymous_3)
FNF:2
FNH:2
FNDA:7,sanitizeValue
FNDA:3,(anonymous_3)
DA:1,1
DA:3,1
DA:5,1
DA:13,7
DA:14,3
DA:16,4
DA:17,0
DA:19,4
DA:20,4
DA:21,4
DA:22,4
DA:24,4
DA:26,0
DA:30,1
DA:32,3
DA:33,3
DA:35,3
LF:17
LH:15
BRDA:13,0,0,3
BRDA:13,0,1,4
BRDA:16,1,0,0
BRDA:16,1,1,4
BRDA:19,2,0,4
BRDA:19,2,1,0
BRDA:19,3,0,4
BRDA:19,3,1,4
BRDA:32,4,0,3
BRDA:32,4,1,0
BRDA:32,5,0,3
BRDA:32,5,1,3
BRF:12
BRH:9
end_of_record
TN:
SF:src\common\filters\all-exceptions.filter.ts
FN:15,(anonymous_1)
FNF:1
FNH:1
FNDA:3,(anonymous_1)
DA:1,1
DA:12,1
DA:13,3
DA:16,3
DA:17,3
DA:18,3
DA:21,3
DA:26,3
DA:30,3
DA:31,2
DA:35,3
DA:40,3
DA:41,0
DA:42,0
DA:43,0
DA:46,3
LF:16
LH:13
BRDA:21,0,0,1
BRDA:21,0,1,2
BRDA:26,1,0,1
BRDA:26,1,1,2
BRDA:30,2,0,2
BRDA:30,2,1,1
BRDA:31,3,0,2
BRDA:31,3,1,0
BRDA:35,4,0,3
BRDA:35,4,1,0
BRDA:37,5,0,0
BRDA:37,5,1,0
BRDA:40,6,0,0
BRDA:40,6,1,3
BRDA:41,7,0,0
BRDA:41,7,1,0
BRDA:50,8,0,1
BRDA:50,8,1,2
BRF:18
BRH:11
end_of_record
TN:
SF:src\common\guards\upload-rate.guard.ts
FN:20,(anonymous_1)
FNF:1
FNH:0
FNDA:0,(anonymous_1)
DA:1,1
DA:15,1
DA:16,1
DA:17,1
DA:18,1
DA:21,0
DA:22,0
DA:24,0
DA:25,0
DA:27,0
DA:28,0
DA:29,0
DA:32,0
DA:33,0
DA:39,0
DA:40,0
LF:16
LH:5
BRDA:22,0,0,0
BRDA:22,0,1,0
BRDA:22,0,2,0
BRDA:27,1,0,0
BRDA:27,1,1,0
BRDA:27,2,0,0
BRDA:27,2,1,0
BRDA:32,3,0,0
BRDA:32,3,1,0
BRF:9
BRH:0
end_of_record
TN:
SF:src\common\transformers\numeric.transformer.ts
FN:4,(anonymous_0)
FN:8,(anonymous_1)
FNF:2
FNH:0
FNDA:0,(anonymous_0)
FNDA:0,(anonymous_1)
DA:3,9
DA:5,0
DA:9,0
LF:3
LH:1
BRF:0
BRH:0
end_of_record
TN:
SF:src\common\types\classroom-socket.ts
FN:9,getClassroomSocketData
FN:18,setClassroomSocketData
FNF:2
FNH:0
FNDA:0,getClassroomSocketData
FNDA:0,setClassroomSocketData
DA:9,0
DA:10,0
DA:11,0
DA:18,0
DA:22,0
DA:23,0
LF:6
LH:0
BRDA:12,0,0,0
BRDA:12,0,1,0
BRDA:13,1,0,0
BRDA:13,1,1,0
BRDA:14,2,0,0
BRDA:14,2,1,0
BRF:6
BRH:0
end_of_record
TN:
SF:src\common\types\notification-preferences.ts
FN:21,mergeNotificationPreferences
FNF:1
FNH:0
FNDA:0,mergeNotificationPreferences
DA:11,0
DA:21,0
DA:24,0
LF:3
LH:0
BRDA:26,0,0,0
BRDA:26,0,1,0
BRF:2
BRH:0
end_of_record
TN:
SF:src\lessons\lesson-books.controller.ts
FN:31,(anonymous_4)
FN:34,(anonymous_5)
FN:59,(anonymous_6)
FN:77,(anonymous_7)
FN:94,(anonymous_8)
FN:47,(anonymous_9)
FNF:6
FNH:0
FNDA:0,(anonymous_4)
FNDA:0,(anonymous_5)
FNDA:0,(anonymous_6)
FNDA:0,(anonymous_7)
FNDA:0,(anonymous_8)
FNDA:0,(anonymous_9)
DA:1,0
DA:16,0
DA:17,0
DA:18,0
DA:19,0
DA:20,0
DA:21,0
DA:22,0
DA:23,0
DA:30,0
DA:31,0
DA:34,0
DA:38,0
DA:48,0
DA:49,0
DA:53,0
DA:55,0
DA:59,0
DA:65,0
DA:66,0
DA:68,0
DA:77,0
DA:83,0
DA:89,0
DA:94,0
DA:99,0
LF:26
LH:0
BRDA:65,0,0,0
BRDA:65,0,1,0
BRDA:48,1,0,0
BRDA:48,1,1,0
BRDA:31,2,0,0
BRDA:31,2,1,0
BRDA:31,3,0,0
BRDA:31,3,1,0
BRF:8
BRH:0
end_of_record
TN:
SF:src\lessons\lesson-books.service.ts
FN:19,(anonymous_4)
FN:32,(anonymous_5)
FN:45,(anonymous_6)
FN:56,(anonymous_7)
FN:60,(anonymous_8)
FN:78,(anonymous_9)
FN:117,(anonymous_10)
FN:142,(anonymous_11)
FN:184,(anonymous_12)
FN:192,(anonymous_13)
FN:193,(anonymous_14)
FN:201,(anonymous_15)
FNF:12
FNH:0
FNDA:0,(anonymous_4)
FNDA:0,(anonymous_5)
FNDA:0,(anonymous_6)
FNDA:0,(anonymous_7)
FNDA:0,(anonymous_8)
FNDA:0,(anonymous_9)
FNDA:0,(anonymous_10)
FNDA:0,(anonymous_11)
FNDA:0,(anonymous_12)
FNDA:0,(anonymous_13)
FNDA:0,(anonymous_14)
FNDA:0,(anonymous_15)
DA:1,0
DA:7,0
DA:8,0
DA:9,0
DA:10,0
DA:11,0
DA:12,0
DA:14,0
DA:15,0
DA:18,0
DA:21,0
DA:22,0
DA:23,0
DA:25,0
DA:33,0
DA:38,0
DA:39,0
DA:46,0
DA:50,0
DA:51,0
DA:53,0
DA:57,0
DA:61,0
DA:62,0
DA:75,0
DA:84,0
DA:85,0
DA:87,0
DA:88,0
DA:90,0
DA:91,0
DA:93,0
DA:94,0
DA:95,0
DA:98,0
DA:99,0
DA:101,0
DA:105,0
DA:114,0
DA:118,0
DA:119,0
DA:122,0
DA:123,0
DA:126,0
DA:128,0
DA:129,0
DA:130,0
DA:139,0
DA:148,0
DA:149,0
DA:151,0
DA:154,0
DA:155,0
DA:157,0
DA:158,0
DA:161,0
DA:176,0
DA:177,0
DA:178,0
DA:181,0
DA:185,0
DA:193,0
DA:194,0
DA:202,0
DA:203,0
DA:204,0
DA:206,0
DA:209,0
LF:68
LH:0
BRDA:34,0,0,0
BRDA:34,0,1,0
BRDA:34,0,2,0
BRDA:38,1,0,0
BRDA:38,1,1,0
BRDA:50,2,0,0
BRDA:50,2,1,0
BRDA:87,3,0,0
BRDA:87,3,1,0
BRDA:90,4,0,0
BRDA:90,4,1,0
BRDA:93,5,0,0
BRDA:93,5,1,0
BRDA:94,6,0,0
BRDA:94,6,1,0
BRDA:99,7,0,0
BRDA:99,7,1,0
BRDA:101,8,0,0
BRDA:101,8,1,0
BRDA:101,8,2,0
BRDA:122,9,0,0
BRDA:122,9,1,0
BRDA:128,10,0,0
BRDA:128,10,1,0
BRDA:154,11,0,0
BRDA:154,11,1,0
BRDA:157,12,0,0
BRDA:157,12,1,0
BRDA:157,13,0,0
BRDA:157,13,1,0
BRDA:157,13,2,0
BRDA:177,14,0,0
BRDA:177,14,1,0
BRDA:186,15,0,0
BRDA:186,15,1,0
BRDA:186,15,2,0
BRDA:202,16,0,0
BRDA:202,16,1,0
BRDA:202,17,0,0
BRDA:202,17,1,0
BRDA:21,18,0,0
BRDA:21,18,1,0
BRDA:21,19,0,0
BRDA:21,19,1,0
BRDA:21,20,0,0
BRDA:21,20,1,0
BRDA:21,21,0,0
BRDA:21,21,1,0
BRDA:22,22,0,0
BRDA:22,22,1,0
BRDA:22,23,0,0
BRDA:22,23,1,0
BRF:52
BRH:0
end_of_record
TN:
SF:src\lessons\lessons.controller.ts
FN:25,(anonymous_4)
FN:32,(anonymous_5)
FN:38,(anonymous_6)
FN:47,(anonymous_7)
FN:58,(anonymous_8)
FN:67,(anonymous_9)
FN:76,(anonymous_10)
FN:85,(anonymous_11)
FN:94,(anonymous_12)
FNF:9
FNH:0
FNDA:0,(anonymous_4)
FNDA:0,(anonymous_5)
FNDA:0,(anonymous_6)
FNDA:0,(anonymous_7)
FNDA:0,(anonymous_8)
FNDA:0,(anonymous_9)
FNDA:0,(anonymous_10)
FNDA:0,(anonymous_11)
FNDA:0,(anonymous_12)
DA:1,0
DA:10,0
DA:11,0
DA:12,0
DA:13,0
DA:14,0
DA:15,0
DA:16,0
DA:17,0
DA:18,0
DA:24,0
DA:26,0
DA:27,0
DA:32,0
DA:33,0
DA:38,0
DA:42,0
DA:47,0
DA:51,0
DA:58,0
DA:62,0
DA:67,0
DA:71,0
DA:76,0
DA:80,0
DA:85,0
DA:89,0
DA:94,0
DA:99,0
LF:29
LH:0
BRDA:40,0,0,0
BRDA:40,0,1,0
BRDA:40,1,0,0
BRDA:40,1,1,0
BRDA:97,2,0,0
BRDA:97,2,1,0
BRDA:97,3,0,0
BRDA:97,3,1,0
BRDA:26,4,0,0
BRDA:26,4,1,0
BRDA:26,5,0,0
BRDA:26,5,1,0
BRDA:26,6,0,0
BRDA:26,6,1,0
BRDA:26,7,0,0
BRDA:26,7,1,0
BRF:16
BRH:0
end_of_record
TN:
SF:src\lessons\lessons.service.ts
FN:31,(anonymous_4)
FN:51,(anonymous_5)
FN:89,(anonymous_6)
FN:124,(anonymous_7)
FN:231,(anonymous_8)
FN:246,(anonymous_9)
FN:252,(anonymous_10)
FN:277,(anonymous_11)
FN:380,(anonymous_12)
FN:395,(anonymous_13)
FN:401,(anonymous_14)
FN:428,(anonymous_15)
FN:475,(anonymous_16)
FN:558,(anonymous_17)
FN:564,(anonymous_18)
FN:597,(anonymous_19)
FN:687,(anonymous_20)
FN:704,(anonymous_21)
FN:714,(anonymous_22)
FN:749,(anonymous_23)
FN:798,(anonymous_24)
FN:847,(anonymous_25)
FN:852,(anonymous_26)
FN:864,(anonymous_27)
FN:871,(anonymous_28)
FNF:25
FNH:16
FNDA:35,(anonymous_4)
FNDA:1,(anonymous_5)
FNDA:13,(anonymous_6)
FNDA:7,(anonymous_7)
FNDA:0,(anonymous_8)
FNDA:0,(anonymous_9)
FNDA:5,(anonymous_10)
FNDA:2,(anonymous_11)
FNDA:0,(anonymous_12)
FNDA:0,(anonymous_13)
FNDA:4,(anonymous_14)
FNDA:4,(anonymous_15)
FNDA:1,(anonymous_16)
FNDA:0,(anonymous_17)
FNDA:5,(anonymous_18)
FNDA:3,(anonymous_19)
FNDA:0,(anonymous_20)
FNDA:0,(anonymous_21)
FNDA:0,(anonymous_22)
FNDA:0,(anonymous_23)
FNDA:2,(anonymous_24)
FNDA:14,(anonymous_25)
FNDA:8,(anonymous_26)
FNDA:7,(anonymous_27)
FNDA:7,(anonymous_28)
DA:1,3
DA:8,3
DA:9,3
DA:10,3
DA:11,3
DA:12,3
DA:13,3
DA:14,3
DA:15,3
DA:16,3
DA:17,3
DA:18,3
DA:19,3
DA:20,3
DA:21,3
DA:25,3
DA:28,3
DA:29,35
DA:33,35
DA:35,35
DA:37,35
DA:39,35
DA:41,35
DA:43,35
DA:44,35
DA:45,35
DA:46,35
DA:47,35
DA:48,35
DA:53,1
DA:55,1
DA:90,13
DA:94,13
DA:95,2
DA:98,11
DA:99,2
DA:103,9
DA:106,9
DA:107,9
DA:108,0
DA:110,9
DA:111,1
DA:114,8
DA:118,8
DA:124,7
DA:125,7
DA:129,7
DA:130,0
DA:133,7
DA:144,7
DA:145,0
DA:150,7
DA:152,7
DA:163,7
DA:165,7
DA:169,7
DA:171,7
DA:174,7
DA:175,7
DA:177,7
DA:208,7
DA:219,7
DA:220,3
DA:231,0
DA:234,7
DA:235,3
DA:246,0
DA:249,7
DA:253,5
DA:258,5
DA:259,1
DA:262,4
DA:263,1
DA:266,3
DA:267,1
DA:270,2
DA:272,2
DA:275,2
DA:277,2
DA:278,2
DA:290,2
DA:291,0
DA:296,2
DA:301,2
DA:302,0
DA:305,2
DA:306,1
DA:309,1
DA:316,1
DA:322,1
DA:325,1
DA:326,1
DA:328,1
DA:333,1
DA:334,1
DA:345,1
DA:358,1
DA:359,1
DA:360,1
DA:368,1
DA:369,1
DA:380,0
DA:383,1
DA:384,1
DA:395,0
DA:398,1
DA:402,4
DA:406,4
DA:407,1
DA:410,3
DA:411,1
DA:414,2
DA:415,1
DA:418,1
DA:422,1
DA:423,1
DA:425,1
DA:433,4
DA:441,4
DA:442,1
DA:445,3
DA:446,0
DA:449,3
DA:450,1
DA:453,2
DA:454,1
DA:459,1
DA:463,1
DA:464,0
DA:468,1
DA:473,1
DA:475,1
DA:476,1
DA:481,1
DA:482,0
DA:487,1
DA:497,1
DA:504,1
DA:511,1
DA:514,1
DA:515,1
DA:517,1
DA:548,1
DA:549,1
DA:558,0
DA:561,1
DA:565,5
DA:569,5
DA:570,0
DA:572,5
DA:573,1
DA:575,4
DA:579,1
DA:583,3
DA:585,3
DA:586,0
DA:591,3
DA:593,3
DA:595,3
DA:597,3
DA:598,3
DA:603,3
DA:608,0
DA:611,3
DA:612,3
DA:614,3
DA:615,2
DA:621,2
DA:624,3
DA:627,3
DA:628,3
DA:630,3
DA:631,0
DA:634,3
DA:666,3
DA:669,3
DA:672,3
DA:673,3
DA:677,3
DA:678,3
DA:687,0
DA:690,3
DA:691,3
DA:695,3
DA:704,0
DA:707,3
DA:719,0
DA:723,0
DA:724,0
DA:725,0
DA:728,0
DA:731,0
DA:735,0
DA:750,0
DA:779,0
DA:780,0
DA:781,0
DA:783,0
DA:787,0
DA:789,0
DA:792,0
DA:793,0
DA:795,0
DA:799,2
DA:828,2
DA:829,2
DA:830,0
DA:832,2
DA:836,1
DA:838,1
DA:841,1
DA:842,0
DA:844,1
DA:848,14
DA:849,14
DA:857,8
DA:860,8
DA:861,1
DA:863,7
DA:864,7
DA:865,7
DA:866,0
DA:869,7
DA:870,7
DA:871,7
DA:872,7
DA:873,7
DA:874,7
DA:876,7
DA:877,0
LF:230
LH:190
BRDA:53,0,0,0
BRDA:53,0,1,1
BRDA:94,1,0,2
BRDA:94,1,1,11
BRDA:98,2,0,2
BRDA:98,2,1,9
BRDA:107,3,0,0
BRDA:107,3,1,9
BRDA:110,4,0,1
BRDA:110,4,1,8
BRDA:129,5,0,0
BRDA:129,5,1,7
BRDA:144,6,0,0
BRDA:144,6,1,7
BRDA:219,7,0,3
BRDA:219,7,1,4
BRDA:225,8,0,3
BRDA:225,8,1,2
BRDA:225,9,0,3
BRDA:225,9,1,2
BRDA:234,10,0,3
BRDA:234,10,1,4
BRDA:240,11,0,3
BRDA:240,11,1,2
BRDA:240,12,0,3
BRDA:240,12,1,2
BRDA:258,13,0,1
BRDA:258,13,1,4
BRDA:262,14,0,1
BRDA:262,14,1,3
BRDA:266,15,0,1
BRDA:266,15,1,2
BRDA:272,16,0,2
BRDA:272,16,1,0
BRDA:290,17,0,0
BRDA:290,17,1,2
BRDA:301,18,0,0
BRDA:301,18,1,2
BRDA:305,19,0,1
BRDA:305,19,1,1
BRDA:346,20,0,1
BRDA:346,20,1,0
BRDA:346,21,0,1
BRDA:346,21,1,0
BRDA:351,22,0,1
BRDA:351,22,1,0
BRDA:354,23,0,1
BRDA:354,23,1,0
BRDA:358,24,0,1
BRDA:358,24,1,0
BRDA:362,25,0,1
BRDA:362,25,1,0
BRDA:368,26,0,1
BRDA:368,26,1,0
BRDA:374,27,0,1
BRDA:374,27,1,0
BRDA:374,28,0,1
BRDA:374,28,1,0
BRDA:378,29,0,1
BRDA:378,29,1,0
BRDA:383,30,0,1
BRDA:383,30,1,0
BRDA:389,31,0,1
BRDA:389,31,1,0
BRDA:389,32,0,1
BRDA:389,32,1,0
BRDA:393,33,0,1
BRDA:393,33,1,0
BRDA:406,34,0,1
BRDA:406,34,1,3
BRDA:410,35,0,1
BRDA:410,35,1,2
BRDA:414,36,0,1
BRDA:414,36,1,1
BRDA:441,37,0,1
BRDA:441,37,1,3
BRDA:445,38,0,0
BRDA:445,38,1,3
BRDA:449,39,0,1
BRDA:449,39,1,2
BRDA:453,40,0,1
BRDA:453,40,1,1
BRDA:463,41,0,0
BRDA:463,41,1,1
BRDA:481,42,0,0
BRDA:481,42,1,1
BRDA:481,43,0,1
BRDA:481,43,1,1
BRDA:493,44,0,1
BRDA:493,44,1,0
BRDA:548,45,0,1
BRDA:548,45,1,0
BRDA:554,46,0,1
BRDA:554,46,1,1
BRDA:554,47,0,1
BRDA:554,47,1,1
BRDA:569,48,0,0
BRDA:569,48,1,5
BRDA:572,49,0,1
BRDA:572,49,1,4
BRDA:572,50,0,5
BRDA:572,50,1,2
BRDA:575,51,0,1
BRDA:575,51,1,3
BRDA:576,52,0,4
BRDA:576,52,1,1
BRDA:585,53,0,0
BRDA:585,53,1,3
BRDA:593,54,0,3
BRDA:593,54,1,2
BRDA:603,55,0,0
BRDA:603,55,1,3
BRDA:604,56,0,3
BRDA:604,56,1,3
BRDA:604,56,2,0
BRDA:614,57,0,2
BRDA:614,57,1,1
BRDA:630,58,0,0
BRDA:630,58,1,3
BRDA:666,59,0,3
BRDA:666,59,1,0
BRDA:669,60,0,3
BRDA:669,60,1,0
BRDA:673,61,0,2
BRDA:673,61,1,1
BRDA:677,62,0,3
BRDA:677,62,1,0
BRDA:690,63,0,3
BRDA:690,63,1,0
BRDA:691,64,0,2
BRDA:691,64,1,1
BRDA:723,65,0,0
BRDA:723,65,1,0
BRDA:724,66,0,0
BRDA:724,66,1,0
BRDA:724,67,0,0
BRDA:724,67,1,0
BRDA:728,68,0,0
BRDA:728,68,1,0
BRDA:731,69,0,0
BRDA:731,69,1,0
BRDA:740,70,0,0
BRDA:740,70,1,0
BRDA:744,71,0,0
BRDA:744,71,1,0
BRDA:744,71,2,0
BRDA:779,72,0,0
BRDA:779,72,1,0
BRDA:780,73,0,0
BRDA:780,73,1,0
BRDA:780,74,0,0
BRDA:780,74,1,0
BRDA:783,75,0,0
BRDA:783,75,1,0
BRDA:784,76,0,0
BRDA:784,76,1,0
BRDA:792,77,0,0
BRDA:792,77,1,0
BRDA:792,78,0,0
BRDA:792,78,1,0
BRDA:828,79,0,0
BRDA:828,79,1,2
BRDA:829,80,0,0
BRDA:829,80,1,2
BRDA:829,81,0,2
BRDA:829,81,1,0
BRDA:832,82,0,1
BRDA:832,82,1,1
BRDA:833,83,0,2
BRDA:833,83,1,1
BRDA:841,84,0,0
BRDA:841,84,1,1
BRDA:841,85,0,1
BRDA:841,85,1,1
BRDA:849,86,0,14
BRDA:849,86,1,14
BRDA:860,87,0,1
BRDA:860,87,1,7
BRDA:865,88,0,0
BRDA:865,88,1,7
BRDA:874,89,0,7
BRDA:874,89,1,7
BRDA:876,90,0,0
BRDA:876,90,1,7
BRDA:33,91,0,3
BRDA:33,91,1,0
BRDA:33,92,0,3
BRDA:33,92,1,3
BRDA:33,93,0,3
BRDA:33,93,1,0
BRDA:33,94,0,3
BRDA:33,94,1,3
BRDA:35,95,0,3
BRDA:35,95,1,0
BRDA:35,96,0,3
BRDA:35,96,1,3
BRDA:37,97,0,3
BRDA:37,97,1,0
BRDA:37,98,0,3
BRDA:37,98,1,3
BRDA:39,99,0,3
BRDA:39,99,1,0
BRDA:39,100,0,3
BRDA:39,100,1,3
BRDA:41,101,0,3
BRDA:41,101,1,0
BRDA:41,102,0,3
BRDA:41,102,1,3
BRDA:43,103,0,3
BRDA:43,103,1,0
BRDA:43,104,0,3
BRDA:43,104,1,3
BRDA:44,105,0,3
BRDA:44,105,1,0
BRDA:44,106,0,3
BRDA:44,106,1,3
BRDA:45,107,0,3
BRDA:45,107,1,0
BRDA:45,108,0,3
BRDA:45,108,1,3
BRDA:46,109,0,3
BRDA:46,109,1,0
BRDA:46,110,0,3
BRDA:46,110,1,3
BRDA:47,111,0,3
BRDA:47,111,1,0
BRDA:47,112,0,3
BRDA:47,112,1,3
BRF:228
BRH:147
end_of_record
TN:
SF:src\payments\invoice.service.ts
FN:11,resolveArabicFontPath
FN:18,(anonymous_13)
FN:25,(anonymous_14)
FN:29,(anonymous_15)
FN:39,(anonymous_16)
FN:43,(anonymous_17)
FN:44,(anonymous_18)
FNF:7
FNH:0
FNDA:0,resolveArabicFontPath
FNDA:0,(anonymous_13)
FNDA:0,(anonymous_14)
FNDA:0,(anonymous_15)
FNDA:0,(anonymous_16)
FNDA:0,(anonymous_17)
FNDA:0,(anonymous_18)
DA:1,1
DA:3,1
DA:4,1
DA:5,1
DA:6,1
DA:8,1
DA:12,0
DA:18,0
DA:22,1
DA:23,0
DA:26,0
DA:39,0
DA:40,0
DA:41,0
DA:43,0
DA:44,0
DA:45,0
DA:47,0
DA:48,0
DA:49,0
DA:52,0
DA:53,0
DA:56,0
DA:58,0
DA:59,0
DA:60,0
DA:61,0
DA:63,0
DA:64,0
DA:65,0
DA:67,0
DA:68,0
DA:69,0
DA:71,0
DA:72,0
DA:73,0
DA:76,0
DA:77,0
DA:81,0
LF:39
LH:7
BRDA:18,0,0,0
BRDA:18,0,1,0
BRDA:18,1,0,0
BRDA:18,1,1,0
BRDA:47,2,0,0
BRDA:47,2,1,0
BRDA:71,3,0,0
BRDA:71,3,1,0
BRF:8
BRH:0
end_of_record
TN:
SF:src\payments\payment-methods.controller.ts
FN:8,(anonymous_4)
FN:14,(anonymous_5)
FN:50,(anonymous_6)
FNF:3
FNH:0
FNDA:0,(anonymous_4)
FNDA:0,(anonymous_5)
FNDA:0,(anonymous_6)
DA:1,0
DA:2,0
DA:3,0
DA:4,0
DA:7,0
DA:10,0
DA:14,0
DA:15,0
DA:19,0
DA:21,0
DA:50,0
LF:11
LH:0
BRDA:19,0,0,0
BRDA:19,0,1,0
BRDA:10,1,0,0
BRDA:10,1,1,0
BRDA:10,2,0,0
BRDA:10,2,1,0
BRF:6
BRH:0
end_of_record
TN:
SF:src\payments\payments.controller.ts
FN:28,(anonymous_4)
FN:57,(anonymous_5)
FN:68,(anonymous_6)
FN:76,(anonymous_7)
FN:39,(anonymous_8)
FNF:5
FNH:1
FNDA:1,(anonymous_4)
FNDA:0,(anonymous_5)
FNDA:0,(anonymous_6)
FNDA:0,(anonymous_7)
FNDA:0,(anonymous_8)
DA:1,1
DA:14,1
DA:16,1
DA:17,1
DA:18,1
DA:19,1
DA:20,1
DA:21,1
DA:22,1
DA:23,1
DA:24,1
DA:27,1
DA:29,1
DA:30,1
DA:40,0
DA:46,0
DA:47,0
DA:51,0
DA:53,0
DA:57,1
DA:62,0
DA:68,1
DA:69,0
DA:76,1
DA:81,0
DA:82,0
DA:83,0
DA:85,0
DA:97,0
LF:29
LH:17
BRDA:82,0,0,0
BRDA:82,0,1,0
BRDA:87,1,0,0
BRDA:87,1,1,0
BRDA:88,2,0,0
BRDA:88,2,1,0
BRDA:46,3,0,0
BRDA:46,3,1,0
BRDA:59,4,0,1
BRDA:59,4,1,0
BRDA:59,5,0,1
BRDA:59,5,1,1
BRDA:59,6,0,0
BRDA:59,6,1,1
BRDA:59,7,0,1
BRDA:59,7,1,0
BRDA:59,7,2,0
BRDA:29,8,0,1
BRDA:29,8,1,0
BRDA:29,9,0,1
BRDA:29,9,1,1
BRDA:29,10,0,1
BRDA:29,10,1,0
BRDA:29,11,0,1
BRDA:29,11,1,1
BRF:25
BRH:11
end_of_record
TN:
SF:src\payments\payments.service.ts
FN:41,(anonymous_4)
FN:68,(anonymous_5)
FN:74,(anonymous_6)
FN:189,(anonymous_7)
FN:196,(anonymous_8)
FN:205,(anonymous_9)
FN:212,(anonymous_10)
FN:214,(anonymous_11)
FN:250,(anonymous_12)
FN:264,(anonymous_13)
FN:272,(anonymous_14)
FN:273,(anonymous_15)
FN:298,(anonymous_16)
FN:308,(anonymous_17)
FN:336,(anonymous_18)
FN:341,(anonymous_19)
FN:348,(anonymous_20)
FN:353,(anonymous_21)
FN:373,(anonymous_22)
FN:374,(anonymous_23)
FN:389,(anonymous_24)
FN:390,(anonymous_25)
FN:411,(anonymous_26)
FN:423,(anonymous_27)
FN:434,(anonymous_28)
FNF:25
FNH:5
FNDA:3,(anonymous_4)
FNDA:0,(anonymous_5)
FNDA:2,(anonymous_6)
FNDA:0,(anonymous_7)
FNDA:0,(anonymous_8)
FNDA:0,(anonymous_9)
FNDA:1,(anonymous_10)
FNDA:1,(anonymous_11)
FNDA:1,(anonymous_12)
FNDA:0,(anonymous_13)
FNDA:0,(anonymous_14)
FNDA:0,(anonymous_15)
FNDA:0,(anonymous_16)
FNDA:0,(anonymous_17)
FNDA:0,(anonymous_18)
FNDA:0,(anonymous_19)
FNDA:0,(anonymous_20)
FNDA:0,(anonymous_21)
FNDA:0,(anonymous_22)
FNDA:0,(anonymous_23)
FNDA:0,(anonymous_24)
FNDA:0,(anonymous_25)
FNDA:0,(anonymous_26)
FNDA:0,(anonymous_27)
FNDA:0,(anonymous_28)
DA:1,3
DA:7,3
DA:8,3
DA:9,3
DA:10,3
DA:16,3
DA:17,3
DA:18,3
DA:19,3
DA:20,3
DA:21,3
DA:22,3
DA:23,3
DA:26,3
DA:27,3
DA:28,3
DA:30,3
DA:38,3
DA:39,3
DA:43,3
DA:45,3
DA:47,3
DA:49,3
DA:51,3
DA:53,3
DA:55,3
DA:56,3
DA:57,3
DA:58,3
DA:59,3
DA:61,3
DA:69,0
DA:70,0
DA:79,2
DA:80,2
DA:81,0
DA:84,2
DA:85,0
DA:88,0
DA:89,0
DA:95,2
DA:98,2
DA:99,0
DA:104,2
DA:105,2
DA:106,0
DA:109,2
DA:115,2
DA:116,0
DA:121,2
DA:122,2
DA:123,0
DA:124,0
DA:130,2
DA:142,2
DA:143,2
DA:145,0
DA:149,0
DA:153,0
DA:156,2
DA:157,1
DA:161,1
DA:164,1
DA:165,1
DA:166,1
DA:167,1
DA:172,1
DA:175,0
DA:176,0
DA:180,0
DA:186,1
DA:190,0
DA:197,0
DA:201,0
DA:202,0
DA:206,0
DA:213,1
DA:215,1
DA:220,1
DA:221,0
DA:224,1
DA:225,0
DA:228,1
DA:229,1
DA:230,1
DA:231,1
DA:234,1
DA:236,1
DA:240,1
DA:241,1
DA:248,1
DA:251,1
DA:254,1
DA:255,1
DA:265,0
DA:268,1
DA:273,0
DA:274,0
DA:279,0
DA:280,0
DA:283,0
DA:284,0
DA:287,0
DA:288,0
DA:291,0
DA:292,0
DA:294,0
DA:299,0
DA:302,0
DA:303,0
DA:308,0
DA:309,0
DA:313,0
DA:314,0
DA:315,0
DA:319,0
DA:325,0
DA:332,0
DA:337,0
DA:341,0
DA:349,0
DA:353,0
DA:374,0
DA:375,0
DA:379,0
DA:380,0
DA:381,0
DA:383,0
DA:384,0
DA:385,0
DA:390,0
DA:391,0
DA:395,0
DA:396,0
DA:397,0
DA:399,0
DA:405,0
DA:406,0
DA:407,0
DA:415,0
DA:416,0
DA:418,0
DA:423,0
DA:424,0
DA:428,0
DA:429,0
DA:432,0
DA:435,0
DA:436,0
DA:441,0
DA:443,0
DA:446,0
LF:152
LH:71
BRDA:69,0,0,0
BRDA:69,0,1,0
BRDA:80,1,0,0
BRDA:80,1,1,2
BRDA:84,2,0,0
BRDA:84,2,1,2
BRDA:88,3,0,0
BRDA:88,3,1,0
BRDA:98,4,0,0
BRDA:98,4,1,2
BRDA:105,5,0,0
BRDA:105,5,1,2
BRDA:105,6,0,2
BRDA:105,6,1,1
BRDA:115,7,0,0
BRDA:115,7,1,2
BRDA:115,8,0,2
BRDA:115,8,1,0
BRDA:122,9,0,0
BRDA:122,9,1,2
BRDA:134,10,0,2
BRDA:134,10,1,2
BRDA:137,11,0,2
BRDA:137,11,1,2
BRDA:138,12,0,2
BRDA:138,12,1,2
BRDA:145,13,0,0
BRDA:145,13,1,0
BRDA:146,14,0,0
BRDA:146,14,1,0
BRDA:156,15,0,1
BRDA:156,15,1,1
BRDA:165,16,0,1
BRDA:165,16,1,0
BRDA:201,17,0,0
BRDA:201,17,1,0
BRDA:220,18,0,0
BRDA:220,18,1,1
BRDA:224,19,0,0
BRDA:224,19,1,1
BRDA:236,20,0,0
BRDA:236,20,1,1
BRDA:254,21,0,1
BRDA:254,21,1,0
BRDA:279,22,0,0
BRDA:279,22,1,0
BRDA:283,23,0,0
BRDA:283,23,1,0
BRDA:288,24,0,0
BRDA:288,24,1,0
BRDA:291,25,0,0
BRDA:291,25,1,0
BRDA:302,26,0,0
BRDA:302,26,1,0
BRDA:313,27,0,0
BRDA:313,27,1,0
BRDA:314,28,0,0
BRDA:314,28,1,0
BRDA:357,29,0,0
BRDA:357,29,1,0
BRDA:379,30,0,0
BRDA:379,30,1,0
BRDA:380,31,0,0
BRDA:380,31,1,0
BRDA:395,32,0,0
BRDA:395,32,1,0
BRDA:396,33,0,0
BRDA:396,33,1,0
BRDA:416,34,0,0
BRDA:416,34,1,0
BRDA:428,35,0,0
BRDA:428,35,1,0
BRDA:435,36,0,0
BRDA:435,36,1,0
BRDA:435,37,0,0
BRDA:435,37,1,0
BRDA:437,38,0,0
BRDA:437,38,1,0
BRDA:43,39,0,3
BRDA:43,39,1,0
BRDA:43,40,0,3
BRDA:43,40,1,3
BRDA:43,41,0,3
BRDA:43,41,1,0
BRDA:43,42,0,3
BRDA:43,42,1,3
BRDA:45,43,0,3
BRDA:45,43,1,0
BRDA:45,44,0,3
BRDA:45,44,1,3
BRDA:47,45,0,3
BRDA:47,45,1,0
BRDA:47,46,0,3
BRDA:47,46,1,3
BRDA:49,47,0,3
BRDA:49,47,1,0
BRDA:49,48,0,3
BRDA:49,48,1,3
BRDA:51,49,0,3
BRDA:51,49,1,0
BRDA:51,50,0,3
BRDA:51,50,1,3
BRDA:53,51,0,3
BRDA:53,51,1,0
BRDA:53,52,0,3
BRDA:53,52,1,3
BRDA:55,53,0,3
BRDA:55,53,1,0
BRDA:55,54,0,3
BRDA:55,54,1,3
BRDA:56,55,0,3
BRDA:56,55,1,0
BRDA:56,56,0,3
BRDA:56,56,1,3
BRDA:57,57,0,3
BRDA:57,57,1,0
BRDA:57,58,0,3
BRDA:57,58,1,3
BRDA:58,59,0,3
BRDA:58,59,1,0
BRDA:58,60,0,3
BRDA:58,60,1,3
BRF:122
BRH:55
end_of_record
TN:
SF:src\payments\payout.controller.ts
FN:31,(anonymous_4)
FN:35,(anonymous_5)
FN:44,(anonymous_6)
FN:51,(anonymous_7)
FN:57,(anonymous_8)
FN:63,(anonymous_9)
FNF:6
FNH:0
FNDA:0,(anonymous_4)
FNDA:0,(anonymous_5)
FNDA:0,(anonymous_6)
FNDA:0,(anonymous_7)
FNDA:0,(anonymous_8)
FNDA:0,(anonymous_9)
DA:1,0
DA:10,0
DA:11,0
DA:12,0
DA:13,0
DA:14,0
DA:15,0
DA:16,0
DA:30,0
DA:31,0
DA:35,0
DA:39,0
DA:44,0
DA:45,0
DA:51,0
DA:52,0
DA:57,0
DA:58,0
DA:63,0
DA:68,0
LF:20
LH:0
BRDA:37,0,0,0
BRDA:37,0,1,0
BRDA:37,1,0,0
BRDA:37,1,1,0
BRDA:31,2,0,0
BRDA:31,2,1,0
BRDA:31,3,0,0
BRDA:31,3,1,0
BRF:8
BRH:0
end_of_record
TN:
SF:src\payments\stripe\stripe-connect.controller.ts
FN:24,(anonymous_4)
FN:32,(anonymous_5)
FN:64,(anonymous_6)
FNF:3
FNH:0
FNDA:0,(anonymous_4)
FNDA:0,(anonymous_5)
FNDA:0,(anonymous_6)
DA:1,0
DA:9,0
DA:10,0
DA:11,0
DA:12,0
DA:13,0
DA:14,0
DA:15,0
DA:16,0
DA:17,0
DA:21,0
DA:22,0
DA:26,0
DA:27,0
DA:32,0
DA:33,0
DA:34,0
DA:37,0
DA:39,0
DA:41,0
DA:42,0
DA:45,0
DA:46,0
DA:51,0
DA:52,0
DA:54,0
DA:55,0
DA:56,0
DA:64,0
DA:65,0
DA:68,0
DA:70,0
LF:32
LH:0
BRDA:37,0,0,0
BRDA:37,0,1,0
BRDA:41,1,0,0
BRDA:41,1,1,0
BRDA:54,2,0,0
BRDA:54,2,1,0
BRDA:68,3,0,0
BRDA:68,3,1,0
BRDA:26,4,0,0
BRDA:26,4,1,0
BRDA:26,5,0,0
BRDA:26,5,1,0
BRDA:26,6,0,0
BRDA:26,6,1,0
BRDA:26,7,0,0
BRDA:26,7,1,0
BRF:16
BRH:0
end_of_record
TN:
SF:src\payments\stripe\stripe-webhook.controller.ts
FN:26,(anonymous_4)
FN:38,(anonymous_5)
FN:127,(anonymous_6)
FNF:3
FNH:0
FNDA:0,(anonymous_4)
FNDA:0,(anonymous_5)
FNDA:0,(anonymous_6)
DA:1,0
DA:9,0
DA:10,0
DA:12,0
DA:13,0
DA:14,0
DA:15,0
DA:16,0
DA:17,0
DA:18,0
DA:23,0
DA:24,0
DA:27,0
DA:28,0
DA:30,0
DA:32,0
DA:34,0
DA:38,0
DA:41,0
DA:42,0
DA:44,0
DA:47,0
DA:52,0
DA:53,0
DA:56,0
DA:57,0
DA:58,0
DA:60,0
DA:61,0
DA:62,0
DA:65,0
DA:66,0
DA:67,0
DA:68,0
DA:69,0
DA:72,0
DA:75,0
DA:76,0
DA:77,0
DA:79,0
DA:80,0
DA:81,0
DA:83,0
DA:84,0
DA:85,0
DA:88,0
DA:89,0
DA:93,0
DA:94,0
DA:97,0
DA:100,0
DA:101,0
DA:102,0
DA:105,0
DA:107,0
DA:108,0
DA:109,0
DA:116,0
DA:117,0
DA:123,0
DA:124,0
DA:128,0
DA:129,0
LF:63
LH:0
BRDA:52,0,0,0
BRDA:52,0,1,0
BRDA:57,1,0,0
BRDA:57,1,1,0
BRDA:60,2,0,0
BRDA:60,2,1,0
BRDA:67,3,0,0
BRDA:67,3,1,0
BRDA:67,4,0,0
BRDA:67,4,1,0
BRDA:75,5,0,0
BRDA:75,5,1,0
BRDA:79,6,0,0
BRDA:79,6,1,0
BRDA:83,7,0,0
BRDA:83,7,1,0
BRDA:89,8,0,0
BRDA:89,8,1,0
BRDA:90,9,0,0
BRDA:90,9,1,0
BRDA:100,10,0,0
BRDA:100,10,1,0
BRDA:105,11,0,0
BRDA:105,11,1,0
BRDA:107,12,0,0
BRDA:107,12,1,0
BRDA:108,13,0,0
BRDA:108,13,1,0
BRDA:116,14,0,0
BRDA:116,14,1,0
BRDA:27,15,0,0
BRDA:27,15,1,0
BRDA:27,16,0,0
BRDA:27,16,1,0
BRDA:27,17,0,0
BRDA:27,17,1,0
BRDA:27,18,0,0
BRDA:27,18,1,0
BRDA:28,19,0,0
BRDA:28,19,1,0
BRDA:28,20,0,0
BRDA:28,20,1,0
BRDA:30,21,0,0
BRDA:30,21,1,0
BRDA:30,22,0,0
BRDA:30,22,1,0
BRDA:32,23,0,0
BRDA:32,23,1,0
BRDA:32,24,0,0
BRDA:32,24,1,0
BRF:50
BRH:0
end_of_record
TN:
SF:src\payments\stripe\stripe.service.ts
FN:20,(anonymous_3)
FN:27,(anonymous_4)
FN:35,(anonymous_5)
FN:39,(anonymous_6)
FN:80,(anonymous_7)
FN:91,(anonymous_8)
FN:103,(anonymous_9)
FN:107,(anonymous_10)
FN:125,(anonymous_11)
FNF:9
FNH:2
FNDA:1,(anonymous_3)
FNDA:0,(anonymous_4)
FNDA:1,(anonymous_5)
FNDA:0,(anonymous_6)
FNDA:0,(anonymous_7)
FNDA:0,(anonymous_8)
FNDA:0,(anonymous_9)
FNDA:0,(anonymous_10)
FNDA:0,(anonymous_11)
DA:1,4
DA:7,4
DA:8,4
DA:10,4
DA:12,4
DA:15,4
DA:16,1
DA:20,1
DA:21,1
DA:22,1
DA:28,0
DA:29,0
DA:36,1
DA:45,0
DA:48,0
DA:50,0
DA:75,0
DA:81,0
DA:93,0
DA:94,0
DA:100,0
DA:104,0
DA:112,0
DA:113,0
DA:115,0
DA:126,0
DA:127,0
DA:131,0
DA:132,0
DA:135,0
DA:136,0
DA:139,0
LF:32
LH:11
BRDA:22,0,0,1
BRDA:22,0,1,1
BRDA:28,1,0,0
BRDA:28,1,1,0
BRDA:45,2,0,0
BRDA:45,2,1,0
BRDA:93,3,0,0
BRDA:93,3,1,0
BRDA:112,4,0,0
BRDA:112,4,1,0
BRDA:121,5,0,0
BRDA:121,5,1,0
BRDA:131,6,0,0
BRDA:131,6,1,0
BRDA:131,7,0,0
BRDA:131,7,1,0
BRDA:135,8,0,0
BRDA:135,8,1,0
BRDA:20,9,0,4
BRDA:20,9,1,0
BRDA:20,10,0,4
BRDA:20,10,1,4
BRF:22
BRH:5
end_of_record
TN:
SF:src\reviews\reviews.controller.ts
FN:14,(anonymous_4)
FN:18,(anonymous_5)
FN:24,(anonymous_6)
FN:30,(anonymous_7)
FN:36,(anonymous_8)
FNF:5
FNH:0
FNDA:0,(anonymous_4)
FNDA:0,(anonymous_5)
FNDA:0,(anonymous_6)
FNDA:0,(anonymous_7)
FNDA:0,(anonymous_8)
DA:1,0
DA:2,0
DA:3,0
DA:4,0
DA:5,0
DA:6,0
DA:7,0
DA:8,0
DA:13,0
DA:14,0
DA:18,0
DA:19,0
DA:24,0
DA:25,0
DA:30,0
DA:31,0
DA:36,0
DA:37,0
LF:18
LH:0
BRDA:18,0,0,0
BRDA:18,0,1,0
BRDA:18,1,0,0
BRDA:18,1,1,0
BRDA:36,2,0,0
BRDA:36,2,1,0
BRDA:36,3,0,0
BRDA:36,3,1,0
BRDA:14,4,0,0
BRDA:14,4,1,0
BRDA:14,5,0,0
BRDA:14,5,1,0
BRF:12
BRH:0
end_of_record
TN:
SF:src\reviews\reviews.service.ts
FN:18,(anonymous_4)
FN:25,(anonymous_5)
FN:59,(anonymous_6)
FN:67,(anonymous_7)
FN:74,(anonymous_8)
FN:84,(anonymous_9)
FNF:6
FNH:3
FNDA:4,(anonymous_4)
FNDA:4,(anonymous_5)
FNDA:0,(anonymous_6)
FNDA:0,(anonymous_7)
FNDA:0,(anonymous_8)
FNDA:1,(anonymous_9)
DA:1,1
DA:8,1
DA:9,1
DA:10,1
DA:11,1
DA:12,1
DA:17,1
DA:20,4
DA:22,4
DA:26,4
DA:30,4
DA:31,0
DA:33,4
DA:34,1
DA:36,3
DA:37,1
DA:40,2
DA:49,2
DA:50,2
DA:52,1
DA:53,1
DA:55,0
DA:60,0
DA:68,0
DA:75,0
DA:76,0
DA:77,0
DA:80,0
DA:81,0
DA:85,1
LF:30
LH:21
BRDA:30,0,0,0
BRDA:30,0,1,4
BRDA:33,1,0,1
BRDA:33,1,1,3
BRDA:36,2,0,1
BRDA:36,2,1,2
BRDA:45,3,0,2
BRDA:45,3,1,2
BRDA:52,4,0,1
BRDA:52,4,1,0
BRDA:76,5,0,0
BRDA:76,5,1,0
BRDA:86,6,0,1
BRDA:86,6,1,1
BRDA:86,6,2,1
BRDA:20,7,0,1
BRDA:20,7,1,0
BRDA:20,8,0,1
BRDA:20,8,1,1
BRDA:20,9,0,1
BRDA:20,9,1,0
BRDA:20,10,0,1
BRDA:20,10,1,1
BRF:23
BRH:17
end_of_record
TN:
SF:src\services\bunny.service.ts
FN:11,(anonymous_11)
FN:17,(anonymous_12)
FN:24,(anonymous_13)
FN:32,(anonymous_14)
FNF:4
FNH:0
FNDA:0,(anonymous_11)
FNDA:0,(anonymous_12)
FNDA:0,(anonymous_13)
FNDA:0,(anonymous_14)
DA:1,0
DA:2,0
DA:3,0
DA:6,0
DA:11,0
DA:12,0
DA:13,0
DA:14,0
DA:18,0
DA:19,0
DA:20,0
DA:21,0
DA:25,0
DA:29,0
DA:33,0
DA:34,0
DA:38,0
DA:39,0
LF:18
LH:0
BRDA:17,0,0,0
BRDA:33,1,0,0
BRDA:33,1,1,0
BRDA:38,2,0,0
BRDA:38,2,1,0
BRDA:11,3,0,0
BRDA:11,3,1,0
BRDA:11,4,0,0
BRDA:11,4,1,0
BRF:9
BRH:0
end_of_record
TN:
SF:src\services\calendar.service.ts
FN:24,(anonymous_2)
FN:26,(anonymous_3)
FN:34,(anonymous_4)
FN:42,(anonymous_5)
FN:58,(anonymous_6)
FN:67,(anonymous_7)
FN:89,(anonymous_8)
FN:129,(anonymous_9)
FN:156,(anonymous_10)
FN:164,(anonymous_11)
FN:175,(anonymous_12)
FNF:11
FNH:0
FNDA:0,(anonymous_2)
FNDA:0,(anonymous_3)
FNDA:0,(anonymous_4)
FNDA:0,(anonymous_5)
FNDA:0,(anonymous_6)
FNDA:0,(anonymous_7)
FNDA:0,(anonymous_8)
FNDA:0,(anonymous_9)
FNDA:0,(anonymous_10)
FNDA:0,(anonymous_11)
FNDA:0,(anonymous_12)
DA:1,3
DA:2,3
DA:3,3
DA:4,3
DA:21,3
DA:22,0
DA:24,0
DA:27,0
DA:35,0
DA:39,0
DA:43,0
DA:51,0
DA:59,0
DA:60,0
DA:64,0
DA:68,0
DA:69,0
DA:72,0
DA:73,0
DA:74,0
DA:79,0
DA:81,0
DA:92,0
DA:93,0
DA:94,0
DA:95,0
DA:97,0
DA:125,0
DA:127,0
DA:129,0
DA:133,0
DA:134,0
DA:135,0
DA:138,0
DA:139,0
DA:142,0
DA:150,0
DA:151,0
DA:152,0
DA:153,0
DA:157,0
DA:173,0
DA:175,0
DA:176,0
DA:177,0
DA:179,0
LF:46
LH:5
BRDA:28,0,0,0
BRDA:28,0,1,0
BRDA:28,0,2,0
BRDA:68,1,0,0
BRDA:68,1,1,0
BRDA:68,2,0,0
BRDA:68,2,1,0
BRDA:83,3,0,0
BRDA:83,3,1,0
BRDA:92,4,0,0
BRDA:92,4,1,0
BRDA:125,5,0,0
BRDA:125,5,1,0
BRDA:127,6,0,0
BRDA:127,6,1,0
BRDA:127,6,2,0
BRDA:133,7,0,0
BRDA:133,7,1,0
BRDA:133,8,0,0
BRDA:133,8,1,0
BRDA:138,9,0,0
BRDA:138,9,1,0
BRDA:144,10,0,0
BRDA:144,10,1,0
BRDA:173,11,0,0
BRDA:173,11,1,0
BRDA:192,12,0,0
BRDA:192,12,1,0
BRDA:24,13,0,3
BRDA:24,13,1,0
BRDA:24,14,0,3
BRDA:24,14,1,3
BRF:32
BRH:3
end_of_record
TN:
SF:src\services\commission.service.ts
FN:16,(anonymous_4)
FN:21,(anonymous_5)
FN:25,(anonymous_6)
FN:29,(anonymous_7)
FN:41,(anonymous_8)
FN:53,(anonymous_9)
FN:67,(anonymous_10)
FN:72,(anonymous_11)
FN:80,(anonymous_12)
FN:93,(anonymous_13)
FN:101,(anonymous_14)
FN:111,(anonymous_15)
FN:118,(anonymous_16)
FNF:13
FNH:11
FNDA:22,(anonymous_4)
FNDA:1,(anonymous_5)
FNDA:15,(anonymous_6)
FNDA:3,(anonymous_7)
FNDA:3,(anonymous_8)
FNDA:10,(anonymous_9)
FNDA:2,(anonymous_10)
FNDA:1,(anonymous_11)
FNDA:0,(anonymous_12)
FNDA:11,(anonymous_13)
FNDA:2,(anonymous_14)
FNDA:2,(anonymous_15)
FNDA:0,(anonymous_16)
DA:1,7
DA:2,7
DA:3,7
DA:4,7
DA:6,7
DA:9,7
DA:10,22
DA:11,22
DA:12,22
DA:13,22
DA:14,22
DA:18,22
DA:22,1
DA:26,15
DA:30,3
DA:31,0
DA:33,3
DA:36,3
DA:37,3
DA:38,3
DA:42,3
DA:43,0
DA:45,3
DA:48,3
DA:49,3
DA:50,3
DA:54,10
DA:55,1
DA:57,9
DA:60,9
DA:61,9
DA:63,9
DA:64,9
DA:68,2
DA:69,2
DA:73,1
DA:74,1
DA:75,1
DA:76,1
DA:77,1
DA:81,0
DA:82,0
DA:84,0
DA:87,0
DA:88,0
DA:89,0
DA:90,0
DA:94,11
DA:95,7
DA:96,5
DA:97,3
DA:98,1
DA:105,2
DA:106,2
DA:107,2
DA:108,2
DA:112,2
DA:113,1
DA:115,1
DA:122,0
DA:123,0
DA:124,0
DA:125,0
LF:63
LH:50
BRDA:30,0,0,0
BRDA:30,0,1,3
BRDA:30,1,0,3
BRDA:30,1,1,0
BRDA:36,2,0,3
BRDA:36,2,1,0
BRDA:42,3,0,0
BRDA:42,3,1,3
BRDA:42,4,0,3
BRDA:42,4,1,0
BRDA:48,5,0,3
BRDA:48,5,1,0
BRDA:54,6,0,1
BRDA:54,6,1,9
BRDA:54,7,0,10
BRDA:54,7,1,1
BRDA:60,8,0,7
BRDA:60,8,1,2
BRDA:62,9,0,7
BRDA:62,9,1,2
BRDA:62,10,0,9
BRDA:62,10,1,8
BRDA:81,11,0,0
BRDA:81,11,1,0
BRDA:81,12,0,0
BRDA:81,12,1,0
BRDA:87,13,0,0
BRDA:87,13,1,0
BRDA:88,14,0,0
BRDA:88,14,1,0
BRDA:88,15,0,0
BRDA:88,15,1,0
BRDA:94,16,0,4
BRDA:94,16,1,7
BRDA:95,17,0,2
BRDA:95,17,1,5
BRDA:96,18,0,2
BRDA:96,18,1,3
BRDA:97,19,0,2
BRDA:97,19,1,1
BRDA:112,20,0,1
BRDA:112,20,1,1
BRDA:18,21,0,7
BRDA:18,21,1,0
BRDA:18,22,0,7
BRDA:18,22,1,7
BRF:46
BRH:29
end_of_record
TN:
SF:src\services\email.service.ts
FN:24,(anonymous_11)
FN:38,(anonymous_12)
FN:53,(anonymous_13)
FN:62,(anonymous_14)
FN:71,(anonymous_15)
FN:106,(anonymous_16)
FNF:6
FNH:6
FNDA:5,(anonymous_11)
FNDA:1,(anonymous_12)
FNDA:2,(anonymous_13)
FNDA:1,(anonymous_14)
FNDA:3,(anonymous_15)
FNDA:3,(anonymous_16)
DA:1,9
DA:2,9
DA:3,9
DA:5,9
DA:6,9
DA:17,9
DA:18,5
DA:20,5
DA:21,5
DA:22,5
DA:24,5
DA:25,5
DA:26,5
DA:27,5
DA:29,5
DA:39,1
DA:40,1
DA:43,1
DA:45,0
DA:46,0
DA:47,0
DA:49,0
DA:54,2
DA:55,0
DA:56,0
DA:58,2
DA:59,2
DA:63,1
DA:64,0
DA:65,0
DA:67,1
DA:68,1
DA:72,3
DA:73,3
DA:75,3
DA:76,3
DA:77,3
DA:79,3
DA:80,3
DA:81,2
DA:90,1
DA:100,3
DA:104,3
DA:105,3
DA:106,3
DA:107,0
DA:112,0
LF:47
LH:37
BRDA:27,0,0,5
BRDA:27,0,1,3
BRDA:31,1,0,5
BRDA:31,1,1,2
BRDA:32,2,0,5
BRDA:32,2,1,5
BRDA:34,3,0,3
BRDA:34,3,1,2
BRDA:39,4,0,1
BRDA:39,4,1,0
BRDA:54,5,0,0
BRDA:54,5,1,2
BRDA:63,6,0,0
BRDA:63,6,1,1
BRDA:72,7,0,0
BRDA:72,7,1,3
BRDA:77,8,0,0
BRDA:77,8,1,3
BRDA:80,9,0,2
BRDA:80,9,1,1
BRDA:83,10,0,2
BRDA:83,10,1,2
BRDA:92,11,0,1
BRDA:92,11,1,1
BRDA:104,12,0,3
BRDA:104,12,1,0
BRDA:24,13,0,9
BRDA:24,13,1,0
BRDA:24,14,0,9
BRDA:24,14,1,9
BRF:30
BRH:23
end_of_record
TN:
SF:src\services\gemini.service.ts
FN:16,(anonymous_2)
FN:20,(anonymous_3)
FN:24,(anonymous_4)
FNF:3
FNH:0
FNDA:0,(anonymous_2)
FNDA:0,(anonymous_3)
FNDA:0,(anonymous_4)
DA:1,0
DA:2,0
DA:11,0
DA:14,0
DA:16,0
DA:17,0
DA:21,0
DA:25,0
DA:26,0
DA:28,0
DA:40,0
DA:41,0
DA:42,0
DA:45,0
DA:46,0
LF:15
LH:0
BRDA:25,0,0,0
BRDA:25,0,1,0
BRDA:40,1,0,0
BRDA:40,1,1,0
BRDA:46,2,0,0
BRDA:46,2,1,0
BRDA:16,3,0,0
BRDA:16,3,1,0
BRDA:16,4,0,0
BRDA:16,4,1,0
BRF:10
BRH:0
end_of_record
TN:
SF:src\services\payout-reconciliation.service.ts
FN:13,(anonymous_4)
FN:19,(anonymous_5)
FN:35,(anonymous_6)
FNF:3
FNH:0
FNDA:0,(anonymous_4)
FNDA:0,(anonymous_5)
FNDA:0,(anonymous_6)
DA:1,0
DA:2,0
DA:3,0
DA:4,0
DA:5,0
DA:6,0
DA:7,0
DA:10,0
DA:11,0
DA:15,0
DA:19,0
DA:20,0
DA:21,0
DA:23,0
DA:30,0
DA:32,0
DA:34,0
DA:35,0
DA:36,0
DA:37,0
DA:44,0
DA:48,0
DA:52,0
DA:53,0
DA:54,0
DA:56,0
DA:64,0
LF:27
LH:0
BRDA:30,0,0,0
BRDA:30,0,1,0
BRDA:36,1,0,0
BRDA:36,1,1,0
BRDA:52,2,0,0
BRDA:52,2,1,0
BRDA:15,3,0,0
BRDA:15,3,1,0
BRDA:15,4,0,0
BRDA:15,4,1,0
BRF:10
BRH:0
end_of_record
TN:
SF:src\services\reminder.service.ts
FN:14,(anonymous_4)
FN:22,(anonymous_5)
FN:55,(anonymous_6)
FN:70,(anonymous_7)
FNF:4
FNH:0
FNDA:0,(anonymous_4)
FNDA:0,(anonymous_5)
FNDA:0,(anonymous_6)
FNDA:0,(anonymous_7)
DA:1,0
DA:2,0
DA:3,0
DA:4,0
DA:5,0
DA:6,0
DA:7,0
DA:8,0
DA:11,0
DA:12,0
DA:16,0
DA:17,0
DA:18,0
DA:22,0
DA:23,0
DA:24,0
DA:25,0
DA:27,0
DA:36,0
DA:38,0
DA:39,0
DA:40,0
DA:42,0
DA:43,0
DA:45,0
DA:46,0
DA:56,0
DA:60,0
DA:61,0
DA:71,0
DA:76,0
LF:31
LH:0
BRDA:43,0,0,0
BRDA:43,0,1,0
BRDA:45,1,0,0
BRDA:45,1,1,0
BRDA:51,2,0,0
BRDA:51,2,1,0
BRDA:51,3,0,0
BRDA:51,3,1,0
BRDA:56,4,0,0
BRDA:56,4,1,0
BRDA:60,5,0,0
BRDA:60,5,1,0
BRDA:66,6,0,0
BRDA:66,6,1,0
BRDA:66,7,0,0
BRDA:66,7,1,0
BRDA:71,8,0,0
BRDA:71,8,1,0
BRDA:76,9,0,0
BRDA:76,9,1,0
BRDA:16,10,0,0
BRDA:16,10,1,0
BRDA:16,11,0,0
BRDA:16,11,1,0
BRDA:16,12,0,0
BRDA:16,12,1,0
BRDA:16,13,0,0
BRDA:16,13,1,0
BRDA:17,14,0,0
BRDA:17,14,1,0
BRDA:17,15,0,0
BRDA:17,15,1,0
BRF:32
BRH:0
end_of_record
TN:
SF:src\users\users.controller.ts
FN:33,(anonymous_4)
FN:36,(anonymous_5)
FN:41,(anonymous_6)
FN:49,(anonymous_7)
FN:57,(anonymous_8)
FN:85,(anonymous_9)
FN:93,(anonymous_10)
FN:98,(anonymous_11)
FN:103,(anonymous_12)
FN:111,(anonymous_13)
FN:69,(anonymous_14)
FNF:11
FNH:0
FNDA:0,(anonymous_4)
FNDA:0,(anonymous_5)
FNDA:0,(anonymous_6)
FNDA:0,(anonymous_7)
FNDA:0,(anonymous_8)
FNDA:0,(anonymous_9)
FNDA:0,(anonymous_10)
FNDA:0,(anonymous_11)
FNDA:0,(anonymous_12)
FNDA:0,(anonymous_13)
FNDA:0,(anonymous_14)
DA:1,0
DA:12,0
DA:13,0
DA:14,0
DA:15,0
DA:16,0
DA:22,0
DA:32,0
DA:33,0
DA:36,0
DA:37,0
DA:41,0
DA:45,0
DA:49,0
DA:53,0
DA:57,0
DA:61,0
DA:70,0
DA:73,0
DA:79,0
DA:81,0
DA:85,0
DA:89,0
DA:93,0
DA:94,0
DA:98,0
DA:99,0
DA:103,0
DA:107,0
DA:111,0
DA:112,0
LF:31
LH:0
BRDA:43,0,0,0
BRDA:43,0,1,0
BRDA:43,1,0,0
BRDA:43,1,1,0
BRDA:51,2,0,0
BRDA:51,2,1,0
BRDA:51,3,0,0
BRDA:51,3,1,0
BRDA:59,4,0,0
BRDA:59,4,1,0
BRDA:59,5,0,0
BRDA:59,5,1,0
BRDA:70,6,0,0
BRDA:70,6,1,0
BRDA:105,7,0,0
BRDA:105,7,1,0
BRDA:105,8,0,0
BRDA:105,8,1,0
BRDA:33,9,0,0
BRDA:33,9,1,0
BRDA:33,10,0,0
BRDA:33,10,1,0
BRF:22
BRH:0
end_of_record
TN:
SF:src\users\users.service.ts
FN:39,(anonymous_13)
FN:54,(anonymous_14)
FN:70,(anonymous_15)
FN:85,(anonymous_16)
FN:117,(anonymous_17)
FN:157,(anonymous_18)
FN:174,(anonymous_19)
FN:185,(anonymous_20)
FN:201,(anonymous_21)
FN:225,(anonymous_22)
FN:226,(anonymous_23)
FN:270,(anonymous_24)
FN:282,(anonymous_25)
FN:283,(anonymous_26)
FN:286,(anonymous_27)
FN:302,(anonymous_28)
FNF:16
FNH:0
FNDA:0,(anonymous_13)
FNDA:0,(anonymous_14)
FNDA:0,(anonymous_15)
FNDA:0,(anonymous_16)
FNDA:0,(anonymous_17)
FNDA:0,(anonymous_18)
FNDA:0,(anonymous_19)
FNDA:0,(anonymous_20)
FNDA:0,(anonymous_21)
FNDA:0,(anonymous_22)
FNDA:0,(anonymous_23)
FNDA:0,(anonymous_24)
FNDA:0,(anonymous_25)
FNDA:0,(anonymous_26)
FNDA:0,(anonymous_27)
FNDA:0,(anonymous_28)
DA:1,0
DA:7,0
DA:8,0
DA:9,0
DA:10,0
DA:11,0
DA:12,0
DA:13,0
DA:14,0
DA:16,0
DA:17,0
DA:24,0
DA:36,0
DA:37,0
DA:41,0
DA:43,0
DA:44,0
DA:45,0
DA:47,0
DA:55,0
DA:63,0
DA:64,0
DA:67,0
DA:71,0
DA:72,0
DA:73,0
DA:76,0
DA:77,0
DA:78,0
DA:79,0
DA:81,0
DA:82,0
DA:86,0
DA:92,0
DA:93,0
DA:97,0
DA:98,0
DA:103,0
DA:107,0
DA:108,0
DA:111,0
DA:112,0
DA:114,0
DA:118,0
DA:121,0
DA:122,0
DA:125,0
DA:131,0
DA:132,0
DA:135,0
DA:136,0
DA:140,0
DA:141,0
DA:145,0
DA:146,0
DA:147,0
DA:148,0
DA:150,0
DA:151,0
DA:153,0
DA:158,0
DA:159,0
DA:161,0
DA:162,0
DA:165,0
DA:167,0
DA:171,0
DA:175,0
DA:179,0
DA:180,0
DA:182,0
DA:189,0
DA:190,0
DA:191,0
DA:194,0
DA:195,0
DA:196,0
DA:197,0
DA:198,0
DA:202,0
DA:206,0
DA:208,0
DA:209,0
DA:210,0
DA:214,0
DA:215,0
DA:216,0
DA:218,0
DA:221,0
DA:222,0
DA:226,0
DA:227,0
DA:231,0
DA:232,0
DA:235,0
DA:248,0
DA:249,0
DA:256,0
DA:257,0
DA:260,0
DA:261,0
DA:265,0
DA:267,0
DA:271,0
DA:272,0
DA:275,0
DA:276,0
DA:283,0
DA:284,0
DA:287,0
DA:288,0
DA:293,0
DA:295,0
DA:298,0
DA:303,0
DA:304,0
DA:305,0
LF:117
LH:0
BRDA:63,0,0,0
BRDA:63,0,1,0
BRDA:72,1,0,0
BRDA:72,1,1,0
BRDA:76,2,0,0
BRDA:76,2,1,0
BRDA:77,3,0,0
BRDA:77,3,1,0
BRDA:78,4,0,0
BRDA:78,4,1,0
BRDA:79,5,0,0
BRDA:79,5,1,0
BRDA:92,6,0,0
BRDA:92,6,1,0
BRDA:97,7,0,0
BRDA:97,7,1,0
BRDA:107,8,0,0
BRDA:107,8,1,0
BRDA:121,9,0,0
BRDA:121,9,1,0
BRDA:121,10,0,0
BRDA:121,10,1,0
BRDA:131,11,0,0
BRDA:131,11,1,0
BRDA:135,12,0,0
BRDA:135,12,1,0
BRDA:140,13,0,0
BRDA:140,13,1,0
BRDA:150,14,0,0
BRDA:150,14,1,0
BRDA:158,15,0,0
BRDA:158,15,1,0
BRDA:161,16,0,0
BRDA:161,16,1,0
BRDA:179,17,0,0
BRDA:179,17,1,0
BRDA:190,18,0,0
BRDA:190,18,1,0
BRDA:206,19,0,0
BRDA:206,19,1,0
BRDA:208,20,0,0
BRDA:208,20,1,0
BRDA:209,21,0,0
BRDA:209,21,1,0
BRDA:215,22,0,0
BRDA:215,22,1,0
BRDA:231,23,0,0
BRDA:231,23,1,0
BRDA:271,24,0,0
BRDA:271,24,1,0
BRDA:271,25,0,0
BRDA:271,25,1,0
BRDA:277,26,0,0
BRDA:277,26,1,0
BRDA:287,27,0,0
BRDA:287,27,1,0
BRDA:287,28,0,0
BRDA:287,28,1,0
BRDA:289,29,0,0
BRDA:289,29,1,0
BRDA:41,30,0,0
BRDA:41,30,1,0
BRDA:41,31,0,0
BRDA:41,31,1,0
BRDA:41,32,0,0
BRDA:41,32,1,0
BRDA:41,33,0,0
BRDA:41,33,1,0
BRDA:43,34,0,0
BRDA:43,34,1,0
BRDA:43,35,0,0
BRDA:43,35,1,0
BRDA:44,36,0,0
BRDA:44,36,1,0
BRDA:44,37,0,0
BRDA:44,37,1,0
BRF:76
BRH:0
end_of_record
